Log file open, 07/06/18 02:16:10
LogWindows: Failed to load 'aqProf.dll' (GetLastError=126)
LogWindows: File 'aqProf.dll' does not exist
LogWindows: Failed to load 'VSPerf140.dll' (GetLastError=126)
LogWindows: File 'VSPerf140.dll' does not exist
LogWindows: Failed to load 'VtuneApi.dll' (GetLastError=126)
LogWindows: File 'VtuneApi.dll' does not exist
LogWindows: Failed to load 'VtuneApi32e.dll' (GetLastError=126)
LogWindows: File 'VtuneApi32e.dll' does not exist
LogInit: Display: Running engine for game: DCJnO
LogPlatformFile: Not using cached read wrapper
LogInit: Display: RandInit(-232423346) SRandInit(-232423346).
LogTaskGraph: Started task graph with 5 named threads and 8 total threads with 3 sets of task threads.
LogStats: Stats thread started at 0.404104
LogD3D11RHI: Aftermath initialized
LogPluginManager: Mounting plugin Paper2D
LogPluginManager: Mounting plugin LightPropagationVolume
LogPluginManager: Mounting plugin CodeLiteSourceCodeAccess
LogPluginManager: Mounting plugin GitSourceControl
LogPluginManager: Mounting plugin KDevelopSourceCodeAccess
LogPluginManager: Mounting plugin NullSourceCodeAccess
LogPluginManager: Mounting plugin PerforceSourceControl
LogPluginManager: Mounting plugin SubversionSourceControl
LogPluginManager: Mounting plugin UObjectPlugin
LogPluginManager: Mounting plugin VisualStudioSourceCodeAccess
LogPluginManager: Mounting plugin XCodeSourceCodeAccess
LogPluginManager: Mounting plugin AssetManagerEditor
LogPluginManager: Mounting plugin AudioCapture
LogPluginManager: Mounting plugin FacialAnimation
LogPluginManager: Mounting plugin GameplayTagsEditor
LogPluginManager: Mounting plugin MobileLauncherProfileWizard
LogPluginManager: Mounting plugin PluginBrowser
LogPluginManager: Mounting plugin SpeedTreeImporter
LogPluginManager: Mounting plugin AlembicImporter
LogPluginManager: Mounting plugin CharacterAI
LogPluginManager: Mounting plugin HTML5Networking
LogPluginManager: Mounting plugin AndroidMedia
LogPluginManager: Mounting plugin AvfMedia
LogPluginManager: Mounting plugin MediaPlayerEditor
LogPluginManager: Mounting plugin WmfMedia
LogPluginManager: Mounting plugin TcpMessaging
LogPluginManager: Mounting plugin UdpMessaging
LogPluginManager: Mounting plugin LevelSequenceEditor
LogPluginManager: Mounting plugin MatineeToLevelSequence
LogPluginManager: Mounting plugin OnlineSubsystemGooglePlay
LogPluginManager: Mounting plugin OnlineSubsystemIOS
LogPluginManager: Mounting plugin OnlineSubsystem
LogPluginManager: Mounting plugin OnlineSubsystemNull
LogPluginManager: Mounting plugin OnlineSubsystemUtils
LogPluginManager: Mounting plugin AndroidDeviceProfileSelector
LogPluginManager: Mounting plugin AndroidMoviePlayer
LogPluginManager: Mounting plugin AndroidPermission
LogPluginManager: Mounting plugin AppleMoviePlayer
LogPluginManager: Mounting plugin ArchVisCharacter
LogPluginManager: Mounting plugin CableComponent
LogPluginManager: Mounting plugin CustomMeshComponent
LogPluginManager: Mounting plugin ExampleDeviceProfileSelector
LogPluginManager: Mounting plugin GoogleCloudMessaging
LogPluginManager: Mounting plugin ImmediatePhysics
LogPluginManager: Mounting plugin IOSDeviceProfileSelector
LogPluginManager: Mounting plugin LinuxDeviceProfileSelector
LogPluginManager: Mounting plugin LocationServicesBPLibrary
LogPluginManager: Mounting plugin MobilePatchingUtils
LogPluginManager: Mounting plugin OculusVR
LogPluginManager: Mounting plugin PhysXVehicles
LogPluginManager: Mounting plugin ProceduralMeshComponent
LogPluginManager: Mounting plugin RuntimePhysXCooking
LogPluginManager: Mounting plugin SteamVR
LogPluginManager: Mounting plugin WindowsMoviePlayer
LogInit: Using libcurl 7.47.1
LogInit:  - built for x86_64-pc-win32
LogInit:  - supports SSL with OpenSSL/1.0.2g
LogInit:  - supports HTTP deflate (compression) using libz 1.2.8
LogInit:  - other features:
LogInit:      CURL_VERSION_SSL
LogInit:      CURL_VERSION_LIBZ
LogInit:      CURL_VERSION_IPV6
LogInit:      CURL_VERSION_ASYNCHDNS
LogInit:      CURL_VERSION_LARGEFILE
LogInit:      CURL_VERSION_IDN
LogInit:  CurlRequestOptions (configurable via config and command line):
LogInit:  - bVerifyPeer = false  - Libcurl will NOT verify peer certificate
LogInit:  - bUseHttpProxy = false  - Libcurl will NOT use HTTP proxy
LogInit:  - bDontReuseConnections = false  - Libcurl will reuse connections
LogInit:  - CertBundlePath = nullptr  - Libcurl will use whatever was configured at build time.
LogInit: Build: ++UE4+Release-4.17-CL-3658906
LogInit: Engine Version: 4.17.2-3658906+++UE4+Release-4.17
LogInit: Compatible Engine Version: 4.17.0-3573198+++UE4+Release-4.17
LogInit: Net CL: 3573198
LogDevObjectVersion: Number of dev versions registered: 16
LogDevObjectVersion:   Dev-Blueprints (B0D832E4-1F89-4F0D-ACCF-7EB736FD4AA2): 10
LogDevObjectVersion:   Dev-Build (E1C64328-A22C-4D53-A36C-8E866417BD8C): 0
LogDevObjectVersion:   Dev-Core (375EC13C-06E4-48FB-B500-84F0262A717E): 2
LogDevObjectVersion:   Dev-Editor (E4B068ED-F494-42E9-A231-DA0B2E46BB41): 20
LogDevObjectVersion:   Dev-Framework (CFFC743F-43B0-4480-9391-14DF171D2073): 28
LogDevObjectVersion:   Dev-Mobile (B02B49B5-BB20-44E9-A304-32B752E40360): 0
LogDevObjectVersion:   Dev-Networking (A4E4105C-59A1-49B5-A7C5-40C4547EDFEE): 0
LogDevObjectVersion:   Dev-Online (39C831C9-5AE6-47DC-9A44-9C173E1C8E7C): 0
LogDevObjectVersion:   Dev-Physics (78F01B33-EBEA-4F98-B9B4-84EACCB95AA2): 0
LogDevObjectVersion:   Dev-Platform (6631380F-2D4D-43E0-8009-CF276956A95A): 0
LogDevObjectVersion:   Dev-Rendering (12F88B9F-8875-4AFC-A67C-D90C383ABD29): 19
LogDevObjectVersion:   Dev-Sequencer (7B5AE74C-D270-4C10-A958-57980B212A5A): 4
LogDevObjectVersion:   Dev-VR (D7296918-1DD6-4BDD-9DE2-64A83CC13884): 0
LogDevObjectVersion:   Dev-LoadTimes (C2A15278-BFE7-4AFE-6C17-90FF531DF755): 1
LogDevObjectVersion:   Private-Geometry (6EACA3D4-40EC-4CC1-B786-8BED09428FC5): 1
LogDevObjectVersion:   Dev-AnimPhys (29E575DD-E0A3-4627-9D10-D276232CDCEA): 7
LogInit: Compiled (64-bit): Sep 22 2017 13:47:16
LogInit: Compiled with Visual C++: 19.00.24215.01
LogInit: Build Configuration: Development
LogInit: Branch Name: ++UE4+Release-4.17
LogInit: Command line: -EpicPortal 
LogInit: Base directory: C:/Program Files/Epic Games/UE_4.17/Engine/Binaries/Win64/
LogInit: Installed Engine Build: 1
LogInit: Presizing for max 8388607 objects, including 0 objects not considered by GC, pre-allocating 0 bytes for permanent pool.
LogInit: Object subsystem initialized
[2018.07.06-01.16.13:690][  0]LogInit: Selected Device Profile: [Windows]
[2018.07.06-01.16.13:690][  0]LogInit: Applying CVar settings loaded from the selected device profile: [Windows]
[2018.07.06-01.16.13:783][  0]LogInit: Computer: STARLORD
[2018.07.06-01.16.13:783][  0]LogInit: User: oaste
[2018.07.06-01.16.13:783][  0]LogInit: CPU Page size=4096, Cores=2
[2018.07.06-01.16.13:783][  0]LogInit: High frequency timer resolution =2.240911 MHz
[2018.07.06-01.16.13:784][  0]LogMemory: Memory total: Physical=7.8GB (8GB approx)
[2018.07.06-01.16.13:784][  0]LogMemory: Platform Memory Stats for Windows
[2018.07.06-01.16.13:784][  0]LogMemory: Process Physical Memory: 278.55 MB used, 278.55 MB peak
[2018.07.06-01.16.13:784][  0]LogMemory: Process Virtual Memory: 277.16 MB used, 277.16 MB peak
[2018.07.06-01.16.13:784][  0]LogMemory: Physical Memory: 6164.01 MB used,  1798.14 MB free, 7962.15 MB total
[2018.07.06-01.16.13:784][  0]LogMemory: Virtual Memory: 4792.99 MB used,  1798.14 MB free, 134217728.00 MB total
[2018.07.06-01.16.14:699][  0]LogInit: Using OS detected language (en-GB).
[2018.07.06-01.16.14:699][  0]LogInit: Using OS detected locale (en-GB).
[2018.07.06-01.16.14:723][  0]LogTextLocalizationManager: No specific localization for 'en-GB' exists, so the 'en' localization will be used.
[2018.07.06-01.16.16:959][  0]LogD3D11RHI: D3D11 adapters:
[2018.07.06-01.16.17:075][  0]LogD3D11RHI:    0. 'Intel(R) HD Graphics Family' (Feature Level 11_0)
[2018.07.06-01.16.17:075][  0]LogD3D11RHI:       112/0/2048 MB DedicatedVideo/DedicatedSystem/SharedSystem, Outputs:1, VendorId:0x8086
[2018.07.06-01.16.17:081][  0]LogD3D11RHI:    1. 'Microsoft Basic Render Driver' (Feature Level 11_0)
[2018.07.06-01.16.17:081][  0]LogD3D11RHI:       0/0/3981 MB DedicatedVideo/DedicatedSystem/SharedSystem, Outputs:0, VendorId:0x1414
[2018.07.06-01.16.17:081][  0]LogD3D11RHI: Chosen D3D11 Adapter: 0
[2018.07.06-01.16.17:112][  0]LogD3D11RHI: Creating new Direct3DDevice
[2018.07.06-01.16.17:112][  0]LogD3D11RHI:     GPU DeviceId: 0xa16 (for the marketing name, search the web for "GPU Device Id")
[2018.07.06-01.16.17:112][  0]LogWindows: EnumDisplayDevices:
[2018.07.06-01.16.17:113][  0]LogWindows:    0. 'Intel(R) HD Graphics Family' (P:1 D:1)
[2018.07.06-01.16.17:113][  0]LogWindows:    1. 'Intel(R) HD Graphics Family' (P:0 D:0)
[2018.07.06-01.16.17:114][  0]LogWindows:    2. 'Intel(R) HD Graphics Family' (P:0 D:0)
[2018.07.06-01.16.17:114][  0]LogWindows: DebugString: GetVideoDriverDetailsInvalid PrimaryIsNotTheChoosenAdapter GetVideoDriverDetailsInvalid PrimaryIsNotTheChoosenAdapter GetVideoDriverDetailsInvalid PrimaryIsNotTheChoosenAdapter FoundDriverCount:0 
[2018.07.06-01.16.17:114][  0]LogD3D11RHI:     Adapter Name: Intel(R) HD Graphics Family
[2018.07.06-01.16.17:114][  0]LogD3D11RHI:   Driver Version: Unknown (internal:Unknown, unified:Unknown)
[2018.07.06-01.16.17:114][  0]LogD3D11RHI:      Driver Date: Unknown
[2018.07.06-01.16.17:114][  0]LogRHI: Texture pool is 795 MB (70% of 1136 MB)
[2018.07.06-01.16.17:139][  0]LogD3D11RHI: Async texture creation enabled
[2018.07.06-01.16.17:164][  0]LogD3D11RHI: GPU Timing Frequency: 12.500000 (Debug: 2 0)
[2018.07.06-01.16.17:169][  0]LogShaderCompilers: Guid format shader working directory is -17 characters bigger than the processId version (../../../../../../Users/oaste/Documents/Unreal Projects/DCJnO/Intermediate/Shaders/WorkingDirectory/113500/).
[2018.07.06-01.16.17:172][  0]LogShaderCompilers: Cleaned the shader compiler working directory 'C:/Users/oaste/AppData/Local/Temp/UnrealShaderWorkingDir/1B36D02044259414CBF9828B54ADFFC8/'.
[2018.07.06-01.16.17:172][  0]LogShaderCompilers: Display: Using Local Shader Compiler.
[2018.07.06-01.16.21:257][  0]LogTemp: Display: Loaded TP AllDesktopTargetPlatform
[2018.07.06-01.16.21:672][  0]LogTemp: Display: Loaded TP MacClientTargetPlatform
[2018.07.06-01.16.22:119][  0]LogTemp: Display: Loaded TP MacNoEditorTargetPlatform
[2018.07.06-01.16.22:467][  0]LogTemp: Display: Loaded TP MacServerTargetPlatform
[2018.07.06-01.16.22:843][  0]LogTemp: Display: Loaded TP MacTargetPlatform
[2018.07.06-01.16.23:159][  0]LogTemp: Display: Loaded TP WindowsClientTargetPlatform
[2018.07.06-01.16.23:583][  0]LogTemp: Display: Loaded TP WindowsNoEditorTargetPlatform
[2018.07.06-01.16.24:041][  0]LogTemp: Display: Loaded TP WindowsServerTargetPlatform
[2018.07.06-01.16.24:364][  0]LogTemp: Display: Loaded TP WindowsTargetPlatform
[2018.07.06-01.16.24:809][  0]LogTemp: Display: Loaded TP AndroidTargetPlatform
[2018.07.06-01.16.25:201][  0]LogTemp: Display: Loaded TP Android_ASTCTargetPlatform
[2018.07.06-01.16.25:796][  0]LogTemp: Display: Loaded TP Android_ATCTargetPlatform
[2018.07.06-01.16.26:194][  0]LogTemp: Display: Loaded TP Android_DXTTargetPlatform
[2018.07.06-01.16.26:499][  0]LogTemp: Display: Loaded TP Android_ETC1TargetPlatform
[2018.07.06-01.16.26:872][  0]LogTemp: Display: Loaded TP Android_ETC2TargetPlatform
[2018.07.06-01.16.27:698][  0]LogTemp: Display: Loaded TP Android_MultiTargetPlatform
[2018.07.06-01.16.27:699][  0]LogTemp: Display: Loaded TP Android_PVRTCTargetPlatform
[2018.07.06-01.16.28:083][  0]LogTemp: Display: Loaded TP HTML5TargetPlatform
[2018.07.06-01.16.28:969][  0]LogTemp: Display: Loaded TP IOSTargetPlatform
[2018.07.06-01.16.29:145][  0]LogTemp: Display: Loaded TP TVOSTargetPlatform
[2018.07.06-01.16.29:535][  0]LogTemp: Display: Loaded TP LinuxClientTargetPlatform
[2018.07.06-01.16.29:869][  0]LogTemp: Display: Loaded TP LinuxNoEditorTargetPlatform
[2018.07.06-01.16.30:178][  0]LogTemp: Display: Loaded TP LinuxServerTargetPlatform
[2018.07.06-01.16.30:469][  0]LogTemp: Display: Loaded TP LinuxTargetPlatform
[2018.07.06-01.16.30:470][  0]LogTargetPlatformManager: Display: Building Assets For Windows
[2018.07.06-01.16.33:420][  0]LogDerivedDataCache: Display: Max Cache Size: 512 MB
[2018.07.06-01.16.33:824][  0]LogDerivedDataCache: Loaded boot cache 0.40s 93MB C:/Users/oaste/AppData/Local/UnrealEngine/4.17/DerivedDataCache/Boot.ddc.
[2018.07.06-01.16.33:824][  0]LogDerivedDataCache: Display: Loaded Boot cache: C:/Users/oaste/AppData/Local/UnrealEngine/4.17/DerivedDataCache/Boot.ddc
[2018.07.06-01.16.33:824][  0]LogDerivedDataCache: FDerivedDataBackendGraph:  Pak pak cache file ../../../../../../Users/oaste/Documents/Unreal Projects/DCJnO/DerivedDataCache/DDC.ddp not found, will not use a pak cache.
[2018.07.06-01.16.33:824][  0]LogDerivedDataCache: Unable to find inner node Pak for hierarchical cache Hierarchy.
[2018.07.06-01.16.33:824][  0]LogDerivedDataCache: FDerivedDataBackendGraph:  CompressedPak pak cache file ../../../../../../Users/oaste/Documents/Unreal Projects/DCJnO/DerivedDataCache/Compressed.ddp not found, will not use a pak cache.
[2018.07.06-01.16.33:824][  0]LogDerivedDataCache: Unable to find inner node CompressedPak for hierarchical cache Hierarchy.
[2018.07.06-01.16.33:919][  0]LogDerivedDataCache: Display: Pak cache opened for reading ../../../Engine/DerivedDataCache/Compressed.ddp.
[2018.07.06-01.16.33:936][  0]LogDerivedDataCache: Using Local data cache path C:/Users/oaste/AppData/Local/UnrealEngine/Common/DerivedDataCache: Writable
[2018.07.06-01.16.33:979][  0]LogMaterial: Verifying Global Shaders for PCD3D_SM5
[2018.07.06-01.16.33:980][  0]LogSlate: Using Freetype 2.6.0
[2018.07.06-01.16.33:984][  0]LogSlate: SlateFontCache - WITH_FREETYPE: 1, WITH_HARFBUZZ: 1
[2018.07.06-01.16.33:984][  0]LogSlate: SlateFontCache - WITH_FREETYPE: 1, WITH_HARFBUZZ: 1
[2018.07.06-01.16.35:322][  0]LogAssetRegistry: FAssetRegistry took 0.0557 seconds to start up
[2018.07.06-01.16.36:084][  0]LogInit: Selected Device Profile: [Windows]
[2018.07.06-01.16.36:652][  0]LogContentStreaming: Texture pool size is 0.00 MB
[2018.07.06-01.16.38:434][  0]LogSimplygon: Simplygon DLL not present - disabling.
[2018.07.06-01.16.38:823][  0]LogMeshReduction: Using SimplygonSwarm for distributed automatic mesh merging
[2018.07.06-01.16.38:823][  0]LogMeshReduction: Using QuadricMeshReduction for automatic static mesh reduction
[2018.07.06-01.16.38:824][  0]LogMeshReduction: No automatic skeletal mesh reduction module available
[2018.07.06-01.16.38:824][  0]LogMeshReduction: No automatic mesh merging module available
[2018.07.06-01.16.38:824][  0]LogMeshMerging: No automatic mesh merging module available
[2018.07.06-01.16.40:194][  0]LogNetVersion: DCJnO , NetCL: 3573198, EngineNetVer: 2, GameNetVer: 0 (Checksum: 2143308826)
[2018.07.06-01.16.41:480][  0]LogPackageLocalizationCache: Processed 5 localized package path(s) for 2 prioritized culture(s) in 0.436230 seconds
[2018.07.06-01.16.41:495][  0]LogUObjectArray: 35825 objects as part of root set at end of initial load.
[2018.07.06-01.16.41:495][  0]LogUObjectAllocator: 7529104 out of 0 bytes used by permanent object pool.
[2018.07.06-01.16.41:495][  0]LogUObjectArray: CloseDisregardForGC: 0/0 objects in disregard for GC pool
[2018.07.06-01.16.41:938][  0]LogInit: WinSock: version 1.1 (2.2), MaxSocks=32767, MaxUdp=65467
[2018.07.06-01.16.54:913][  0]LogTcpMessaging: Initializing TcpMessaging bridge
[2018.07.06-01.16.55:053][  0]LogUdpMessaging: Initializing bridge on interface 0.0.0.0:0 to multicast group 230.0.0.1:6666.
[2018.07.06-01.16.58:146][  0]LogMaterial: Uniform references updated for custom material expression Custom.
[2018.07.06-01.17.00:317][  0]SourceControl: Source control is disabled
[2018.07.06-01.17.00:317][  0]SourceControl: Source control is disabled
[2018.07.06-01.17.00:636][  0]SourceControl: Source control is disabled
[2018.07.06-01.17.00:926][  0]SourceControl: Source control is disabled
[2018.07.06-01.17.04:934][  0]LogAndroidPermission: UAndroidPermissionCallbackProxy::GetInstance
[2018.07.06-01.17.06:824][  0]LogOcInput: OculusInput pre-init called
[2018.07.06-01.17.08:704][  0]LogEngine: Initializing Engine...
[2018.07.06-01.17.08:711][  0]LogHMD: Failed to initialize OpenVR with code 110
[2018.07.06-01.17.09:603][  0]LogStats: UGameplayTagsManager::ConstructGameplayTagTree: Construct from data asset -  0.000 s
[2018.07.06-01.17.09:603][  0]LogStats: UGameplayTagsManager::ConstructGameplayTagTree: GameplayTagTreeChangedEvent.Broadcast -  0.000 s
[2018.07.06-01.17.10:398][  0]LogAIModule: Creating AISystem for world Untitled
[2018.07.06-01.17.10:425][  0]LogInit: XAudio2 using 'Speaker/HP (Realtek High Definition Audio)' : 2 channels at 48 kHz using 16 bits per sample (channel mask 0x3)
[2018.07.06-01.17.10:493][  0]LogInit: FAudioDevice initialized.
[2018.07.06-01.17.11:545][  0]LogDerivedDataCache: Saved boot cache 1.05s 93MB C:/Users/oaste/AppData/Local/UnrealEngine/4.17/DerivedDataCache/Boot.ddc.
[2018.07.06-01.17.11:604][  0]LogInit: Texture streaming: Enabled
[2018.07.06-01.17.12:250][  0]LogEngineSessionManager: EngineSessionManager initialized
[2018.07.06-01.17.14:513][  0]LogInit: Transaction tracking system initialized
[2018.07.06-01.17.16:627][  0]BlueprintLog: New page: Editor Load
[2018.07.06-01.17.21:937][  0]LocalizationService: Localization service is disabled
[2018.07.06-01.17.26:917][  0]LogConsoleResponse: Display: 
[2018.07.06-01.17.27:821][  0]LogFileCache: Scanning file cache for directory 'C:/Users/oaste/Documents/Unreal Projects/DCJnO/Content/' took 0.12s
[2018.07.06-01.17.27:821][  0]LogCook: Display: Max memory allowance for cook 16384mb min free memory 0mb
[2018.07.06-01.17.27:821][  0]LogCook: Display: Mobile HDR setting 1
[2018.07.06-01.17.27:821][  0]LogGameplayTags: Display: UGameplayTagsManager::DoneAddingNativeTags. DelegateIsBound: 0
[2018.07.06-01.17.34:910][  0]SourceControl: Source control is disabled
[2018.07.06-01.17.34:911][  0]Cmd: MAP LOAD FILE="../../../Engine/Content/Maps/Templates/Template_Default.umap" TEMPLATE=1 SHOWPROGRESS=1 FEATURELEVEL=3
[2018.07.06-01.17.34:913][  0]LightingResults: New page: Lighting Build
[2018.07.06-01.17.35:122][  0]MapCheck: New page: Map Check
[2018.07.06-01.17.35:122][  0]LightingResults: New page: Lighting Build
[2018.07.06-01.17.39:714][  0]LogAIModule: Creating AISystem for world Untitled_1
[2018.07.06-01.17.39:736][  0]LogEditorServer: Finished looking for orphan Actors (0.000 secs)
[2018.07.06-01.17.40:631][  0]Cmd: MAP CHECKDEP NOCLEARLOG
[2018.07.06-01.17.40:953][  0]MapCheck: Map check complete: 0 Error(s), 0 Warning(s), took 321.713ms to complete.
[2018.07.06-01.17.40:953][  0]LogFileHelpers: Loading map 'Template_Default' took 6.042
[2018.07.06-01.17.44:292][  0]LogCollectionManager: Loaded 0 collections in 0.029928 seconds
[2018.07.06-01.17.45:539][  0]LogFileCache: Scanning file cache for directory 'C:/Users/oaste/Documents/Unreal Projects/DCJnO/Saved/Collections/' took 0.01s
[2018.07.06-01.17.45:539][  0]LogFileCache: Scanning file cache for directory 'C:/Users/oaste/Documents/Unreal Projects/DCJnO/Content/Developers/oaste/Collections/' took 0.02s
[2018.07.06-01.17.45:539][  0]LogFileCache: Scanning file cache for directory 'C:/Users/oaste/Documents/Unreal Projects/DCJnO/Content/Collections/' took 0.00s
[2018.07.06-01.17.45:539][  0]LogCollectionManager: Rebuilt the GUID cache for 0 collections in 0.000000 seconds
[2018.07.06-01.17.45:908][  0]LogContentBrowser: Native class hierarchy populated in 0.2484 seconds. Added 2386 classes and 500 folders.
[2018.07.06-01.17.46:503][  0]LogContentBrowser: Native class hierarchy updated for 'WidgetCarousel' in 0.0015 seconds. Added 0 classes and 0 folders.
[2018.07.06-01.17.51:090][  0]LogContentBrowser: Native class hierarchy updated for 'AddContentDialog' in 0.0014 seconds. Added 0 classes and 0 folders.
[2018.07.06-01.17.51:723][  0]LogContentBrowser: Native class hierarchy updated for 'SceneOutliner' in 0.0015 seconds. Added 1 classes and 2 folders.
[2018.07.06-01.17.52:384][  0]LogSlate: Took 0.000444 seconds to synchronously load lazily loaded font '../../../Engine/Content/Slate/Fonts/Roboto-Regular.ttf' (155K)
[2018.07.06-01.17.52:387][  0]LogSlate: Took 0.000457 seconds to synchronously load lazily loaded font '../../../Engine/Content/Slate/Fonts/Roboto-Bold.ttf' (160K)
[2018.07.06-01.17.52:551][  0]LogSlate: Took 0.054824 seconds to synchronously load lazily loaded font '../../../Engine/Content/Editor/Slate/Fonts/FontAwesome.ttf' (139K)
[2018.07.06-01.17.53:708][  0]LogRenderer: Reallocating scene render targets to support 780x344 Format 10 NumSamples 1 (Frame:1).
[2018.07.06-01.17.57:180][  0]LogContentBrowser: Native class hierarchy updated for 'HierarchicalLODOutliner' in 0.0082 seconds. Added 1 classes and 2 folders.
[2018.07.06-01.17.57:181][  0]LogLoad: (Engine Initialization) Total time: 111.11 seconds
[2018.07.06-01.17.57:181][  0]LogLoad: (Engine Initialization) Total Blueprint compile time: 0.00 seconds
[2018.07.06-01.17.57:181][  0]LogExternalProfiler: No external profilers were discovered.  External profiling features will not be available.
[2018.07.06-01.17.57:735][  0]LogContentStreaming: Texture pool size now 1000 MB
[2018.07.06-01.18.00:160][  6]LogAssetRegistry: Asset discovery search completed in 84.8795 seconds
[2018.07.06-01.18.00:164][  6]LogCollectionManager: Rebuilt the object cache for 0 collections in 0.000001 seconds (found 0 objects)
[2018.07.06-01.18.00:164][  6]LogCollectionManager: Fixed up redirectors for 0 collections in 0.000139 seconds (updated 0 objects)
[2018.07.06-01.18.02:031][ 55]LogSlate: Took 0.130405 seconds to synchronously load lazily loaded font '../../../Engine/Content/Slate/Fonts/Roboto-Light.ttf' (159K)
[2018.07.06-01.18.06:182][ 99]LogSlate: Took 0.000591 seconds to synchronously load lazily loaded font '../../../Engine/Content/Slate/Fonts/Roboto-Light.ttf' (159K)
[2018.07.06-01.18.06:704][ 99]LogAIModule: Creating AISystem for world Map2
[2018.07.06-01.18.06:769][ 99]Cmd: MAP LOAD FILE="../../../../../../Users/oaste/Documents/Unreal Projects/DCJnO/Content/Map2.umap" TEMPLATE=0 SHOWPROGRESS=1 FEATURELEVEL=3
[2018.07.06-01.18.06:769][ 99]LightingResults: New page: Lighting Build
[2018.07.06-01.18.06:770][ 99]LoadErrors: New page: Loading map: Map2.umap
[2018.07.06-01.18.06:771][ 99]MapCheck: New page: Map Check
[2018.07.06-01.18.06:771][ 99]LightingResults: New page: Lighting Build
[2018.07.06-01.18.06:868][ 99]LogEditorServer: Finished looking for orphan Actors (0.000 secs)
[2018.07.06-01.18.07:002][ 99]Cmd: MAP CHECKDEP NOCLEARLOG
[2018.07.06-01.18.07:182][ 99]MapCheck: Map check complete: 0 Error(s), 0 Warning(s), took 179.317ms to complete.
[2018.07.06-01.18.07:182][ 99]LogFileHelpers: Loading map 'Map2' took 0.414
[2018.07.06-01.18.09:148][159]LogTemp: Repeating last play command: Selected Viewport
[2018.07.06-01.18.09:454][159]LogPlayLevel: PlayLevel: No blueprints needed recompiling
[2018.07.06-01.18.09:492][159]PIE: New page: PIE session: Map2 (6 Jul 2018 03:18:09)
[2018.07.06-01.18.09:519][159]LogPlayLevel: Creating play world package: /Game/UEDPIE_0_Map2
[2018.07.06-01.18.09:556][159]LogPlayLevel: PIE: StaticDuplicateObject took: (0.036700s)
[2018.07.06-01.18.09:557][159]LogAIModule: Creating AISystem for world Map2
[2018.07.06-01.18.09:557][159]LogPlayLevel: PIE: World Init took: (0.001315s)
[2018.07.06-01.18.09:558][159]LogPlayLevel: PIE: Created PIE world by copying editor world from /Game/Map2.Map2 to /Game/UEDPIE_0_Map2.Map2 (0.045203s)
[2018.07.06-01.18.09:640][159]LogInit: XAudio2 using 'Speaker/HP (Realtek High Definition Audio)' : 2 channels at 48 kHz using 16 bits per sample (channel mask 0x3)
[2018.07.06-01.18.09:678][159]LogInit: FAudioDevice initialized.
[2018.07.06-01.18.12:553][159]LogLoad: Game class is 'DCGamemode_C'
[2018.07.06-01.18.12:632][159]LogWorld: Bringing World /Game/UEDPIE_0_Map2.Map2 up for play (max tick rate 60) at 2018.07.06-02.18.12
[2018.07.06-01.18.12:653][159]LogWorld: Bringing up level for play took: 0.023084
[2018.07.06-01.18.12:910][159]LogContentBrowser: Native class hierarchy updated for 'MovieSceneCapture' in 0.0016 seconds. Added 11 classes and 0 folders.
[2018.07.06-01.18.12:927][159]LogGameMode: Display: Match State Changed from EnteringMap to WaitingToStart
[2018.07.06-01.18.12:927][159]LogGameState: Match State Changed from EnteringMap to WaitingToStart
[2018.07.06-01.18.12:927][159]LogGameMode: Display: Match State Changed from WaitingToStart to InProgress
[2018.07.06-01.18.13:103][159]LogGameState: Match State Changed from WaitingToStart to InProgress
[2018.07.06-01.18.13:104][159]PIE: Play in editor start time for /Game/UEDPIE_0_Map2 3.978
[2018.07.06-01.18.33:415][746]LogBlueprintUserMessages: [GreenArrowCharacter_C_0] 100.0
[2018.07.06-01.18.33:461][747]LogBlueprintUserMessages: [GreenArrowCharacter_C_0] 200.0
[2018.07.06-01.18.33:516][749]LogBlueprintUserMessages: [GreenArrowCharacter_C_0] 300.0
[2018.07.06-01.18.33:573][751]LogBlueprintUserMessages: [GreenArrowCharacter_C_0] 400.0
[2018.07.06-01.18.33:642][753]LogBlueprintUserMessages: [GreenArrowCharacter_C_0] 500.0
[2018.07.06-01.18.33:702][755]LogBlueprintUserMessages: [GreenArrowCharacter_C_0] 600.0
[2018.07.06-01.18.33:757][757]LogBlueprintUserMessages: [GreenArrowCharacter_C_0] 700.0
[2018.07.06-01.18.33:836][759]LogBlueprintUserMessages: [GreenArrowCharacter_C_0] 800.0
[2018.07.06-01.18.33:904][761]LogBlueprintUserMessages: [GreenArrowCharacter_C_0] 900.0
[2018.07.06-01.18.33:968][763]LogBlueprintUserMessages: [GreenArrowCharacter_C_0] 1000.0
[2018.07.06-01.18.34:022][765]LogBlueprintUserMessages: [GreenArrowCharacter_C_0] 1100.0
[2018.07.06-01.18.34:093][767]LogBlueprintUserMessages: [GreenArrowCharacter_C_0] 1200.0
[2018.07.06-01.18.34:155][769]LogBlueprintUserMessages: [GreenArrowCharacter_C_0] 1300.0
[2018.07.06-01.18.34:231][771]LogBlueprintUserMessages: [GreenArrowCharacter_C_0] 1400.0
[2018.07.06-01.18.34:286][773]LogBlueprintUserMessages: [GreenArrowCharacter_C_0] 1500.0
[2018.07.06-01.18.34:369][775]LogBlueprintUserMessages: [GreenArrowCharacter_C_0] 1600.0
[2018.07.06-01.18.34:419][777]LogBlueprintUserMessages: [GreenArrowCharacter_C_0] 1700.0
[2018.07.06-01.18.34:524][779]LogBlueprintUserMessages: [GreenArrowCharacter_C_0] 1800.0
[2018.07.06-01.18.34:611][780]LogBlueprintUserMessages: [GreenArrowCharacter_C_0] 1900.0
[2018.07.06-01.18.34:665][781]LogBlueprintUserMessages: [GreenArrowCharacter_C_0] 2000.0
[2018.07.06-01.18.34:735][783]LogBlueprintUserMessages: [GreenArrowCharacter_C_0] 2100.0
[2018.07.06-01.18.34:797][785]LogBlueprintUserMessages: [GreenArrowCharacter_C_0] 2200.0
[2018.07.06-01.18.34:858][788]LogBlueprintUserMessages: [GreenArrowCharacter_C_0] 2300.0
[2018.07.06-01.18.34:933][790]LogBlueprintUserMessages: [GreenArrowCharacter_C_0] 2400.0
[2018.07.06-01.18.34:988][792]LogBlueprintUserMessages: [GreenArrowCharacter_C_0] 2500.0
[2018.07.06-01.18.35:062][794]LogBlueprintUserMessages: [GreenArrowCharacter_C_0] 2600.0
[2018.07.06-01.18.35:115][796]LogBlueprintUserMessages: [GreenArrowCharacter_C_0] 2700.0
[2018.07.06-01.18.35:191][798]LogBlueprintUserMessages: [GreenArrowCharacter_C_0] 2800.0
[2018.07.06-01.18.35:273][801]LogBlueprintUserMessages: [GreenArrowCharacter_C_0] 2900.0
[2018.07.06-01.18.35:338][803]LogBlueprintUserMessages: [GreenArrowCharacter_C_0] 3000.0
[2018.07.06-01.18.40:295][950]LogBlueprintUserMessages: [GreenArrowCharacter_C_0] 100.0
[2018.07.06-01.18.40:325][951]LogBlueprintUserMessages: [GreenArrowCharacter_C_0] 200.0
[2018.07.06-01.18.40:650][953]LogBlueprintUserMessages: [GreenArrowCharacter_C_0] 300.0
[2018.07.06-01.18.40:698][955]LogBlueprintUserMessages: [GreenArrowCharacter_C_0] 400.0
[2018.07.06-01.18.40:781][958]LogBlueprintUserMessages: [GreenArrowCharacter_C_0] 500.0
[2018.07.06-01.18.40:850][960]LogBlueprintUserMessages: [GreenArrowCharacter_C_0] 600.0
[2018.07.06-01.18.40:918][962]LogBlueprintUserMessages: [GreenArrowCharacter_C_0] 700.0
[2018.07.06-01.18.40:984][964]LogBlueprintUserMessages: [GreenArrowCharacter_C_0] 800.0
[2018.07.06-01.18.41:052][966]LogBlueprintUserMessages: [GreenArrowCharacter_C_0] 900.0
[2018.07.06-01.18.41:128][968]LogBlueprintUserMessages: [GreenArrowCharacter_C_0] 1000.0
[2018.07.06-01.18.41:186][970]LogBlueprintUserMessages: [GreenArrowCharacter_C_0] 1100.0
[2018.07.06-01.18.41:263][972]LogBlueprintUserMessages: [GreenArrowCharacter_C_0] 1200.0
[2018.07.06-01.18.41:318][974]LogBlueprintUserMessages: [GreenArrowCharacter_C_0] 1300.0
[2018.07.06-01.18.41:384][976]LogBlueprintUserMessages: [GreenArrowCharacter_C_0] 1400.0
[2018.07.06-01.18.41:454][978]LogBlueprintUserMessages: [GreenArrowCharacter_C_0] 1500.0
[2018.07.06-01.18.41:516][980]LogBlueprintUserMessages: [GreenArrowCharacter_C_0] 1600.0
[2018.07.06-01.18.41:591][982]LogBlueprintUserMessages: [GreenArrowCharacter_C_0] 1700.0
[2018.07.06-01.18.41:674][985]LogBlueprintUserMessages: [GreenArrowCharacter_C_0] 1800.0
[2018.07.06-01.18.41:737][987]LogBlueprintUserMessages: [GreenArrowCharacter_C_0] 1900.0
[2018.07.06-01.18.41:801][989]LogBlueprintUserMessages: [GreenArrowCharacter_C_0] 2000.0
[2018.07.06-01.18.41:872][991]LogBlueprintUserMessages: [GreenArrowCharacter_C_0] 2100.0
[2018.07.06-01.18.41:926][993]LogBlueprintUserMessages: [GreenArrowCharacter_C_0] 2200.0
[2018.07.06-01.18.41:990][995]LogBlueprintUserMessages: [GreenArrowCharacter_C_0] 2300.0
[2018.07.06-01.18.42:058][997]LogBlueprintUserMessages: [GreenArrowCharacter_C_0] 2400.0
[2018.07.06-01.18.42:128][999]LogBlueprintUserMessages: [GreenArrowCharacter_C_0] 2500.0
[2018.07.06-01.18.42:298][  1]LogBlueprintUserMessages: [GreenArrowCharacter_C_0] 2600.0
[2018.07.06-01.18.43:790][ 39]LogBlueprintUserMessages: [GreenArrowCharacter_C_0] 100.0
[2018.07.06-01.18.43:797][ 39]LogBlueprintUserMessages: [GreenArrowCharacter_C_0] 200.0
[2018.07.06-01.18.43:849][ 41]LogBlueprintUserMessages: [GreenArrowCharacter_C_0] 300.0
[2018.07.06-01.18.43:909][ 43]LogBlueprintUserMessages: [GreenArrowCharacter_C_0] 400.0
[2018.07.06-01.18.44:006][ 46]LogBlueprintUserMessages: [GreenArrowCharacter_C_0] 500.0
[2018.07.06-01.18.44:076][ 49]LogBlueprintUserMessages: [GreenArrowCharacter_C_0] 600.0
[2018.07.06-01.18.44:154][ 51]LogBlueprintUserMessages: [GreenArrowCharacter_C_0] 700.0
[2018.07.06-01.18.44:209][ 53]LogBlueprintUserMessages: [GreenArrowCharacter_C_0] 800.0
[2018.07.06-01.18.44:294][ 55]LogBlueprintUserMessages: [GreenArrowCharacter_C_0] 900.0
[2018.07.06-01.18.44:343][ 57]LogBlueprintUserMessages: [GreenArrowCharacter_C_0] 1000.0
[2018.07.06-01.18.44:410][ 59]LogBlueprintUserMessages: [GreenArrowCharacter_C_0] 1100.0
[2018.07.06-01.18.44:475][ 61]LogBlueprintUserMessages: [GreenArrowCharacter_C_0] 1200.0
[2018.07.06-01.18.44:541][ 63]LogBlueprintUserMessages: [GreenArrowCharacter_C_0] 1300.0
[2018.07.06-01.18.44:607][ 65]LogBlueprintUserMessages: [GreenArrowCharacter_C_0] 1400.0
[2018.07.06-01.18.45:103][ 67]LogBlueprintUserMessages: [GreenArrowCharacter_C_0] 1500.0
[2018.07.06-01.18.45:185][ 68]LogBlueprintUserMessages: [GreenArrowCharacter_C_0] 1600.0
[2018.07.06-01.18.45:234][ 70]LogBlueprintUserMessages: [GreenArrowCharacter_C_0] 1700.0
[2018.07.06-01.18.45:310][ 73]LogBlueprintUserMessages: [GreenArrowCharacter_C_0] 1800.0
[2018.07.06-01.18.45:382][ 75]LogBlueprintUserMessages: [GreenArrowCharacter_C_0] 1900.0
[2018.07.06-01.18.45:446][ 77]LogBlueprintUserMessages: [GreenArrowCharacter_C_0] 2000.0
[2018.07.06-01.18.45:524][ 79]LogBlueprintUserMessages: [GreenArrowCharacter_C_0] 2100.0
[2018.07.06-01.18.45:578][ 81]LogBlueprintUserMessages: [GreenArrowCharacter_C_0] 2200.0
[2018.07.06-01.18.45:641][ 83]LogBlueprintUserMessages: [GreenArrowCharacter_C_0] 2300.0
[2018.07.06-01.18.46:169][ 99]LogBlueprintUserMessages: [GreenArrowCharacter_C_0] 100.0
[2018.07.06-01.18.46:196][100]LogBlueprintUserMessages: [GreenArrowCharacter_C_0] 200.0
[2018.07.06-01.18.46:271][102]LogBlueprintUserMessages: [GreenArrowCharacter_C_0] 300.0
[2018.07.06-01.18.46:323][104]LogBlueprintUserMessages: [GreenArrowCharacter_C_0] 400.0
[2018.07.06-01.18.46:390][106]LogBlueprintUserMessages: [GreenArrowCharacter_C_0] 500.0
[2018.07.06-01.18.46:462][108]LogBlueprintUserMessages: [GreenArrowCharacter_C_0] 600.0
[2018.07.06-01.18.46:522][110]LogBlueprintUserMessages: [GreenArrowCharacter_C_0] 700.0
[2018.07.06-01.18.46:593][112]LogBlueprintUserMessages: [GreenArrowCharacter_C_0] 800.0
[2018.07.06-01.18.46:652][114]LogBlueprintUserMessages: [GreenArrowCharacter_C_0] 900.0
[2018.07.06-01.18.46:727][116]LogBlueprintUserMessages: [GreenArrowCharacter_C_0] 1000.0
[2018.07.06-01.18.46:783][118]LogBlueprintUserMessages: [GreenArrowCharacter_C_0] 1100.0
[2018.07.06-01.18.46:855][120]LogBlueprintUserMessages: [GreenArrowCharacter_C_0] 1200.0
[2018.07.06-01.18.46:915][122]LogBlueprintUserMessages: [GreenArrowCharacter_C_0] 1300.0
[2018.07.06-01.18.46:985][124]LogBlueprintUserMessages: [GreenArrowCharacter_C_0] 1400.0
[2018.07.06-01.18.47:053][126]LogBlueprintUserMessages: [GreenArrowCharacter_C_0] 1500.0
[2018.07.06-01.18.47:119][128]LogBlueprintUserMessages: [GreenArrowCharacter_C_0] 1600.0
[2018.07.06-01.18.47:188][130]LogBlueprintUserMessages: [GreenArrowCharacter_C_0] 1700.0
[2018.07.06-01.18.47:254][132]LogBlueprintUserMessages: [GreenArrowCharacter_C_0] 1800.0
[2018.07.06-01.18.47:334][134]LogBlueprintUserMessages: [GreenArrowCharacter_C_0] 1900.0
[2018.07.06-01.18.47:399][136]LogBlueprintUserMessages: [GreenArrowCharacter_C_0] 2000.0
[2018.07.06-01.18.47:466][138]LogBlueprintUserMessages: [GreenArrowCharacter_C_0] 2100.0
[2018.07.06-01.18.47:522][140]LogBlueprintUserMessages: [GreenArrowCharacter_C_0] 2200.0
[2018.07.06-01.18.47:596][142]LogBlueprintUserMessages: [GreenArrowCharacter_C_0] 2300.0
[2018.07.06-01.18.47:653][144]LogBlueprintUserMessages: [GreenArrowCharacter_C_0] 2400.0
[2018.07.06-01.18.47:729][146]LogBlueprintUserMessages: [GreenArrowCharacter_C_0] 2500.0
[2018.07.06-01.18.47:789][148]LogBlueprintUserMessages: [GreenArrowCharacter_C_0] 2600.0
[2018.07.06-01.18.47:871][150]LogBlueprintUserMessages: [GreenArrowCharacter_C_0] 2700.0
[2018.07.06-01.18.47:921][152]LogBlueprintUserMessages: [GreenArrowCharacter_C_0] 2800.0
[2018.07.06-01.18.47:989][154]LogBlueprintUserMessages: [GreenArrowCharacter_C_0] 2900.0
[2018.07.06-01.18.48:055][156]LogBlueprintUserMessages: [GreenArrowCharacter_C_0] 3000.0
[2018.07.06-01.18.49:043][182]LogBlueprintUserMessages: [GreenArrowCharacter_C_0] 100.0
[2018.07.06-01.18.49:082][183]LogBlueprintUserMessages: [GreenArrowCharacter_C_0] 200.0
[2018.07.06-01.18.49:138][185]LogBlueprintUserMessages: [GreenArrowCharacter_C_0] 300.0
[2018.07.06-01.18.49:210][187]LogBlueprintUserMessages: [GreenArrowCharacter_C_0] 400.0
[2018.07.06-01.18.49:267][189]LogBlueprintUserMessages: [GreenArrowCharacter_C_0] 500.0
[2018.07.06-01.18.49:343][191]LogBlueprintUserMessages: [GreenArrowCharacter_C_0] 600.0
[2018.07.06-01.18.49:404][193]LogBlueprintUserMessages: [GreenArrowCharacter_C_0] 700.0
[2018.07.06-01.18.49:482][195]LogBlueprintUserMessages: [GreenArrowCharacter_C_0] 800.0
[2018.07.06-01.18.49:546][197]LogBlueprintUserMessages: [GreenArrowCharacter_C_0] 900.0
[2018.07.06-01.18.53:990][319]LogBlueprintUserMessages: [GreenArrowCharacter_C_0] 100.0
[2018.07.06-01.18.54:015][320]LogBlueprintUserMessages: [GreenArrowCharacter_C_0] 200.0
[2018.07.06-01.18.54:065][322]LogBlueprintUserMessages: [GreenArrowCharacter_C_0] 300.0
[2018.07.06-01.18.54:131][324]LogBlueprintUserMessages: [GreenArrowCharacter_C_0] 400.0
[2018.07.06-01.18.54:198][326]LogBlueprintUserMessages: [GreenArrowCharacter_C_0] 500.0
[2018.07.06-01.18.54:264][328]LogBlueprintUserMessages: [GreenArrowCharacter_C_0] 600.0
[2018.07.06-01.18.54:333][330]LogBlueprintUserMessages: [GreenArrowCharacter_C_0] 700.0
[2018.07.06-01.18.54:404][332]LogBlueprintUserMessages: [GreenArrowCharacter_C_0] 800.0
[2018.07.06-01.18.54:470][334]LogBlueprintUserMessages: [GreenArrowCharacter_C_0] 900.0
[2018.07.06-01.18.54:619][336]LogBlueprintUserMessages: [GreenArrowCharacter_C_0] 1000.0
[2018.07.06-01.18.54:637][337]LogBlueprintUserMessages: [GreenArrowCharacter_C_0] 1100.0
[2018.07.06-01.18.54:699][340]LogBlueprintUserMessages: [GreenArrowCharacter_C_0] 1200.0
[2018.07.06-01.18.54:764][342]LogBlueprintUserMessages: [GreenArrowCharacter_C_0] 1300.0
[2018.07.06-01.18.54:832][344]LogBlueprintUserMessages: [GreenArrowCharacter_C_0] 1400.0
[2018.07.06-01.18.54:909][346]LogBlueprintUserMessages: [GreenArrowCharacter_C_0] 1500.0
[2018.07.06-01.18.54:965][348]LogBlueprintUserMessages: [GreenArrowCharacter_C_0] 1600.0
[2018.07.06-01.18.55:051][350]LogBlueprintUserMessages: [GreenArrowCharacter_C_0] 1700.0
[2018.07.06-01.18.55:105][352]LogBlueprintUserMessages: [GreenArrowCharacter_C_0] 1800.0
[2018.07.06-01.18.55:164][354]LogBlueprintUserMessages: [GreenArrowCharacter_C_0] 1900.0
[2018.07.06-01.18.55:228][356]LogBlueprintUserMessages: [GreenArrowCharacter_C_0] 2000.0
[2018.07.06-01.18.56:744][389]LogBlueprintUserMessages: [GreenArrowCharacter_C_0] 100.0
[2018.07.06-01.18.57:504][413]LogBlueprintUserMessages: [GreenArrowCharacter_C_0] 100.0
[2018.07.06-01.18.57:533][414]LogBlueprintUserMessages: [GreenArrowCharacter_C_0] 200.0
[2018.07.06-01.18.57:600][416]LogBlueprintUserMessages: [GreenArrowCharacter_C_0] 300.0
[2018.07.06-01.18.57:668][418]LogBlueprintUserMessages: [GreenArrowCharacter_C_0] 400.0
[2018.07.06-01.18.57:734][420]LogBlueprintUserMessages: [GreenArrowCharacter_C_0] 500.0
[2018.07.06-01.18.57:805][422]LogBlueprintUserMessages: [GreenArrowCharacter_C_0] 600.0
[2018.07.06-01.18.57:869][424]LogBlueprintUserMessages: [GreenArrowCharacter_C_0] 700.0
[2018.07.06-01.18.57:935][426]LogBlueprintUserMessages: [GreenArrowCharacter_C_0] 800.0
[2018.07.06-01.18.58:002][428]LogBlueprintUserMessages: [GreenArrowCharacter_C_0] 900.0
[2018.07.06-01.18.58:075][430]LogBlueprintUserMessages: [GreenArrowCharacter_C_0] 1000.0
[2018.07.06-01.19.07:173][695]LogBlueprintUserMessages: [GreenArrowCharacter_C_0] 100.0
[2018.07.06-01.19.07:232][696]LogBlueprintUserMessages: [GreenArrowCharacter_C_0] 200.0
[2018.07.06-01.19.07:319][698]LogBlueprintUserMessages: [GreenArrowCharacter_C_0] 300.0
[2018.07.06-01.19.07:402][700]LogBlueprintUserMessages: [GreenArrowCharacter_C_0] 400.0
[2018.07.06-01.19.08:429][732]LogBlueprintUserMessages: [GreenArrowCharacter_C_0] 100.0
[2018.07.06-01.19.08:457][733]LogBlueprintUserMessages: [GreenArrowCharacter_C_0] 200.0
[2018.07.06-01.19.08:524][735]LogBlueprintUserMessages: [GreenArrowCharacter_C_0] 300.0
[2018.07.06-01.19.08:597][737]LogBlueprintUserMessages: [GreenArrowCharacter_C_0] 400.0
[2018.07.06-01.19.08:650][739]LogBlueprintUserMessages: [GreenArrowCharacter_C_0] 500.0
[2018.07.06-01.19.08:728][741]LogBlueprintUserMessages: [GreenArrowCharacter_C_0] 600.0
[2018.07.06-01.19.08:792][743]LogBlueprintUserMessages: [GreenArrowCharacter_C_0] 700.0
[2018.07.06-01.19.08:865][745]LogBlueprintUserMessages: [GreenArrowCharacter_C_0] 800.0
[2018.07.06-01.19.08:930][747]LogBlueprintUserMessages: [GreenArrowCharacter_C_0] 900.0
[2018.07.06-01.19.09:004][749]LogBlueprintUserMessages: [GreenArrowCharacter_C_0] 1000.0
[2018.07.06-01.19.09:067][751]LogBlueprintUserMessages: [GreenArrowCharacter_C_0] 1100.0
[2018.07.06-01.19.09:133][753]LogBlueprintUserMessages: [GreenArrowCharacter_C_0] 1200.0
[2018.07.06-01.19.09:203][755]LogBlueprintUserMessages: [GreenArrowCharacter_C_0] 1300.0
[2018.07.06-01.19.15:796][931]LogWindowsTextInputMethodSystem: Display: IME system now deactivated.
[2018.07.06-01.19.16:479][932]Cmd: QUIT_EDITOR
[2018.07.06-01.19.17:423][932]LogExit: Preparing to exit.
[2018.07.06-01.19.18:323][932]LogDirectoryWatcher: A directory notification for 'C:/Users/oaste/Documents/Unreal Projects/DCJnO/Content/' was aborted.
[2018.07.06-01.19.18:387][932]LogExit: Editor shut down
[2018.07.06-01.19.18:394][932]LogExit: Transaction tracking system shut down
[2018.07.06-01.19.18:751][932]LogDirectoryWatcher: A directory notification for '../../../Engine/Content/' was aborted.
[2018.07.06-01.19.18:752][932]LogDirectoryWatcher: A directory notification for '../../../../../../Users/oaste/Documents/Unreal Projects/DCJnO/Content/' was aborted.
[2018.07.06-01.19.18:752][932]LogDirectoryWatcher: A directory notification for '../../../Engine/Plugins/2D/Paper2D/Content/' was aborted.
[2018.07.06-01.19.18:752][932]LogDirectoryWatcher: A directory notification for '../../../Engine/Plugins/Runtime/Oculus/OculusVR/Content/' was aborted.
[2018.07.06-01.19.18:753][932]LogDirectoryWatcher: A directory notification for '../../../Engine/Plugins/Runtime/Steam/SteamVR/Content/' was aborted.
[2018.07.06-01.19.18:904][932]LogExit: Object subsystem successfully closed.
[2018.07.06-01.19.18:933][932]LogD3D11RHI: Shutdown
[2018.07.06-01.19.18:933][932]LogD3D11RHI: CleanupD3DDevice
[2018.07.06-01.19.19:258][932]LogD3D11RHI: ~FD3D11DynamicRHI
[2018.07.06-01.19.19:324][932]LogModuleManager: Shutting down and abandoning module MovieSceneCapture (532)
[2018.07.06-01.19.19:324][932]LogModuleManager: Shutting down and abandoning module HierarchicalLODOutliner (530)
[2018.07.06-01.19.19:324][932]LogModuleManager: Shutting down and abandoning module SceneOutliner (528)
[2018.07.06-01.19.19:324][932]LogModuleManager: Shutting down and abandoning module AddContentDialog (526)
[2018.07.06-01.19.19:324][932]LogDirectoryWatcher: A directory notification for 'C:/Program Files/Epic Games/UE_4.17/FeaturePacks/' was aborted.
[2018.07.06-01.19.19:333][932]LogModuleManager: Shutting down and abandoning module WidgetCarousel (525)
[2018.07.06-01.19.19:333][932]LogModuleManager: Shutting down and abandoning module EditorWidgets (522)
[2018.07.06-01.19.19:333][932]LogModuleManager: Shutting down and abandoning module CollectionManager (520)
[2018.07.06-01.19.19:334][932]LogDirectoryWatcher: A directory notification for 'C:/Users/oaste/Documents/Unreal Projects/DCJnO/Content/Collections/' was aborted.
[2018.07.06-01.19.19:334][932]LogDirectoryWatcher: A directory notification for 'C:/Users/oaste/Documents/Unreal Projects/DCJnO/Content/Developers/oaste/Collections/' was aborted.
[2018.07.06-01.19.19:334][932]LogDirectoryWatcher: A directory notification for 'C:/Users/oaste/Documents/Unreal Projects/DCJnO/Saved/Collections/' was aborted.
[2018.07.06-01.19.19:334][932]LogModuleManager: Shutting down and abandoning module StatsViewer (518)
[2018.07.06-01.19.19:334][932]LogModuleManager: Shutting down and abandoning module FoliageEdit (516)
[2018.07.06-01.19.19:334][932]LogModuleManager: Shutting down and abandoning module LandscapeEditor (514)
[2018.07.06-01.19.19:334][932]LogModuleManager: Shutting down and abandoning module MeshPaintMode (512)
[2018.07.06-01.19.19:334][932]LogModuleManager: Shutting down and abandoning module SceneDepthPickerMode (510)
[2018.07.06-01.19.19:334][932]LogModuleManager: Shutting down and abandoning module ActorPickerMode (508)
[2018.07.06-01.19.19:334][932]LogModuleManager: Shutting down and abandoning module GeometryMode (506)
[2018.07.06-01.19.19:334][932]LogModuleManager: Shutting down and abandoning module TextureAlignMode (504)
[2018.07.06-01.19.19:334][932]LogModuleManager: Shutting down and abandoning module BspMode (502)
[2018.07.06-01.19.19:335][932]LogModuleManager: Shutting down and abandoning module PIEPreviewDeviceProfileSelector (500)
[2018.07.06-01.19.19:335][932]LogModuleManager: Shutting down and abandoning module HardwareSurvey (498)
[2018.07.06-01.19.19:335][932]LogModuleManager: Shutting down and abandoning module SequenceRecorderSections (496)
[2018.07.06-01.19.19:335][932]LogModuleManager: Shutting down and abandoning module AutomationWorker (494)
[2018.07.06-01.19.19:335][932]LogModuleManager: Shutting down and abandoning module MatineeToLevelSequence (492)
[2018.07.06-01.19.19:335][932]LogModuleManager: Shutting down and abandoning module LevelSequenceEditor (490)
[2018.07.06-01.19.19:335][932]LogModuleManager: Shutting down and abandoning module PlacementMode (489)
[2018.07.06-01.19.19:335][932]LogModuleManager: Shutting down and abandoning module WmfMediaFactory (486)
[2018.07.06-01.19.19:335][932]LogModuleManager: Shutting down and abandoning module WmfMediaEditor (484)
[2018.07.06-01.19.19:335][932]LogModuleManager: Shutting down and abandoning module AvfMediaFactory (482)
[2018.07.06-01.19.19:335][932]LogModuleManager: Shutting down and abandoning module AvfMediaEditor (480)
[2018.07.06-01.19.19:335][932]LogModuleManager: Shutting down and abandoning module AndroidMediaFactory (478)
[2018.07.06-01.19.19:335][932]LogModuleManager: Shutting down and abandoning module Media (477)
[2018.07.06-01.19.19:335][932]LogModuleManager: Shutting down and abandoning module AndroidMediaEditor (474)
[2018.07.06-01.19.19:335][932]LogModuleManager: Shutting down and abandoning module CharacterAI (472)
[2018.07.06-01.19.19:335][932]LogModuleManager: Shutting down and abandoning module AudioCapture (470)
[2018.07.06-01.19.19:335][932]LogModuleManager: Shutting down and abandoning module SequenceRecorder (469)
[2018.07.06-01.19.19:335][932]LogModuleManager: Shutting down and abandoning module SmartSnapping (466)
[2018.07.06-01.19.19:335][932]LogModuleManager: Shutting down and abandoning module SessionServices (464)
[2018.07.06-01.19.19:336][932]LogModuleManager: Shutting down and abandoning module ViewportSnapping (462)
[2018.07.06-01.19.19:336][932]LogModuleManager: Shutting down and abandoning module ViewportInteraction (460)
[2018.07.06-01.19.19:336][932]LogModuleManager: Shutting down and abandoning module ClothPainter (458)
[2018.07.06-01.19.19:337][932]LogModuleManager: Shutting down and abandoning module LogVisualizer (456)
[2018.07.06-01.19.19:337][932]LogModuleManager: Shutting down and abandoning module IntroTutorials (454)
[2018.07.06-01.19.19:337][932]LogModuleManager: Shutting down and abandoning module GameProjectGeneration (453)
[2018.07.06-01.19.19:337][932]LogModuleManager: Shutting down and abandoning module IOSPlatformEditor (450)
[2018.07.06-01.19.19:337][932]LogModuleManager: Shutting down and abandoning module HTML5PlatformEditor (448)
[2018.07.06-01.19.19:337][932]LogModuleManager: Shutting down and abandoning module AndroidPlatformEditor (446)
[2018.07.06-01.19.19:337][932]LogModuleManager: Shutting down and abandoning module AndroidDeviceDetection (445)
[2018.07.06-01.19.20:084][932]LogModuleManager: Shutting down and abandoning module WindowsPlatformEditor (442)
[2018.07.06-01.19.20:084][932]LogModuleManager: Shutting down and abandoning module IOSRuntimeSettings (440)
[2018.07.06-01.19.20:084][932]LogModuleManager: Shutting down and abandoning module AndroidRuntimeSettings (438)
[2018.07.06-01.19.20:084][932]LogModuleManager: Shutting down and abandoning module InputBindingEditor (436)
[2018.07.06-01.19.20:085][932]LogModuleManager: Shutting down and abandoning module MergeActors (434)
[2018.07.06-01.19.20:085][932]LogModuleManager: Shutting down and abandoning module SizeMap (432)
[2018.07.06-01.19.20:085][932]LogModuleManager: Shutting down and abandoning module TreeMap (430)
[2018.07.06-01.19.20:085][932]LogModuleManager: Shutting down and abandoning module ReferenceViewer (428)
[2018.07.06-01.19.20:085][932]LogModuleManager: Shutting down and abandoning module LocalizationDashboard (426)
[2018.07.06-01.19.20:085][932]LogModuleManager: Shutting down and abandoning module LocalizationService (425)
[2018.07.06-01.19.20:085][932]LogModuleManager: Shutting down and abandoning module HardwareTargeting (422)
[2018.07.06-01.19.20:085][932]LogModuleManager: Shutting down and abandoning module DeviceProfileEditor (420)
[2018.07.06-01.19.20:085][932]LogModuleManager: Shutting down and abandoning module UndoHistory (418)
[2018.07.06-01.19.20:085][932]LogModuleManager: Shutting down and abandoning module XmlParser (416)
[2018.07.06-01.19.20:085][932]LogModuleManager: Shutting down and abandoning module Blutility (414)
[2018.07.06-01.19.20:085][932]LogModuleManager: Shutting down and abandoning module ProjectSettingsViewer (412)
[2018.07.06-01.19.20:085][932]LogModuleManager: Shutting down and abandoning module ProjectTargetPlatformEditor (411)
[2018.07.06-01.19.20:086][932]LogModuleManager: Shutting down and abandoning module EditorSettingsViewer (408)
[2018.07.06-01.19.20:086][932]LogModuleManager: Shutting down and abandoning module SettingsEditor (406)
[2018.07.06-01.19.20:086][932]LogModuleManager: Shutting down and abandoning module ProjectLauncher (404)
[2018.07.06-01.19.20:086][932]LogModuleManager: Shutting down and abandoning module SessionFrontend (402)
[2018.07.06-01.19.20:086][932]LogModuleManager: Shutting down and abandoning module ProfilerClient (400)
[2018.07.06-01.19.20:086][932]LogModuleManager: Shutting down and abandoning module DeviceManager (398)
[2018.07.06-01.19.20:086][932]LogModuleManager: Shutting down and abandoning module TargetDeviceServices (397)
[2018.07.06-01.19.20:170][932]LogModuleManager: Shutting down and abandoning module AutomationController (394)
[2018.07.06-01.19.20:171][932]LogModuleManager: Shutting down and abandoning module AutomationWindow (392)
[2018.07.06-01.19.20:171][932]LogModuleManager: Shutting down and abandoning module Layers (390)
[2018.07.06-01.19.20:173][932]LogModuleManager: Shutting down and abandoning module ComponentVisualizers (388)
[2018.07.06-01.19.20:173][932]LogModuleManager: Shutting down and abandoning module DetailCustomizations (386)
[2018.07.06-01.19.20:174][932]LogModuleManager: Shutting down and abandoning module PackagesDialog (384)
[2018.07.06-01.19.20:204][932]LogModuleManager: Shutting down and abandoning module Persona (382)
[2018.07.06-01.19.20:205][932]LogModuleManager: Shutting down and abandoning module AdvancedPreviewScene (381)
[2018.07.06-01.19.20:205][932]LogModuleManager: Shutting down and abandoning module AnimGraph (379)
[2018.07.06-01.19.20:205][932]LogModuleManager: Shutting down and abandoning module Kismet (376)
[2018.07.06-01.19.20:206][932]LogModuleManager: Shutting down and abandoning module ClassViewer (374)
[2018.07.06-01.19.20:206][932]LogModuleManager: Shutting down and abandoning module Toolbox (372)
[2018.07.06-01.19.20:206][932]LogModuleManager: Shutting down and abandoning module ModuleUI (370)
[2018.07.06-01.19.20:206][932]LogModuleManager: Shutting down and abandoning module MovieSceneTools (368)
[2018.07.06-01.19.20:207][932]LogModuleManager: Shutting down and abandoning module OutputLog (366)
[2018.07.06-01.19.20:207][932]LogModuleManager: Shutting down and abandoning module GammaUI (364)
[2018.07.06-01.19.20:207][932]LogModuleManager: Shutting down and abandoning module Documentation (362)
[2018.07.06-01.19.20:207][932]LogModuleManager: Shutting down and abandoning module MovieSceneTracks (360)
[2018.07.06-01.19.20:207][932]LogModuleManager: Shutting down and abandoning module MovieScene (358)
[2018.07.06-01.19.20:207][932]LogModuleManager: Shutting down and abandoning module Niagara (356)
[2018.07.06-01.19.20:207][932]LogModuleManager: Shutting down and abandoning module NiagaraEditor (355)
[2018.07.06-01.19.20:207][932]LogModuleManager: Shutting down and abandoning module StreamingPauseRendering (352)
[2018.07.06-01.19.20:207][932]LogModuleManager: Shutting down and abandoning module LauncherPlatform (350)
[2018.07.06-01.19.20:207][932]LogModuleManager: Shutting down and abandoning module AnalyticsET (348)
[2018.07.06-01.19.20:207][932]LogModuleManager: Shutting down and abandoning module PortalServices (346)
[2018.07.06-01.19.20:207][932]LogModuleManager: Shutting down and abandoning module PortalRpc (344)
[2018.07.06-01.19.20:207][932]LogModuleManager: Shutting down and abandoning module MessagingRpc (342)
[2018.07.06-01.19.20:207][932]LogModuleManager: Shutting down and abandoning module AIModule (340)
[2018.07.06-01.19.20:207][932]LogModuleManager: Shutting down and abandoning module GameplayDebugger (339)
[2018.07.06-01.19.20:207][932]LogModuleManager: Shutting down and abandoning module AITestSuite (337)
[2018.07.06-01.19.20:207][932]LogModuleManager: Shutting down and abandoning module ProfilerService (334)
[2018.07.06-01.19.20:370][932]LogModuleManager: Shutting down and abandoning module TaskGraph (332)
[2018.07.06-01.19.20:370][932]LogModuleManager: Shutting down and abandoning module SteamVRController (330)
[2018.07.06-01.19.20:370][932]LogModuleManager: Shutting down and abandoning module ProceduralMeshComponentEditor (328)
[2018.07.06-01.19.20:370][932]LogModuleManager: Shutting down and abandoning module ProceduralMeshComponent (326)
[2018.07.06-01.19.20:370][932]LogModuleManager: Shutting down and abandoning module OculusInput (324)
[2018.07.06-01.19.20:370][932]LogModuleManager: Shutting down and abandoning module MobilePatchingUtils (322)
[2018.07.06-01.19.20:370][932]LogModuleManager: Shutting down and abandoning module CustomMeshComponent (320)
[2018.07.06-01.19.20:370][932]LogModuleManager: Shutting down and abandoning module CableComponent (318)
[2018.07.06-01.19.20:370][932]LogModuleManager: Shutting down and abandoning module ArchVisCharacter (316)
[2018.07.06-01.19.20:370][932]LogModuleManager: Shutting down and abandoning module AndroidPermission (314)
[2018.07.06-01.19.20:370][932]LogModuleManager: Shutting down and abandoning module MediaPlayerEditor (310)
[2018.07.06-01.19.20:370][932]LogModuleManager: Shutting down and abandoning module HTML5Networking (308)
[2018.07.06-01.19.20:370][932]LogModuleManager: Shutting down and abandoning module AlembicImporter (306)
[2018.07.06-01.19.20:370][932]LogModuleManager: Shutting down and abandoning module AlembicLibrary (305)
[2018.07.06-01.19.20:370][932]LogModuleManager: Shutting down and abandoning module GeometryCache (304)
[2018.07.06-01.19.20:371][932]LogModuleManager: Shutting down and abandoning module GeometryCacheEd (303)
[2018.07.06-01.19.20:371][932]LogModuleManager: Shutting down and abandoning module SpeedTreeImporter (298)
[2018.07.06-01.19.20:371][932]LogModuleManager: Shutting down and abandoning module PluginBrowser (296)
[2018.07.06-01.19.20:371][932]LogModuleManager: Shutting down and abandoning module MobileLauncherProfileWizard (294)
[2018.07.06-01.19.20:371][932]LogModuleManager: Shutting down and abandoning module VisualStudioSourceCodeAccess (292)
[2018.07.06-01.19.20:371][932]LogModuleManager: Shutting down and abandoning module DesktopPlatform (291)
[2018.07.06-01.19.20:371][932]LogModuleManager: Shutting down and abandoning module UObjectPlugin (288)
[2018.07.06-01.19.20:371][932]LogModuleManager: Shutting down and abandoning module SubversionSourceControl (286)
[2018.07.06-01.19.20:371][932]LogModuleManager: Shutting down and abandoning module PerforceSourceControl (284)
[2018.07.06-01.19.20:371][932]LogModuleManager: Shutting down and abandoning module GitSourceControl (282)
[2018.07.06-01.19.20:371][932]LogModuleManager: Shutting down and abandoning module SourceControl (281)
[2018.07.06-01.19.20:372][932]LogModuleManager: Shutting down and abandoning module LightPropagationVolumeEditor (278)
[2018.07.06-01.19.20:372][932]LogModuleManager: Shutting down and abandoning module PaperTiledImporter (276)
[2018.07.06-01.19.20:372][932]LogModuleManager: Shutting down and abandoning module PaperSpriteSheetImporter (274)
[2018.07.06-01.19.20:372][932]LogModuleManager: Shutting down and abandoning module Paper2DEditor (272)
[2018.07.06-01.19.20:372][932]LogModuleManager: Shutting down and abandoning module MeshPaint (271)
[2018.07.06-01.19.20:372][932]LogModuleManager: Shutting down and abandoning module LevelEditor (269)
[2018.07.06-01.19.20:374][932]LogModuleManager: Shutting down and abandoning module PixelInspectorModule (268)
[2018.07.06-01.19.20:374][932]LogModuleManager: Shutting down and abandoning module MainFrame (266)
[2018.07.06-01.19.20:374][932]LogModuleManager: Shutting down and abandoning module HotReload (265)
[2018.07.06-01.19.20:375][932]LogModuleManager: Shutting down and abandoning module RuntimePhysXCooking (260)
[2018.07.06-01.19.20:375][932]LogModuleManager: Shutting down and abandoning module PhysXVehiclesEditor (258)
[2018.07.06-01.19.20:375][932]LogModuleManager: Shutting down and abandoning module PhysXVehicles (256)
[2018.07.06-01.19.20:375][932]LogModuleManager: Shutting down and abandoning module OculusEditor (254)
[2018.07.06-01.19.20:375][932]LogModuleManager: Shutting down and abandoning module LocationServicesBPLibrary (252)
[2018.07.06-01.19.20:375][932]LogModuleManager: Shutting down and abandoning module ImmediatePhysicsEditor (250)
[2018.07.06-01.19.20:375][932]LogModuleManager: Shutting down and abandoning module ImmediatePhysics (248)
[2018.07.06-01.19.20:375][932]LogModuleManager: Shutting down and abandoning module UdpMessaging (246)
[2018.07.06-01.19.20:898][932]LogModuleManager: Shutting down and abandoning module TcpMessaging (244)
[2018.07.06-01.19.21:230][932]LogModuleManager: Shutting down and abandoning module GameplayTagsEditor (242)
[2018.07.06-01.19.21:231][932]LogModuleManager: Shutting down and abandoning module FacialAnimationEditor (240)
[2018.07.06-01.19.21:231][932]LogModuleManager: Shutting down and abandoning module FacialAnimation (238)
[2018.07.06-01.19.21:231][932]LogModuleManager: Shutting down and abandoning module AssetManagerEditor (236)
[2018.07.06-01.19.21:233][932]LogModuleManager: Shutting down and abandoning module GraphEditor (235)
[2018.07.06-01.19.21:234][932]LogModuleManager: Shutting down and abandoning module ContentBrowser (233)
[2018.07.06-01.19.21:262][932]LogModuleManager: Shutting down and abandoning module LightPropagationVolumeRuntime (230)
[2018.07.06-01.19.21:263][932]LogModuleManager: Shutting down and abandoning module Paper2D (228)
[2018.07.06-01.19.21:263][932]LogModuleManager: Shutting down and abandoning module WindowsMoviePlayer (226)
[2018.07.06-01.19.21:263][932]LogModuleManager: Shutting down and abandoning module WmfMedia (224)
[2018.07.06-01.19.21:267][932]LogModuleManager: Shutting down and abandoning module PacketHandler (222)
[2018.07.06-01.19.21:267][932]LogModuleManager: Shutting down and abandoning module ClothingSystemEditor (220)
[2018.07.06-01.19.21:267][932]LogModuleManager: Shutting down and abandoning module ClothingSystemRuntime (218)
[2018.07.06-01.19.21:267][932]LogModuleManager: Shutting down and abandoning module Overlay (216)
[2018.07.06-01.19.21:267][932]LogModuleManager: Shutting down and abandoning module OverlayEditor (215)
[2018.07.06-01.19.21:267][932]LogModuleManager: Shutting down and abandoning module MediaAssets (212)
[2018.07.06-01.19.21:267][932]LogModuleManager: Shutting down and abandoning module VREditor (210)
[2018.07.06-01.19.21:267][932]LogModuleManager: Shutting down and abandoning module StringTableEditor (208)
[2018.07.06-01.19.21:267][932]LogModuleManager: Shutting down and abandoning module GameplayTasksEditor (206)
[2018.07.06-01.19.21:267][932]LogModuleManager: Shutting down and abandoning module BehaviorTreeEditor (204)
[2018.07.06-01.19.21:268][932]LogModuleManager: Shutting down and abandoning module FunctionalTesting (202)
[2018.07.06-01.19.21:268][932]LogModuleManager: Shutting down and abandoning module CollisionAnalyzer (200)
[2018.07.06-01.19.21:268][932]LogModuleManager: Shutting down and abandoning module WorkspaceMenuStructure (199)
[2018.07.06-01.19.21:268][932]LogModuleManager: Shutting down and abandoning module UMG (196)
[2018.07.06-01.19.21:268][932]LogModuleManager: Shutting down and abandoning module UMGEditor (195)
[2018.07.06-01.19.21:268][932]LogModuleManager: Shutting down and abandoning module Sequencer (194)
[2018.07.06-01.19.21:268][932]LogModuleManager: Shutting down and abandoning module MessageLog (191)
[2018.07.06-01.19.21:268][932]LogModuleManager: Shutting down and abandoning module SlateReflector (186)
[2018.07.06-01.19.21:268][932]LogModuleManager: Shutting down and abandoning module Slate (184)
[2018.07.06-01.19.21:268][932]LogModuleManager: Shutting down and abandoning module EditorStyle (182)
[2018.07.06-01.19.21:308][932]LogModuleManager: Shutting down and abandoning module MRMesh (180)
[2018.07.06-01.19.21:308][932]LogModuleManager: Shutting down and abandoning module SourceCodeAccess (178)
[2018.07.06-01.19.21:308][932]LogModuleManager: Shutting down and abandoning module HeadMountedDisplay (176)
[2018.07.06-01.19.21:308][932]LogModuleManager: Shutting down and abandoning module XAudio2 (174)
[2018.07.06-01.19.21:308][932]LogModuleManager: Shutting down and abandoning module Networking (172)
[2018.07.06-01.19.21:308][932]LogModuleManager: Shutting down and abandoning module Core (168)
[2018.07.06-01.19.21:308][932]LogModuleManager: Shutting down and abandoning module KismetCompiler (164)
[2018.07.06-01.19.21:308][932]LogModuleManager: Shutting down and abandoning module LevelSequence (162)
[2018.07.06-01.19.21:308][932]LogModuleManager: Shutting down and abandoning module MeshUtilities (160)
[2018.07.06-01.19.21:308][932]LogModuleManager: Shutting down and abandoning module MeshMergeUtilities (159)
[2018.07.06-01.19.21:308][932]LogModuleManager: Shutting down and abandoning module MeshReductionInterface (158)
[2018.07.06-01.19.21:308][932]LogModuleManager: Shutting down and abandoning module SimplygonSwarm (157)
[2018.07.06-01.19.21:308][932]LogModuleManager: Shutting down and abandoning module SimplygonMeshReduction (155)
[2018.07.06-01.19.21:308][932]LogModuleManager: Shutting down and abandoning module QuadricMeshReduction (153)
[2018.07.06-01.19.21:308][932]LogModuleManager: Shutting down and abandoning module MaterialBaking (149)
[2018.07.06-01.19.21:309][932]LogModuleManager: Shutting down and abandoning module DirectoryWatcher (146)
[2018.07.06-01.19.21:310][932]LogModuleManager: Shutting down and abandoning module DerivedDataCache (144)
[2018.07.06-01.19.21:367][932]LogDerivedDataCache: Shutdown
[2018.07.06-01.19.21:367][932]LogModuleManager: Shutting down and abandoning module TargetPlatform (142)
[2018.07.06-01.19.21:367][932]LogModuleManager: Shutting down and abandoning module VulkanShaderFormat (141)
[2018.07.06-01.19.21:367][932]LogModuleManager: Shutting down and abandoning module ShaderFormatVectorVM (139)
[2018.07.06-01.19.21:367][932]LogModuleManager: Shutting down and abandoning module ShaderFormatOpenGL (137)
[2018.07.06-01.19.21:367][932]LogModuleManager: Shutting down and abandoning module ShaderFormatD3D (135)
[2018.07.06-01.19.21:367][932]LogModuleManager: Shutting down and abandoning module MetalShaderFormat (133)
[2018.07.06-01.19.21:367][932]LogModuleManager: Shutting down and abandoning module TextureFormatUncompressed (131)
[2018.07.06-01.19.21:367][932]LogModuleManager: Shutting down and abandoning module TextureFormatPVR (129)
[2018.07.06-01.19.21:367][932]LogModuleManager: Shutting down and abandoning module TextureFormatDXT (127)
[2018.07.06-01.19.21:379][932]LogModuleManager: Shutting down and abandoning module TextureFormatIntelISPCTexComp (125)
[2018.07.06-01.19.21:379][932]LogModuleManager: Shutting down and abandoning module TextureFormatASTC (123)
[2018.07.06-01.19.21:379][932]LogModuleManager: Shutting down and abandoning module ImageWrapper (122)
[2018.07.06-01.19.21:379][932]LogModuleManager: Shutting down and abandoning module TextureFormatAndroid (119)
[2018.07.06-01.19.21:379][932]LogModuleManager: Shutting down and abandoning module AudioFormatOpus (117)
[2018.07.06-01.19.21:382][932]LogModuleManager: Shutting down and abandoning module AudioFormatOgg (115)
[2018.07.06-01.19.21:382][932]LogModuleManager: Shutting down and abandoning module AudioFormatADPCM (113)
[2018.07.06-01.19.21:382][932]LogModuleManager: Shutting down and abandoning module LinuxTargetPlatform (111)
[2018.07.06-01.19.21:397][932]LogModuleManager: Shutting down and abandoning module LinuxServerTargetPlatform (109)
[2018.07.06-01.19.21:397][932]LogModuleManager: Shutting down and abandoning module LinuxNoEditorTargetPlatform (107)
[2018.07.06-01.19.21:399][932]LogModuleManager: Shutting down and abandoning module LinuxClientTargetPlatform (105)
[2018.07.06-01.19.21:400][932]LogModuleManager: Shutting down and abandoning module TVOSTargetPlatform (103)
[2018.07.06-01.19.21:400][932]LogModuleManager: Shutting down and abandoning module Messaging (101)
[2018.07.06-01.19.21:400][932]LogModuleManager: Shutting down and abandoning module IOSTargetPlatform (99)
[2018.07.06-01.19.21:400][932]LogModuleManager: Shutting down and abandoning module HTML5TargetPlatform (97)
[2018.07.06-01.19.21:400][932]LogModuleManager: Shutting down and abandoning module Android_PVRTCTargetPlatform (95)
[2018.07.06-01.19.21:400][932]LogModuleManager: Shutting down and abandoning module Android_MultiTargetPlatform (93)
[2018.07.06-01.19.21:400][932]LogModuleManager: Shutting down and abandoning module Android_ETC2TargetPlatform (91)
[2018.07.06-01.19.21:400][932]LogModuleManager: Shutting down and abandoning module Android_ETC1TargetPlatform (89)
[2018.07.06-01.19.21:400][932]LogModuleManager: Shutting down and abandoning module Android_DXTTargetPlatform (87)
[2018.07.06-01.19.21:400][932]LogModuleManager: Shutting down and abandoning module Android_ATCTargetPlatform (85)
[2018.07.06-01.19.21:400][932]LogModuleManager: Shutting down and abandoning module Android_ASTCTargetPlatform (83)
[2018.07.06-01.19.21:400][932]LogModuleManager: Shutting down and abandoning module AndroidTargetPlatform (81)
[2018.07.06-01.19.21:400][932]LogModuleManager: Shutting down and abandoning module WindowsTargetPlatform (79)
[2018.07.06-01.19.21:400][932]LogModuleManager: Shutting down and abandoning module WindowsServerTargetPlatform (77)
[2018.07.06-01.19.21:400][932]LogModuleManager: Shutting down and abandoning module WindowsNoEditorTargetPlatform (75)
[2018.07.06-01.19.21:402][932]LogModuleManager: Shutting down and abandoning module WindowsClientTargetPlatform (73)
[2018.07.06-01.19.21:402][932]LogModuleManager: Shutting down and abandoning module MacTargetPlatform (71)
[2018.07.06-01.19.21:402][932]LogModuleManager: Shutting down and abandoning module MacServerTargetPlatform (69)
[2018.07.06-01.19.21:402][932]LogModuleManager: Shutting down and abandoning module MacNoEditorTargetPlatform (67)
[2018.07.06-01.19.21:402][932]LogModuleManager: Shutting down and abandoning module MacClientTargetPlatform (65)
[2018.07.06-01.19.21:402][932]LogModuleManager: Shutting down and abandoning module AllDesktopTargetPlatform (63)
[2018.07.06-01.19.21:402][932]LogModuleManager: Shutting down and abandoning module InputCore (60)
[2018.07.06-01.19.21:402][932]LogModuleManager: Shutting down and abandoning module Settings (58)
[2018.07.06-01.19.21:402][932]LogModuleManager: Shutting down and abandoning module PhysXCooking (56)
[2018.07.06-01.19.21:403][932]LogModuleManager: Shutting down and abandoning module SteamVR (54)
[2018.07.06-01.19.21:405][932]LogModuleManager: Shutting down and abandoning module OculusHMD (52)
[2018.07.06-01.19.21:405][932]LogModuleManager: Shutting down and abandoning module ExampleDeviceProfileSelector (50)
[2018.07.06-01.19.21:405][932]LogModuleManager: Shutting down and abandoning module OnlineBlueprintSupport (48)
[2018.07.06-01.19.21:405][932]LogModuleManager: Shutting down and abandoning module OnlineSubsystem (44)
[2018.07.06-01.19.21:405][932]LogOnline: Display: Unloading online subsystem: NULL
[2018.07.06-01.19.21:405][932]LogModuleManager: Shutting down and abandoning module XMPP (43)
[2018.07.06-01.19.21:405][932]LogModuleManager: Shutting down and abandoning module HTTP (41)
[2018.07.06-01.19.21:406][932]LogHttp: Display: Http module shutting down, but needs to wait on 1 outstanding Http requests:
[2018.07.06-01.19.21:406][932]LogHttp: Display: 	verb=[POST] url=[https://datarouter.ol.epicgames.com/datarouter/api/v1/public/data?SessionID=%7B237A9494-42F4-DB0E-2D3D-7FB86F87826A%7D&AppID=UEEditor.Rocket.Release&AppVersion=4.17.2-3658906%2B%2B%2BUE4%2BRelease-4.17&UserID=543d467c4424f055ada612a4e4a7973a%7Cbc011444d2864bdf9695488c55616eb7%7Cfc0836ed-f7bc-4f31-a175-fafc700928d7&AppEnvironment=datacollector-binary&UploadType=eteventstream] status=Processing
[2018.07.06-01.19.21:803][932]LogModuleManager: Shutting down and abandoning module SSL (40)
[2018.07.06-01.19.21:808][932]LogModuleManager: Shutting down and abandoning module AnimationModifiers (36)
[2018.07.06-01.19.21:808][932]LogModuleManager: Shutting down and abandoning module PropertyEditor (35)
[2018.07.06-01.19.21:808][932]LogModuleManager: Shutting down and abandoning module AudioEditor (32)
[2018.07.06-01.19.21:809][932]LogModuleManager: Shutting down and abandoning module TextureCompressor (30)
[2018.07.06-01.19.21:809][932]LogModuleManager: Shutting down and abandoning module ShaderCore (28)
[2018.07.06-01.19.21:809][932]LogModuleManager: Shutting down and abandoning module Landscape (26)
[2018.07.06-01.19.21:809][932]LogModuleManager: Shutting down and abandoning module SlateRHIRenderer (24)
[2018.07.06-01.19.21:810][932]LogModuleManager: Shutting down and abandoning module OpenGLDrv (22)
[2018.07.06-01.19.21:810][932]LogModuleManager: Shutting down and abandoning module D3D11RHI (20)
[2018.07.06-01.19.21:810][932]LogModuleManager: Shutting down and abandoning module AnimGraphRuntime (18)
[2018.07.06-01.19.22:182][932]LogModuleManager: Shutting down and abandoning module Renderer (16)
[2018.07.06-01.19.22:182][932]LogModuleManager: Shutting down and abandoning module Engine (14)
[2018.07.06-01.19.22:182][932]LogModuleManager: Shutting down and abandoning module CoreUObject (12)
[2018.07.06-01.19.22:182][932]LogModuleManager: Shutting down and abandoning module NetworkFile (10)
[2018.07.06-01.19.22:182][932]LogModuleManager: Shutting down and abandoning module CookedIterativeFile (8)
[2018.07.06-01.19.22:182][932]LogModuleManager: Shutting down and abandoning module StreamingFile (6)
[2018.07.06-01.19.22:182][932]LogModuleManager: Shutting down and abandoning module SandboxFile (4)
[2018.07.06-01.19.22:182][932]LogModuleManager: Shutting down and abandoning module PakFile (2)
[2018.07.06-01.19.22:503][932]LogExit: Exiting.
[2018.07.06-01.19.23:245][932]Log file closed, 07/06/18 02:19:23
