Log file open, 07/08/18 17:02:43
LogWindows: Failed to load 'aqProf.dll' (GetLastError=126)
LogWindows: File 'aqProf.dll' does not exist
LogWindows: Failed to load 'VSPerf140.dll' (GetLastError=126)
LogWindows: File 'VSPerf140.dll' does not exist
LogWindows: Failed to load 'VtuneApi.dll' (GetLastError=126)
LogWindows: File 'VtuneApi.dll' does not exist
LogWindows: Failed to load 'VtuneApi32e.dll' (GetLastError=126)
LogWindows: File 'VtuneApi32e.dll' does not exist
LogInit: Display: Running engine for game: DCJnO
LogPlatformFile: Not using cached read wrapper
LogInit: Display: RandInit(-217229647) SRandInit(-217229647).
LogTaskGraph: Started task graph with 5 named threads and 8 total threads with 3 sets of task threads.
LogStats: Stats thread started at 0.147898
LogD3D11RHI: Aftermath initialized
LogPluginManager: Mounting plugin Paper2D
LogPluginManager: Mounting plugin LightPropagationVolume
LogPluginManager: Mounting plugin CodeLiteSourceCodeAccess
LogPluginManager: Mounting plugin GitSourceControl
LogPluginManager: Mounting plugin KDevelopSourceCodeAccess
LogPluginManager: Mounting plugin NullSourceCodeAccess
LogPluginManager: Mounting plugin PerforceSourceControl
LogPluginManager: Mounting plugin SubversionSourceControl
LogPluginManager: Mounting plugin UObjectPlugin
LogPluginManager: Mounting plugin VisualStudioSourceCodeAccess
LogPluginManager: Mounting plugin XCodeSourceCodeAccess
LogPluginManager: Mounting plugin AssetManagerEditor
LogPluginManager: Mounting plugin AudioCapture
LogPluginManager: Mounting plugin FacialAnimation
LogPluginManager: Mounting plugin GameplayTagsEditor
LogPluginManager: Mounting plugin MobileLauncherProfileWizard
LogPluginManager: Mounting plugin PluginBrowser
LogPluginManager: Mounting plugin SpeedTreeImporter
LogPluginManager: Mounting plugin AlembicImporter
LogPluginManager: Mounting plugin CharacterAI
LogPluginManager: Mounting plugin HTML5Networking
LogPluginManager: Mounting plugin AndroidMedia
LogPluginManager: Mounting plugin AvfMedia
LogPluginManager: Mounting plugin MediaPlayerEditor
LogPluginManager: Mounting plugin WmfMedia
LogPluginManager: Mounting plugin TcpMessaging
LogPluginManager: Mounting plugin UdpMessaging
LogPluginManager: Mounting plugin LevelSequenceEditor
LogPluginManager: Mounting plugin MatineeToLevelSequence
LogPluginManager: Mounting plugin OnlineSubsystemGooglePlay
LogPluginManager: Mounting plugin OnlineSubsystemIOS
LogPluginManager: Mounting plugin OnlineSubsystem
LogPluginManager: Mounting plugin OnlineSubsystemNull
LogPluginManager: Mounting plugin OnlineSubsystemUtils
LogPluginManager: Mounting plugin AndroidDeviceProfileSelector
LogPluginManager: Mounting plugin AndroidMoviePlayer
LogPluginManager: Mounting plugin AndroidPermission
LogPluginManager: Mounting plugin AppleMoviePlayer
LogPluginManager: Mounting plugin ArchVisCharacter
LogPluginManager: Mounting plugin CableComponent
LogPluginManager: Mounting plugin CustomMeshComponent
LogPluginManager: Mounting plugin ExampleDeviceProfileSelector
LogPluginManager: Mounting plugin GoogleCloudMessaging
LogPluginManager: Mounting plugin ImmediatePhysics
LogPluginManager: Mounting plugin IOSDeviceProfileSelector
LogPluginManager: Mounting plugin LinuxDeviceProfileSelector
LogPluginManager: Mounting plugin LocationServicesBPLibrary
LogPluginManager: Mounting plugin MobilePatchingUtils
LogPluginManager: Mounting plugin OculusVR
LogPluginManager: Mounting plugin PhysXVehicles
LogPluginManager: Mounting plugin ProceduralMeshComponent
LogPluginManager: Mounting plugin RuntimePhysXCooking
LogPluginManager: Mounting plugin SteamVR
LogPluginManager: Mounting plugin WindowsMoviePlayer
LogInit: Using libcurl 7.47.1
LogInit:  - built for x86_64-pc-win32
LogInit:  - supports SSL with OpenSSL/1.0.2g
LogInit:  - supports HTTP deflate (compression) using libz 1.2.8
LogInit:  - other features:
LogInit:      CURL_VERSION_SSL
LogInit:      CURL_VERSION_LIBZ
LogInit:      CURL_VERSION_IPV6
LogInit:      CURL_VERSION_ASYNCHDNS
LogInit:      CURL_VERSION_LARGEFILE
LogInit:      CURL_VERSION_IDN
LogInit:  CurlRequestOptions (configurable via config and command line):
LogInit:  - bVerifyPeer = false  - Libcurl will NOT verify peer certificate
LogInit:  - bUseHttpProxy = false  - Libcurl will NOT use HTTP proxy
LogInit:  - bDontReuseConnections = false  - Libcurl will reuse connections
LogInit:  - CertBundlePath = nullptr  - Libcurl will use whatever was configured at build time.
LogInit: Build: ++UE4+Release-4.17-CL-3658906
LogInit: Engine Version: 4.17.2-3658906+++UE4+Release-4.17
LogInit: Compatible Engine Version: 4.17.0-3573198+++UE4+Release-4.17
LogInit: Net CL: 3573198
LogDevObjectVersion: Number of dev versions registered: 16
LogDevObjectVersion:   Dev-Blueprints (B0D832E4-1F89-4F0D-ACCF-7EB736FD4AA2): 10
LogDevObjectVersion:   Dev-Build (E1C64328-A22C-4D53-A36C-8E866417BD8C): 0
LogDevObjectVersion:   Dev-Core (375EC13C-06E4-48FB-B500-84F0262A717E): 2
LogDevObjectVersion:   Dev-Editor (E4B068ED-F494-42E9-A231-DA0B2E46BB41): 20
LogDevObjectVersion:   Dev-Framework (CFFC743F-43B0-4480-9391-14DF171D2073): 28
LogDevObjectVersion:   Dev-Mobile (B02B49B5-BB20-44E9-A304-32B752E40360): 0
LogDevObjectVersion:   Dev-Networking (A4E4105C-59A1-49B5-A7C5-40C4547EDFEE): 0
LogDevObjectVersion:   Dev-Online (39C831C9-5AE6-47DC-9A44-9C173E1C8E7C): 0
LogDevObjectVersion:   Dev-Physics (78F01B33-EBEA-4F98-B9B4-84EACCB95AA2): 0
LogDevObjectVersion:   Dev-Platform (6631380F-2D4D-43E0-8009-CF276956A95A): 0
LogDevObjectVersion:   Dev-Rendering (12F88B9F-8875-4AFC-A67C-D90C383ABD29): 19
LogDevObjectVersion:   Dev-Sequencer (7B5AE74C-D270-4C10-A958-57980B212A5A): 4
LogDevObjectVersion:   Dev-VR (D7296918-1DD6-4BDD-9DE2-64A83CC13884): 0
LogDevObjectVersion:   Dev-LoadTimes (C2A15278-BFE7-4AFE-6C17-90FF531DF755): 1
LogDevObjectVersion:   Private-Geometry (6EACA3D4-40EC-4CC1-B786-8BED09428FC5): 1
LogDevObjectVersion:   Dev-AnimPhys (29E575DD-E0A3-4627-9D10-D276232CDCEA): 7
LogInit: Compiled (64-bit): Sep 22 2017 13:47:16
LogInit: Compiled with Visual C++: 19.00.24215.01
LogInit: Build Configuration: Development
LogInit: Branch Name: ++UE4+Release-4.17
LogInit: Command line: -EpicPortal 
LogInit: Base directory: C:/Program Files/Epic Games/UE_4.17/Engine/Binaries/Win64/
LogInit: Installed Engine Build: 1
LogInit: Presizing for max 8388607 objects, including 0 objects not considered by GC, pre-allocating 0 bytes for permanent pool.
LogInit: Object subsystem initialized
[2018.07.08-16.02.45:136][  0]LogInit: Selected Device Profile: [Windows]
[2018.07.08-16.02.45:136][  0]LogInit: Applying CVar settings loaded from the selected device profile: [Windows]
[2018.07.08-16.02.45:178][  0]LogInit: Computer: STARLORD
[2018.07.08-16.02.45:178][  0]LogInit: User: oaste
[2018.07.08-16.02.45:178][  0]LogInit: CPU Page size=4096, Cores=2
[2018.07.08-16.02.45:178][  0]LogInit: High frequency timer resolution =2.240906 MHz
[2018.07.08-16.02.45:178][  0]LogMemory: Memory total: Physical=7.8GB (8GB approx)
[2018.07.08-16.02.45:178][  0]LogMemory: Platform Memory Stats for Windows
[2018.07.08-16.02.45:178][  0]LogMemory: Process Physical Memory: 278.47 MB used, 278.47 MB peak
[2018.07.08-16.02.45:178][  0]LogMemory: Process Virtual Memory: 277.10 MB used, 277.10 MB peak
[2018.07.08-16.02.45:178][  0]LogMemory: Physical Memory: 3916.48 MB used,  4045.67 MB free, 7962.15 MB total
[2018.07.08-16.02.45:178][  0]LogMemory: Virtual Memory: 4792.99 MB used,  4045.67 MB free, 134217728.00 MB total
[2018.07.08-16.02.45:944][  0]LogInit: Using OS detected language (en-GB).
[2018.07.08-16.02.45:944][  0]LogInit: Using OS detected locale (en-GB).
[2018.07.08-16.02.45:949][  0]LogTextLocalizationManager: No specific localization for 'en-GB' exists, so the 'en' localization will be used.
[2018.07.08-16.02.47:447][  0]LogD3D11RHI: D3D11 adapters:
[2018.07.08-16.02.47:529][  0]LogD3D11RHI:    0. 'Intel(R) HD Graphics Family' (Feature Level 11_0)
[2018.07.08-16.02.47:529][  0]LogD3D11RHI:       112/0/2048 MB DedicatedVideo/DedicatedSystem/SharedSystem, Outputs:1, VendorId:0x8086
[2018.07.08-16.02.47:532][  0]LogD3D11RHI:    1. 'Microsoft Basic Render Driver' (Feature Level 11_0)
[2018.07.08-16.02.47:532][  0]LogD3D11RHI:       0/0/3981 MB DedicatedVideo/DedicatedSystem/SharedSystem, Outputs:0, VendorId:0x1414
[2018.07.08-16.02.47:532][  0]LogD3D11RHI: Chosen D3D11 Adapter: 0
[2018.07.08-16.02.47:541][  0]LogD3D11RHI: Creating new Direct3DDevice
[2018.07.08-16.02.47:541][  0]LogD3D11RHI:     GPU DeviceId: 0xa16 (for the marketing name, search the web for "GPU Device Id")
[2018.07.08-16.02.47:541][  0]LogWindows: EnumDisplayDevices:
[2018.07.08-16.02.47:541][  0]LogWindows:    0. 'Intel(R) HD Graphics Family' (P:1 D:1)
[2018.07.08-16.02.47:542][  0]LogWindows:    1. 'Intel(R) HD Graphics Family' (P:0 D:0)
[2018.07.08-16.02.47:542][  0]LogWindows:    2. 'Intel(R) HD Graphics Family' (P:0 D:0)
[2018.07.08-16.02.47:542][  0]LogWindows: DebugString: GetVideoDriverDetailsInvalid PrimaryIsNotTheChoosenAdapter GetVideoDriverDetailsInvalid PrimaryIsNotTheChoosenAdapter GetVideoDriverDetailsInvalid PrimaryIsNotTheChoosenAdapter FoundDriverCount:0 
[2018.07.08-16.02.47:542][  0]LogD3D11RHI:     Adapter Name: Intel(R) HD Graphics Family
[2018.07.08-16.02.47:542][  0]LogD3D11RHI:   Driver Version: Unknown (internal:Unknown, unified:Unknown)
[2018.07.08-16.02.47:542][  0]LogD3D11RHI:      Driver Date: Unknown
[2018.07.08-16.02.47:542][  0]LogRHI: Texture pool is 795 MB (70% of 1136 MB)
[2018.07.08-16.02.47:560][  0]LogD3D11RHI: Async texture creation enabled
[2018.07.08-16.02.47:575][  0]LogD3D11RHI: GPU Timing Frequency: 12.500000 (Debug: 2 0)
[2018.07.08-16.02.47:577][  0]LogShaderCompilers: Guid format shader working directory is -16 characters bigger than the processId version (../../../../../../Users/oaste/Documents/Unreal Projects/DCJnO/Intermediate/Shaders/WorkingDirectory/20456/).
[2018.07.08-16.02.47:577][  0]LogShaderCompilers: Cleaned the shader compiler working directory 'C:/Users/oaste/AppData/Local/Temp/UnrealShaderWorkingDir/8EBD66E148CDC4C6927B2785E5F09D58/'.
[2018.07.08-16.02.47:577][  0]LogShaderCompilers: Display: Using Local Shader Compiler.
[2018.07.08-16.02.49:395][  0]LogTemp: Display: Loaded TP AllDesktopTargetPlatform
[2018.07.08-16.02.49:505][  0]LogTemp: Display: Loaded TP MacClientTargetPlatform
[2018.07.08-16.02.49:599][  0]LogTemp: Display: Loaded TP MacNoEditorTargetPlatform
[2018.07.08-16.02.49:691][  0]LogTemp: Display: Loaded TP MacServerTargetPlatform
[2018.07.08-16.02.49:781][  0]LogTemp: Display: Loaded TP MacTargetPlatform
[2018.07.08-16.02.49:879][  0]LogTemp: Display: Loaded TP WindowsClientTargetPlatform
[2018.07.08-16.02.49:973][  0]LogTemp: Display: Loaded TP WindowsNoEditorTargetPlatform
[2018.07.08-16.02.50:085][  0]LogTemp: Display: Loaded TP WindowsServerTargetPlatform
[2018.07.08-16.02.50:174][  0]LogTemp: Display: Loaded TP WindowsTargetPlatform
[2018.07.08-16.02.50:273][  0]LogTemp: Display: Loaded TP AndroidTargetPlatform
[2018.07.08-16.02.50:366][  0]LogTemp: Display: Loaded TP Android_ASTCTargetPlatform
[2018.07.08-16.02.50:459][  0]LogTemp: Display: Loaded TP Android_ATCTargetPlatform
[2018.07.08-16.02.50:568][  0]LogTemp: Display: Loaded TP Android_DXTTargetPlatform
[2018.07.08-16.02.50:687][  0]LogTemp: Display: Loaded TP Android_ETC1TargetPlatform
[2018.07.08-16.02.50:785][  0]LogTemp: Display: Loaded TP Android_ETC2TargetPlatform
[2018.07.08-16.02.50:968][  0]LogTemp: Display: Loaded TP Android_MultiTargetPlatform
[2018.07.08-16.02.50:968][  0]LogTemp: Display: Loaded TP Android_PVRTCTargetPlatform
[2018.07.08-16.02.51:041][  0]LogTemp: Display: Loaded TP HTML5TargetPlatform
[2018.07.08-16.02.51:192][  0]LogTemp: Display: Loaded TP IOSTargetPlatform
[2018.07.08-16.02.51:246][  0]LogTemp: Display: Loaded TP TVOSTargetPlatform
[2018.07.08-16.02.51:341][  0]LogTemp: Display: Loaded TP LinuxClientTargetPlatform
[2018.07.08-16.02.51:433][  0]LogTemp: Display: Loaded TP LinuxNoEditorTargetPlatform
[2018.07.08-16.02.51:527][  0]LogTemp: Display: Loaded TP LinuxServerTargetPlatform
[2018.07.08-16.02.51:626][  0]LogTemp: Display: Loaded TP LinuxTargetPlatform
[2018.07.08-16.02.51:626][  0]LogTargetPlatformManager: Display: Building Assets For Windows
[2018.07.08-16.02.52:573][  0]LogDerivedDataCache: Display: Max Cache Size: 512 MB
[2018.07.08-16.02.52:704][  0]LogDerivedDataCache: Loaded boot cache 0.13s 93MB C:/Users/oaste/AppData/Local/UnrealEngine/4.17/DerivedDataCache/Boot.ddc.
[2018.07.08-16.02.52:704][  0]LogDerivedDataCache: Display: Loaded Boot cache: C:/Users/oaste/AppData/Local/UnrealEngine/4.17/DerivedDataCache/Boot.ddc
[2018.07.08-16.02.52:705][  0]LogDerivedDataCache: FDerivedDataBackendGraph:  Pak pak cache file ../../../../../../Users/oaste/Documents/Unreal Projects/DCJnO/DerivedDataCache/DDC.ddp not found, will not use a pak cache.
[2018.07.08-16.02.52:705][  0]LogDerivedDataCache: Unable to find inner node Pak for hierarchical cache Hierarchy.
[2018.07.08-16.02.52:705][  0]LogDerivedDataCache: FDerivedDataBackendGraph:  CompressedPak pak cache file ../../../../../../Users/oaste/Documents/Unreal Projects/DCJnO/DerivedDataCache/Compressed.ddp not found, will not use a pak cache.
[2018.07.08-16.02.52:705][  0]LogDerivedDataCache: Unable to find inner node CompressedPak for hierarchical cache Hierarchy.
[2018.07.08-16.02.52:731][  0]LogDerivedDataCache: Display: Pak cache opened for reading ../../../Engine/DerivedDataCache/Compressed.ddp.
[2018.07.08-16.02.52:744][  0]LogDerivedDataCache: Using Local data cache path C:/Users/oaste/AppData/Local/UnrealEngine/Common/DerivedDataCache: Writable
[2018.07.08-16.02.52:759][  0]LogMaterial: Verifying Global Shaders for PCD3D_SM5
[2018.07.08-16.02.52:760][  0]LogSlate: Using Freetype 2.6.0
[2018.07.08-16.02.52:761][  0]LogSlate: SlateFontCache - WITH_FREETYPE: 1, WITH_HARFBUZZ: 1
[2018.07.08-16.02.52:761][  0]LogSlate: SlateFontCache - WITH_FREETYPE: 1, WITH_HARFBUZZ: 1
[2018.07.08-16.02.53:196][  0]LogAssetRegistry: FAssetRegistry took 0.0290 seconds to start up
[2018.07.08-16.02.53:439][  0]LogInit: Selected Device Profile: [Windows]
[2018.07.08-16.02.53:683][  0]LogContentStreaming: Texture pool size is 0.00 MB
[2018.07.08-16.02.54:219][  0]LogSimplygon: Simplygon DLL not present - disabling.
[2018.07.08-16.02.54:307][  0]LogMeshReduction: Using SimplygonSwarm for distributed automatic mesh merging
[2018.07.08-16.02.54:307][  0]LogMeshReduction: Using QuadricMeshReduction for automatic static mesh reduction
[2018.07.08-16.02.54:307][  0]LogMeshReduction: No automatic skeletal mesh reduction module available
[2018.07.08-16.02.54:307][  0]LogMeshReduction: No automatic mesh merging module available
[2018.07.08-16.02.54:307][  0]LogMeshMerging: No automatic mesh merging module available
[2018.07.08-16.02.54:856][  0]LogNetVersion: DCJnO , NetCL: 3573198, EngineNetVer: 2, GameNetVer: 0 (Checksum: 2143308826)
[2018.07.08-16.02.55:235][  0]LogPackageLocalizationCache: Processed 5 localized package path(s) for 2 prioritized culture(s) in 0.071616 seconds
[2018.07.08-16.02.55:248][  0]LogUObjectArray: 35825 objects as part of root set at end of initial load.
[2018.07.08-16.02.55:248][  0]LogUObjectAllocator: 7529112 out of 0 bytes used by permanent object pool.
[2018.07.08-16.02.55:248][  0]LogUObjectArray: CloseDisregardForGC: 0/0 objects in disregard for GC pool
[2018.07.08-16.02.55:366][  0]LogInit: WinSock: version 1.1 (2.2), MaxSocks=32767, MaxUdp=65467
[2018.07.08-16.03.00:194][  0]LogTcpMessaging: Initializing TcpMessaging bridge
[2018.07.08-16.03.00:266][  0]LogUdpMessaging: Initializing bridge on interface 0.0.0.0:0 to multicast group 230.0.0.1:6666.
[2018.07.08-16.03.01:450][  0]LogMaterial: Uniform references updated for custom material expression Custom.
[2018.07.08-16.03.02:210][  0]SourceControl: Source control is disabled
[2018.07.08-16.03.02:211][  0]SourceControl: Source control is disabled
[2018.07.08-16.03.02:300][  0]SourceControl: Source control is disabled
[2018.07.08-16.03.02:390][  0]SourceControl: Source control is disabled
[2018.07.08-16.03.03:555][  0]LogAndroidPermission: UAndroidPermissionCallbackProxy::GetInstance
[2018.07.08-16.03.04:020][  0]LogOcInput: OculusInput pre-init called
[2018.07.08-16.03.04:514][  0]LogEngine: Initializing Engine...
[2018.07.08-16.03.04:517][  0]LogHMD: Failed to initialize OpenVR with code 110
[2018.07.08-16.03.04:856][  0]LogStats: UGameplayTagsManager::ConstructGameplayTagTree: Construct from data asset -  0.000 s
[2018.07.08-16.03.04:856][  0]LogStats: UGameplayTagsManager::ConstructGameplayTagTree: GameplayTagTreeChangedEvent.Broadcast -  0.000 s
[2018.07.08-16.03.05:101][  0]LogAIModule: Creating AISystem for world Untitled
[2018.07.08-16.03.05:113][  0]LogInit: XAudio2 using 'Speaker/HP (Realtek High Definition Audio)' : 2 channels at 48 kHz using 16 bits per sample (channel mask 0x3)
[2018.07.08-16.03.05:334][  0]LogInit: FAudioDevice initialized.
[2018.07.08-16.03.05:751][  0]LogDerivedDataCache: Saved boot cache 0.42s 93MB C:/Users/oaste/AppData/Local/UnrealEngine/4.17/DerivedDataCache/Boot.ddc.
[2018.07.08-16.03.05:773][  0]LogInit: Texture streaming: Enabled
[2018.07.08-16.03.06:012][  0]LogEngineSessionManager: EngineSessionManager initialized
[2018.07.08-16.03.06:478][  0]LogInit: Transaction tracking system initialized
[2018.07.08-16.03.07:145][  0]BlueprintLog: New page: Editor Load
[2018.07.08-16.03.09:163][  0]LocalizationService: Localization service is disabled
[2018.07.08-16.03.10:663][  0]LogConsoleResponse: Display: 
[2018.07.08-16.03.11:057][  0]LogCook: Display: Max memory allowance for cook 16384mb min free memory 0mb
[2018.07.08-16.03.11:057][  0]LogCook: Display: Mobile HDR setting 1
[2018.07.08-16.03.11:057][  0]LogGameplayTags: Display: UGameplayTagsManager::DoneAddingNativeTags. DelegateIsBound: 0
[2018.07.08-16.03.11:448][  0]LogFileCache: Scanning file cache for directory 'C:/Users/oaste/Documents/Unreal Projects/DCJnO/Content/' took 0.02s
[2018.07.08-16.03.13:620][  0]SourceControl: Source control is disabled
[2018.07.08-16.03.13:620][  0]Cmd: MAP LOAD FILE="../../../Engine/Content/Maps/Templates/Template_Default.umap" TEMPLATE=1 SHOWPROGRESS=1 FEATURELEVEL=3
[2018.07.08-16.03.13:621][  0]LightingResults: New page: Lighting Build
[2018.07.08-16.03.13:706][  0]MapCheck: New page: Map Check
[2018.07.08-16.03.13:706][  0]LightingResults: New page: Lighting Build
[2018.07.08-16.03.14:035][  0]LogAIModule: Creating AISystem for world Untitled_1
[2018.07.08-16.03.14:049][  0]LogEditorServer: Finished looking for orphan Actors (0.000 secs)
[2018.07.08-16.03.14:105][  0]Cmd: MAP CHECKDEP NOCLEARLOG
[2018.07.08-16.03.14:238][  0]MapCheck: Map check complete: 0 Error(s), 0 Warning(s), took 133.293ms to complete.
[2018.07.08-16.03.14:238][  0]LogFileHelpers: Loading map 'Template_Default' took 0.618
[2018.07.08-16.03.14:471][  0]LogCollectionManager: Loaded 0 collections in 0.002408 seconds
[2018.07.08-16.03.14:600][  0]LogFileCache: Scanning file cache for directory 'C:/Users/oaste/Documents/Unreal Projects/DCJnO/Saved/Collections/' took 0.01s
[2018.07.08-16.03.14:600][  0]LogFileCache: Scanning file cache for directory 'C:/Users/oaste/Documents/Unreal Projects/DCJnO/Content/Developers/oaste/Collections/' took 0.01s
[2018.07.08-16.03.14:600][  0]LogFileCache: Scanning file cache for directory 'C:/Users/oaste/Documents/Unreal Projects/DCJnO/Content/Collections/' took 0.01s
[2018.07.08-16.03.14:600][  0]LogCollectionManager: Rebuilt the GUID cache for 0 collections in 0.000000 seconds
[2018.07.08-16.03.14:616][  0]LogContentBrowser: Native class hierarchy populated in 0.0154 seconds. Added 2386 classes and 500 folders.
[2018.07.08-16.03.14:746][  0]LogContentBrowser: Native class hierarchy updated for 'WidgetCarousel' in 0.0017 seconds. Added 0 classes and 0 folders.
[2018.07.08-16.03.14:823][  0]LogContentBrowser: Native class hierarchy updated for 'AddContentDialog' in 0.0009 seconds. Added 0 classes and 0 folders.
[2018.07.08-16.03.14:927][  0]LogContentBrowser: Native class hierarchy updated for 'SceneOutliner' in 0.0009 seconds. Added 1 classes and 2 folders.
[2018.07.08-16.03.14:962][  0]LogSlate: Took 0.000488 seconds to synchronously load lazily loaded font '../../../Engine/Content/Slate/Fonts/Roboto-Regular.ttf' (155K)
[2018.07.08-16.03.14:966][  0]LogSlate: Took 0.000383 seconds to synchronously load lazily loaded font '../../../Engine/Content/Slate/Fonts/Roboto-Bold.ttf' (160K)
[2018.07.08-16.03.14:974][  0]LogSlate: Took 0.000353 seconds to synchronously load lazily loaded font '../../../Engine/Content/Editor/Slate/Fonts/FontAwesome.ttf' (139K)
[2018.07.08-16.03.15:180][  0]LogRenderer: Reallocating scene render targets to support 780x344 Format 10 NumSamples 1 (Frame:1).
[2018.07.08-16.03.16:008][  0]LogContentBrowser: Native class hierarchy updated for 'HierarchicalLODOutliner' in 0.0014 seconds. Added 1 classes and 2 folders.
[2018.07.08-16.03.16:009][  0]LogLoad: (Engine Initialization) Total time: 34.32 seconds
[2018.07.08-16.03.16:009][  0]LogLoad: (Engine Initialization) Total Blueprint compile time: 0.00 seconds
[2018.07.08-16.03.16:009][  0]LogExternalProfiler: No external profilers were discovered.  External profiling features will not be available.
[2018.07.08-16.03.16:369][  0]LogContentStreaming: Texture pool size now 1000 MB
[2018.07.08-16.03.16:393][  0]LogSlate: Took 0.000505 seconds to synchronously load lazily loaded font '../../../Engine/Content/Slate/Fonts/Roboto-Light.ttf' (159K)
[2018.07.08-16.03.16:700][  1]LogAssetRegistry: Asset discovery search completed in 23.5276 seconds
[2018.07.08-16.03.16:703][  1]LogCollectionManager: Rebuilt the object cache for 0 collections in 0.000000 seconds (found 0 objects)
[2018.07.08-16.03.16:703][  1]LogCollectionManager: Fixed up redirectors for 0 collections in 0.000091 seconds (updated 0 objects)
[2018.07.08-16.03.27:192][ 38]LogSlate: Took 0.001125 seconds to synchronously load lazily loaded font '../../../Engine/Content/Slate/Fonts/Roboto-Light.ttf' (159K)
[2018.07.08-16.03.27:525][ 38]LogAIModule: Creating AISystem for world Map2
[2018.07.08-16.03.27:555][ 38]Cmd: MAP LOAD FILE="../../../../../../Users/oaste/Documents/Unreal Projects/DCJnO/Content/Map2.umap" TEMPLATE=0 SHOWPROGRESS=1 FEATURELEVEL=3
[2018.07.08-16.03.27:555][ 38]LightingResults: New page: Lighting Build
[2018.07.08-16.03.27:556][ 38]LoadErrors: New page: Loading map: Map2.umap
[2018.07.08-16.03.27:557][ 38]MapCheck: New page: Map Check
[2018.07.08-16.03.27:557][ 38]LightingResults: New page: Lighting Build
[2018.07.08-16.03.27:578][ 38]LogEditorServer: Finished looking for orphan Actors (0.000 secs)
[2018.07.08-16.03.27:650][ 38]Cmd: MAP CHECKDEP NOCLEARLOG
[2018.07.08-16.03.27:752][ 38]MapCheck: Map check complete: 0 Error(s), 0 Warning(s), took 101.669ms to complete.
[2018.07.08-16.03.27:753][ 38]LogFileHelpers: Loading map 'Map2' took 0.199
[2018.07.08-16.03.57:422][828]LogSlate: Took 0.000374 seconds to synchronously load lazily loaded font '../../../Engine/Content/Slate/Fonts/Roboto-Regular.ttf' (155K)
[2018.07.08-16.03.57:606][828]LogContentBrowser: Native class hierarchy updated for 'BlueprintGraph' in 0.0014 seconds. Added 113 classes and 0 folders.
[2018.07.08-16.03.58:656][828]LogSlate: Took 0.055206 seconds to synchronously load lazily loaded font '../../../Engine/Content/Editor/Slate/Fonts/Roboto-BoldCondensed.ttf' (158K)
[2018.07.08-16.03.58:824][829]LogSlate: Took 0.019136 seconds to synchronously load lazily loaded font '../../../Engine/Content/Editor/Slate/Fonts/Roboto-Italic.ttf' (157K)
[2018.07.08-16.04.34:258][794]LogTemp: Executing iPhonePackager certificates Engine -bundlename com.YourCompany.DCJnO
[2018.07.08-16.04.34:258][794]LogTemp: CWD: C:\Program Files\Epic Games\UE_4.17\Engine\Binaries\DotNET\IOS
[2018.07.08-16.04.34:258][794]LogTemp: Initial Dir: C:\Program Files\Epic Games\UE_4.17
[2018.07.08-16.04.34:258][794]LogTemp: Env CWD: C:\Program Files\Epic Games\UE_4.17\Engine\Binaries\DotNET\IOS
[2018.07.08-16.04.34:295][795]LogTemp: BranchPath = STARLORD/C/Program Files/Epic Games/UE_4.17/Engine/Binaries --- GameBranchPath = STARLORD/C/Program Files/Epic Games/UE_4.17/Engine/Binaries
[2018.07.08-16.04.35:047][813]LogTemp: IPP ERROR: Could not find provision directory 'C:\Users\oaste\AppData\Local/Apple Computer/MobileDevice/Provisioning Profiles/'.
[2018.07.08-16.05.19:758][256]LogSlate: Took 0.000254 seconds to synchronously load lazily loaded font '../../../Engine/Content/Slate/Fonts/Roboto-Light.ttf' (159K)
[2018.07.08-16.10.00:284][666]BlueprintLog: New page: Compile JokerPlayerAI
[2018.07.08-16.10.58:966][664]LogLinker: Warning: Can't find file '/Game/GreenArrow/GA_Skeleton'
[2018.07.08-16.10.58:966][664]LoadErrors: Failed to load /Game/GreenArrow/GA_Skeleton.GA_Skeleton Referenced by Default__GreenArrowCharacter_C
[2018.07.08-16.10.58:966][664]LogLinker: Warning: Can't find file for asset '/Game/GreenArrow/GA_Skeleton' while loading ../../../../../../Users/oaste/Documents/Unreal Projects/DCJnO/Content/GreenArrow/GreenArrowBasic.uasset.
[2018.07.08-16.10.58:966][664]LoadErrors: Error: /Game/GreenArrow/GreenArrowBasic : Can't find file for asset. /Game/GreenArrow/GA_Skeleton
[2018.07.08-16.11.00:092][664]LogLinker: Warning: Can't find file '/Game/GreenArrow/GA_Skeleton'
[2018.07.08-16.11.00:092][664]LogLinker: Warning: Can't find file for asset '/Game/GreenArrow/GA_Skeleton' while loading ../../../../../../Users/oaste/Documents/Unreal Projects/DCJnO/Content/GreenArrow/GreenArrowBasic.uasset.
[2018.07.08-16.11.00:093][664]LogLinker: Warning: Can't find file '/Game/GreenArrow/GA_Skeleton'
[2018.07.08-16.11.00:093][664]LogLinker: Warning: Can't find file for asset '/Game/GreenArrow/GA_Skeleton' while loading ../../../../../../Users/oaste/Documents/Unreal Projects/DCJnO/Content/GreenArrow/GreenArrowBasic.uasset.
[2018.07.08-16.11.00:409][664]LogLinker: Warning: Can't find file '/Game/GreenArrow/GA_Skeleton'
[2018.07.08-16.11.00:409][664]LogLinker: Warning: Can't find file for asset '/Game/GreenArrow/GA_Skeleton' while loading ../../../../../../Users/oaste/Documents/Unreal Projects/DCJnO/Content/GreenArrow/GreenArrowCharacter.uasset.
[2018.07.08-16.11.00:409][664]LoadErrors: Error: /Game/GreenArrow/GreenArrowCharacter : Can't find file for asset. /Game/GreenArrow/GA_Skeleton
[2018.07.08-16.11.00:411][664]LogLinker: Warning: Can't find file '/Game/GreenArrow/GA_Skeleton'
[2018.07.08-16.11.00:412][664]LogLinker: Warning: Can't find file for asset '/Game/GreenArrow/GA_Skeleton' while loading ../../../../../../Users/oaste/Documents/Unreal Projects/DCJnO/Content/GreenArrow/GreenArrowCharacter.uasset.
[2018.07.08-16.11.03:215][664]LogSkinnedMeshComp: Warning: GetSocketByName(LeftHand): No SkeletalMesh for Component(CharacterMesh0) Actor(GreenArrowCharacter_C_0)
[2018.07.08-16.11.03:215][664]LogSkinnedMeshComp: Warning: GetSocketByName(LeftHand): No SkeletalMesh for Component(CharacterMesh0) Actor(GreenArrowCharacter_C_0)
[2018.07.08-16.11.03:215][664]LogSkinnedMeshComp: Warning: GetSocketByName(LeftHand): No SkeletalMesh for Component(CharacterMesh0) Actor(GreenArrowCharacter_C_0)
[2018.07.08-16.11.03:215][664]LogSkinnedMeshComp: Warning: GetSocketByName(LeftHand): No SkeletalMesh for Component(CharacterMesh0) Actor(GreenArrowCharacter_C_0)
[2018.07.08-16.11.03:216][664]LogSkinnedMeshComp: Warning: GetSocketByName(LeftHand): No SkeletalMesh for Component(CharacterMesh0) Actor(GreenArrowCharacter_C_0)
[2018.07.08-16.11.03:216][664]LogSkinnedMeshComp: Warning: GetSocketByName(LeftHand): No SkeletalMesh for Component(CharacterMesh0) Actor(GreenArrowCharacter_C_0)
[2018.07.08-16.11.03:216][664]LogSkinnedMeshComp: Warning: GetSocketByName(LeftHand): No SkeletalMesh for Component(CharacterMesh0) Actor(GreenArrowCharacter_C_0)
[2018.07.08-16.11.03:216][664]LogSkinnedMeshComp: Warning: GetSocketByName(LeftHand): No SkeletalMesh for Component(CharacterMesh0) Actor(GreenArrowCharacter_C_0)
[2018.07.08-16.11.03:217][664]LogSkinnedMeshComp: Warning: GetSocketByName(LeftHand): No SkeletalMesh for Component(CharacterMesh0) Actor(GreenArrowCharacter_C_1)
[2018.07.08-16.11.03:217][664]LogSkinnedMeshComp: Warning: GetSocketByName(LeftHand): No SkeletalMesh for Component(CharacterMesh0) Actor(GreenArrowCharacter_C_1)
[2018.07.08-16.11.03:217][664]LogSkinnedMeshComp: Warning: GetSocketByName(LeftHand): No SkeletalMesh for Component(CharacterMesh0) Actor(GreenArrowCharacter_C_1)
[2018.07.08-16.11.03:218][664]LogSkinnedMeshComp: Warning: GetSocketByName(LeftHand): No SkeletalMesh for Component(CharacterMesh0) Actor(GreenArrowCharacter_C_1)
[2018.07.08-16.11.03:218][664]LogSkinnedMeshComp: Warning: GetSocketByName(LeftHand): No SkeletalMesh for Component(CharacterMesh0) Actor(GreenArrowCharacter_C_1)
[2018.07.08-16.11.03:218][664]LogSkinnedMeshComp: Warning: GetSocketByName(LeftHand): No SkeletalMesh for Component(CharacterMesh0) Actor(GreenArrowCharacter_C_1)
[2018.07.08-16.12.21:797][288]LogBlueprint: Warning: [Compiler ] Pasted node  CustomEvent   conflicted with  On See Pawn (PawnSensing)  and was replaced as a Custom Event!
[2018.07.08-16.12.50:598][193]BlueprintLog: New page: Compile JokerPlayerAI
[2018.07.08-16.13.54:136][988]BlueprintLog: New page: Compile JokerPlayerAI
[2018.07.08-16.13.56:256][ 18]LogActorComponent: UnregisterComponent: (/Engine/Transient.EditorFloorComp) Not registered. Aborting.
[2018.07.08-16.13.57:049][ 39]LogTemp: Repeating last play command: Selected Viewport
[2018.07.08-16.13.57:273][ 39]LogBlueprintUserMessages: Early PlayInEditor Detection: Level '/Game/Map2.Map2:PersistentLevel' has LevelScriptBlueprint '/Game/Map2.Map2:PersistentLevel.Map2' with GeneratedClass '/Game/Map2.Map2_C' with ClassGeneratedBy '/Game/Map2.Map2:PersistentLevel.Map2'
[2018.07.08-16.13.57:273][ 39]LogPlayLevel: PlayLevel: No blueprints needed recompiling
[2018.07.08-16.13.57:274][ 39]PIE: New page: PIE session: Map2 (8 Jul 2018 18:13:57)
[2018.07.08-16.13.57:274][ 39]LogPlayLevel: Creating play world package: /Game/UEDPIE_0_Map2
[2018.07.08-16.13.57:279][ 39]LogPlayLevel: PIE: StaticDuplicateObject took: (0.004802s)
[2018.07.08-16.13.57:280][ 39]LogAIModule: Creating AISystem for world Map2
[2018.07.08-16.13.57:280][ 39]LogPlayLevel: PIE: World Init took: (0.001137s)
[2018.07.08-16.13.57:280][ 39]LogPlayLevel: PIE: Created PIE world by copying editor world from /Game/Map2.Map2 to /Game/UEDPIE_0_Map2.Map2 (0.006350s)
[2018.07.08-16.13.57:319][ 39]LogInit: XAudio2 using 'Speaker/HP (Realtek High Definition Audio)' : 2 channels at 48 kHz using 16 bits per sample (channel mask 0x3)
[2018.07.08-16.13.57:351][ 39]LogInit: FAudioDevice initialized.
[2018.07.08-16.13.57:399][ 39]LogLoad: Game class is 'DCGamemode_C'
[2018.07.08-16.13.57:403][ 39]LogWorld: Bringing World /Game/UEDPIE_0_Map2.Map2 up for play (max tick rate 0) at 2018.07.08-17.13.57
[2018.07.08-16.13.57:404][ 39]LogWorld: Bringing up level for play took: 0.003737
[2018.07.08-16.13.57:491][ 39]LogContentBrowser: Native class hierarchy updated for 'MovieSceneCapture' in 0.0011 seconds. Added 11 classes and 0 folders.
[2018.07.08-16.13.57:491][ 39]LogGameMode: Display: Match State Changed from EnteringMap to WaitingToStart
[2018.07.08-16.13.57:491][ 39]LogGameState: Match State Changed from EnteringMap to WaitingToStart
[2018.07.08-16.13.57:491][ 39]LogGameMode: Display: Match State Changed from WaitingToStart to InProgress
[2018.07.08-16.13.57:494][ 39]LogGameState: Match State Changed from WaitingToStart to InProgress
[2018.07.08-16.13.57:494][ 39]PIE: Play in editor start time for /Game/UEDPIE_0_Map2 -0.464
[2018.07.08-16.13.57:494][ 39]LogBlueprintUserMessages: Late PlayInEditor Detection: Level '/Game/Map2.Map2:PersistentLevel' has LevelScriptBlueprint '/Game/Map2.Map2:PersistentLevel.Map2' with GeneratedClass '/Game/Map2.Map2_C' with ClassGeneratedBy '/Game/Map2.Map2:PersistentLevel.Map2'
[2018.07.08-16.14.26:080][761]LogBlueprintUserMessages: Early EndPlayMap Detection: Level '/Game/Map2.Map2:PersistentLevel' has LevelScriptBlueprint '/Game/Map2.Map2:PersistentLevel.Map2' with GeneratedClass '/Game/Map2.Map2_C' with ClassGeneratedBy '/Game/Map2.Map2:PersistentLevel.Map2'
[2018.07.08-16.14.26:164][761]LogBlueprintUserMessages: Late EndPlayMap Detection: Level '/Game/Map2.Map2:PersistentLevel' has LevelScriptBlueprint '/Game/Map2.Map2:PersistentLevel.Map2' with GeneratedClass '/Game/Map2.Map2_C' with ClassGeneratedBy '/Game/Map2.Map2:PersistentLevel.Map2'
[2018.07.08-16.14.59:918][563]Cmd: OBJ SAVEPACKAGE PACKAGE="/Game/Map2" FILE="../../../../../../Users/oaste/Documents/Unreal Projects/DCJnO/Saved/Autosaves/Game/Map2_Auto1.umap" SILENT=true AUTOSAVING=true KEEPDIRTY=false
[2018.07.08-16.15.00:243][563]LogSavePackage: Save=153.80ms
[2018.07.08-16.15.00:243][563]LogSavePackage: Moving '../../../../../../Users/oaste/Documents/Unreal Projects/DCJnO/Saved/Map2_Auto1E9FB700841BBBF176136EC9927832EB5.tmp' to '../../../../../../Users/oaste/Documents/Unreal Projects/DCJnO/Saved/Autosaves/Game/Map2_Auto1.umap'
[2018.07.08-16.15.00:246][563]LogSavePackage: Display: Finished SavePackage ../../../../../../Users/oaste/Documents/Unreal Projects/DCJnO/Saved/Autosaves/Game/Map2_Auto1.umap
[2018.07.08-16.15.00:248][563]LogFileHelpers: Editor autosave (incl. sublevels) for '/Game/Map2' took 0.411
[2018.07.08-16.15.00:249][563]LogFileHelpers: Editor autosave (incl. sublevels) for all levels took 0.411
[2018.07.08-16.15.00:252][563]OBJ SavePackage: Generating thumbnails for [1] asset(s) in package [/Game/Joker/JokerPlayerAI] ([1] browsable assets)...
[2018.07.08-16.15.00:314][563]OBJ SavePackage:     Rendered thumbnail for [Blueprint /Game/Joker/JokerPlayerAI.JokerPlayerAI]
[2018.07.08-16.15.00:314][563]OBJ SavePackage: Finished generating thumbnails for package [/Game/Joker/JokerPlayerAI]
[2018.07.08-16.15.00:436][563]LogSavePackage: Save=73.00ms
[2018.07.08-16.15.00:436][563]LogSavePackage: Moving '../../../../../../Users/oaste/Documents/Unreal Projects/DCJnO/Saved/JokerPlayerAI_Auto16C86E1A5449BE62E106125AFC3C6DC00.tmp' to '../../../../../../Users/oaste/Documents/Unreal Projects/DCJnO/Saved/Autosaves/Game/Joker/JokerPlayerAI_Auto1.uasset'
[2018.07.08-16.15.00:482][563]LogSavePackage: Display: Finished SavePackage ../../../../../../Users/oaste/Documents/Unreal Projects/DCJnO/Saved/Autosaves/Game/Joker/JokerPlayerAI_Auto1.uasset
[2018.07.08-16.15.00:482][563]LogFileHelpers: Auto-saving content packages took 0.232
[2018.07.08-17.24.18:634][497]LogFactory: FactoryCreateFile: StaticMesh with FbxFactory (0 0 C:\Users\oaste\Desktop\MotherBox1.obj)
[2018.07.08-17.24.18:768][497]LogFbx: Loading FBX Scene from C:\Users\oaste\Desktop\MotherBox1.obj
[2018.07.08-17.24.23:349][497]LogFbx: FBX Scene Loaded Succesfully
[2018.07.08-17.24.23:373][497]LogLinker: Warning: Can't find file '/Game/GreenArrow'
[2018.07.08-17.24.23:376][497]LogLinker: Warning: Can't find file '/Game/GreenArrow'
[2018.07.08-17.24.23:378][497]LogUObjectGlobals: Warning: Failed to find object 'Object /Game/GreenArrow.GreenArrow'
[2018.07.08-17.24.30:223][546]LogFactory: FactoryCreateFile: Texture with ReimportTextureFactory (0 0 C:\Users\oaste\Desktop\MotherBox1.png)
[2018.07.08-17.24.30:345][546]LogTexture: Display: Building textures: MotherBox1 (AutoDXT, 1024X1024)
[2018.07.08-17.24.38:153][788]LogEditorFactories: Performing atomic reimport of [C:/Users/oaste/Desktop/MotherBox1.obj]
[2018.07.08-17.24.38:275][788]LogFactory: FactoryCreateFile: Texture2D with ReimportTextureFactory (0 0 C:/Users/oaste/Desktop/MotherBox1.obj)
[2018.07.08-17.24.38:466][788]Error: Texture import failed
[2018.07.08-17.24.38:468][788]LogEditorFactories: Warning: -- import failed
[2018.07.08-17.24.44:147][ 22]LogEditorFactories: Performing atomic reimport of [C:/Users/oaste/Desktop/MotherBox1.obj]
[2018.07.08-17.24.44:255][ 22]LogFactory: FactoryCreateFile: Texture2D with ReimportTextureFactory (0 0 C:/Users/oaste/Desktop/MotherBox1.obj)
[2018.07.08-17.24.44:310][ 22]Error: Texture import failed
[2018.07.08-17.24.44:312][ 22]LogEditorFactories: Warning: -- import failed
[2018.07.08-17.24.46:503][104]LogEditorFactories: Performing atomic reimport of [C:/Users/oaste/Desktop/MotherBox1.obj]
[2018.07.08-17.24.46:615][104]LogFactory: FactoryCreateFile: Texture2D with ReimportTextureFactory (0 0 C:/Users/oaste/Desktop/MotherBox1.obj)
[2018.07.08-17.24.46:669][104]Error: Texture import failed
[2018.07.08-17.24.46:672][104]LogEditorFactories: Warning: -- import failed
[2018.07.08-17.24.53:081][254]LogEditorFactories: Performing atomic reimport of [C:/Users/oaste/Desktop/MotherBox1.obj]
[2018.07.08-17.24.53:172][254]LogFactory: FactoryCreateFile: Texture2D with ReimportTextureFactory (0 0 C:/Users/oaste/Desktop/MotherBox1.obj)
[2018.07.08-17.24.53:227][254]Error: Texture import failed
[2018.07.08-17.24.53:229][254]LogEditorFactories: Warning: -- import failed
[2018.07.08-17.25.00:030][415]LogFactory: FactoryCreateFile: StaticMesh with FbxFactory (0 0 C:\Users\oaste\Desktop\MotherBox1.obj)
[2018.07.08-17.25.00:160][415]LogFbx: Loading FBX Scene from C:\Users\oaste\Desktop\MotherBox1.obj
[2018.07.08-17.25.04:709][415]LogFbx: FBX Scene Loaded Succesfully
[2018.07.08-17.25.08:261][415]LogFbx: Loading FBX Scene from C:\Users\oaste\Desktop\MotherBox1.obj
[2018.07.08-17.25.12:622][415]LogFbx: FBX Scene Loaded Succesfully
[2018.07.08-17.25.12:649][415]LogLinker: Can't find file '/Game/Items/None'
[2018.07.08-17.25.12:649][415]LogLinker: Can't find file '/Game/Items/None'
[2018.07.08-17.25.12:654][415]LogLinker: Can't find file '/Game/Items/MotherBox1'
[2018.07.08-17.25.12:801][415]LogTexture: Display: Building textures: MotherBox2 (AutoDXT, 1024X1024)
[2018.07.08-17.25.14:921][415]LogMaterial: Missing cached shader map for material Material_0, compiling. 
[2018.07.08-17.25.15:039][415]LogFbx: Warning: Triangulating static mesh default
[2018.07.08-17.26.16:036][415]LogStaticMesh: Building static mesh MotherBox1...
