Log file open, 07/08/18 18:32:55
LogWindows: Failed to load 'aqProf.dll' (GetLastError=126)
LogWindows: File 'aqProf.dll' does not exist
LogWindows: Failed to load 'VSPerf140.dll' (GetLastError=126)
LogWindows: File 'VSPerf140.dll' does not exist
LogWindows: Failed to load 'VtuneApi.dll' (GetLastError=126)
LogWindows: File 'VtuneApi.dll' does not exist
LogWindows: Failed to load 'VtuneApi32e.dll' (GetLastError=126)
LogWindows: File 'VtuneApi32e.dll' does not exist
LogInit: Display: Running engine for game: DCJnO
LogPlatformFile: Not using cached read wrapper
LogInit: Display: RandInit(-973079772) SRandInit(-973079772).
LogTaskGraph: Started task graph with 5 named threads and 8 total threads with 3 sets of task threads.
LogStats: Stats thread started at 0.169310
LogD3D11RHI: Aftermath initialized
LogPluginManager: Mounting plugin Paper2D
LogPluginManager: Mounting plugin LightPropagationVolume
LogPluginManager: Mounting plugin CodeLiteSourceCodeAccess
LogPluginManager: Mounting plugin GitSourceControl
LogPluginManager: Mounting plugin KDevelopSourceCodeAccess
LogPluginManager: Mounting plugin NullSourceCodeAccess
LogPluginManager: Mounting plugin PerforceSourceControl
LogPluginManager: Mounting plugin SubversionSourceControl
LogPluginManager: Mounting plugin UObjectPlugin
LogPluginManager: Mounting plugin VisualStudioSourceCodeAccess
LogPluginManager: Mounting plugin XCodeSourceCodeAccess
LogPluginManager: Mounting plugin AssetManagerEditor
LogPluginManager: Mounting plugin AudioCapture
LogPluginManager: Mounting plugin FacialAnimation
LogPluginManager: Mounting plugin GameplayTagsEditor
LogPluginManager: Mounting plugin MobileLauncherProfileWizard
LogPluginManager: Mounting plugin PluginBrowser
LogPluginManager: Mounting plugin SpeedTreeImporter
LogPluginManager: Mounting plugin AlembicImporter
LogPluginManager: Mounting plugin CharacterAI
LogPluginManager: Mounting plugin HTML5Networking
LogPluginManager: Mounting plugin AndroidMedia
LogPluginManager: Mounting plugin AvfMedia
LogPluginManager: Mounting plugin MediaPlayerEditor
LogPluginManager: Mounting plugin WmfMedia
LogPluginManager: Mounting plugin TcpMessaging
LogPluginManager: Mounting plugin UdpMessaging
LogPluginManager: Mounting plugin LevelSequenceEditor
LogPluginManager: Mounting plugin MatineeToLevelSequence
LogPluginManager: Mounting plugin OnlineSubsystemGooglePlay
LogPluginManager: Mounting plugin OnlineSubsystemIOS
LogPluginManager: Mounting plugin OnlineSubsystem
LogPluginManager: Mounting plugin OnlineSubsystemNull
LogPluginManager: Mounting plugin OnlineSubsystemUtils
LogPluginManager: Mounting plugin AndroidDeviceProfileSelector
LogPluginManager: Mounting plugin AndroidMoviePlayer
LogPluginManager: Mounting plugin AndroidPermission
LogPluginManager: Mounting plugin AppleMoviePlayer
LogPluginManager: Mounting plugin ArchVisCharacter
LogPluginManager: Mounting plugin CableComponent
LogPluginManager: Mounting plugin CustomMeshComponent
LogPluginManager: Mounting plugin ExampleDeviceProfileSelector
LogPluginManager: Mounting plugin GoogleCloudMessaging
LogPluginManager: Mounting plugin ImmediatePhysics
LogPluginManager: Mounting plugin IOSDeviceProfileSelector
LogPluginManager: Mounting plugin LinuxDeviceProfileSelector
LogPluginManager: Mounting plugin LocationServicesBPLibrary
LogPluginManager: Mounting plugin MobilePatchingUtils
LogPluginManager: Mounting plugin OculusVR
LogPluginManager: Mounting plugin PhysXVehicles
LogPluginManager: Mounting plugin ProceduralMeshComponent
LogPluginManager: Mounting plugin RuntimePhysXCooking
LogPluginManager: Mounting plugin SteamVR
LogPluginManager: Mounting plugin WindowsMoviePlayer
LogInit: Using libcurl 7.47.1
LogInit:  - built for x86_64-pc-win32
LogInit:  - supports SSL with OpenSSL/1.0.2g
LogInit:  - supports HTTP deflate (compression) using libz 1.2.8
LogInit:  - other features:
LogInit:      CURL_VERSION_SSL
LogInit:      CURL_VERSION_LIBZ
LogInit:      CURL_VERSION_IPV6
LogInit:      CURL_VERSION_ASYNCHDNS
LogInit:      CURL_VERSION_LARGEFILE
LogInit:      CURL_VERSION_IDN
LogInit:  CurlRequestOptions (configurable via config and command line):
LogInit:  - bVerifyPeer = false  - Libcurl will NOT verify peer certificate
LogInit:  - bUseHttpProxy = false  - Libcurl will NOT use HTTP proxy
LogInit:  - bDontReuseConnections = false  - Libcurl will reuse connections
LogInit:  - CertBundlePath = nullptr  - Libcurl will use whatever was configured at build time.
LogInit: Build: ++UE4+Release-4.17-CL-3658906
LogInit: Engine Version: 4.17.2-3658906+++UE4+Release-4.17
LogInit: Compatible Engine Version: 4.17.0-3573198+++UE4+Release-4.17
LogInit: Net CL: 3573198
LogDevObjectVersion: Number of dev versions registered: 16
LogDevObjectVersion:   Dev-Blueprints (B0D832E4-1F89-4F0D-ACCF-7EB736FD4AA2): 10
LogDevObjectVersion:   Dev-Build (E1C64328-A22C-4D53-A36C-8E866417BD8C): 0
LogDevObjectVersion:   Dev-Core (375EC13C-06E4-48FB-B500-84F0262A717E): 2
LogDevObjectVersion:   Dev-Editor (E4B068ED-F494-42E9-A231-DA0B2E46BB41): 20
LogDevObjectVersion:   Dev-Framework (CFFC743F-43B0-4480-9391-14DF171D2073): 28
LogDevObjectVersion:   Dev-Mobile (B02B49B5-BB20-44E9-A304-32B752E40360): 0
LogDevObjectVersion:   Dev-Networking (A4E4105C-59A1-49B5-A7C5-40C4547EDFEE): 0
LogDevObjectVersion:   Dev-Online (39C831C9-5AE6-47DC-9A44-9C173E1C8E7C): 0
LogDevObjectVersion:   Dev-Physics (78F01B33-EBEA-4F98-B9B4-84EACCB95AA2): 0
LogDevObjectVersion:   Dev-Platform (6631380F-2D4D-43E0-8009-CF276956A95A): 0
LogDevObjectVersion:   Dev-Rendering (12F88B9F-8875-4AFC-A67C-D90C383ABD29): 19
LogDevObjectVersion:   Dev-Sequencer (7B5AE74C-D270-4C10-A958-57980B212A5A): 4
LogDevObjectVersion:   Dev-VR (D7296918-1DD6-4BDD-9DE2-64A83CC13884): 0
LogDevObjectVersion:   Dev-LoadTimes (C2A15278-BFE7-4AFE-6C17-90FF531DF755): 1
LogDevObjectVersion:   Private-Geometry (6EACA3D4-40EC-4CC1-B786-8BED09428FC5): 1
LogDevObjectVersion:   Dev-AnimPhys (29E575DD-E0A3-4627-9D10-D276232CDCEA): 7
LogInit: Compiled (64-bit): Sep 22 2017 13:47:16
LogInit: Compiled with Visual C++: 19.00.24215.01
LogInit: Build Configuration: Development
LogInit: Branch Name: ++UE4+Release-4.17
LogInit: Command line: -EpicPortal 
LogInit: Base directory: C:/Program Files/Epic Games/UE_4.17/Engine/Binaries/Win64/
LogInit: Installed Engine Build: 1
LogInit: Presizing for max 8388607 objects, including 0 objects not considered by GC, pre-allocating 0 bytes for permanent pool.
LogInit: Object subsystem initialized
[2018.07.08-17.32.57:150][  0]LogInit: Selected Device Profile: [Windows]
[2018.07.08-17.32.57:150][  0]LogInit: Applying CVar settings loaded from the selected device profile: [Windows]
[2018.07.08-17.32.57:168][  0]LogInit: Computer: STARLORD
[2018.07.08-17.32.57:168][  0]LogInit: User: oaste
[2018.07.08-17.32.57:168][  0]LogInit: CPU Page size=4096, Cores=2
[2018.07.08-17.32.57:168][  0]LogInit: High frequency timer resolution =2.240906 MHz
[2018.07.08-17.32.57:169][  0]LogMemory: Memory total: Physical=7.8GB (8GB approx)
[2018.07.08-17.32.57:169][  0]LogMemory: Platform Memory Stats for Windows
[2018.07.08-17.32.57:169][  0]LogMemory: Process Physical Memory: 278.21 MB used, 278.21 MB peak
[2018.07.08-17.32.57:169][  0]LogMemory: Process Virtual Memory: 277.09 MB used, 277.09 MB peak
[2018.07.08-17.32.57:169][  0]LogMemory: Physical Memory: 3658.68 MB used,  4303.47 MB free, 7962.15 MB total
[2018.07.08-17.32.57:169][  0]LogMemory: Virtual Memory: 4792.99 MB used,  4303.47 MB free, 134217728.00 MB total
[2018.07.08-17.32.57:536][  0]LogInit: Using OS detected language (en-GB).
[2018.07.08-17.32.57:536][  0]LogInit: Using OS detected locale (en-GB).
[2018.07.08-17.32.57:541][  0]LogTextLocalizationManager: No specific localization for 'en-GB' exists, so the 'en' localization will be used.
[2018.07.08-17.32.58:682][  0]LogD3D11RHI: D3D11 adapters:
[2018.07.08-17.32.58:754][  0]LogD3D11RHI:    0. 'Intel(R) HD Graphics Family' (Feature Level 11_0)
[2018.07.08-17.32.58:755][  0]LogD3D11RHI:       112/0/2048 MB DedicatedVideo/DedicatedSystem/SharedSystem, Outputs:1, VendorId:0x8086
[2018.07.08-17.32.58:759][  0]LogD3D11RHI:    1. 'Microsoft Basic Render Driver' (Feature Level 11_0)
[2018.07.08-17.32.58:759][  0]LogD3D11RHI:       0/0/3981 MB DedicatedVideo/DedicatedSystem/SharedSystem, Outputs:0, VendorId:0x1414
[2018.07.08-17.32.58:759][  0]LogD3D11RHI: Chosen D3D11 Adapter: 0
[2018.07.08-17.32.58:767][  0]LogD3D11RHI: Creating new Direct3DDevice
[2018.07.08-17.32.58:767][  0]LogD3D11RHI:     GPU DeviceId: 0xa16 (for the marketing name, search the web for "GPU Device Id")
[2018.07.08-17.32.58:767][  0]LogWindows: EnumDisplayDevices:
[2018.07.08-17.32.58:767][  0]LogWindows:    0. 'Intel(R) HD Graphics Family' (P:1 D:1)
[2018.07.08-17.32.58:768][  0]LogWindows:    1. 'Intel(R) HD Graphics Family' (P:0 D:0)
[2018.07.08-17.32.58:768][  0]LogWindows:    2. 'Intel(R) HD Graphics Family' (P:0 D:0)
[2018.07.08-17.32.58:768][  0]LogWindows: DebugString: GetVideoDriverDetailsInvalid PrimaryIsNotTheChoosenAdapter GetVideoDriverDetailsInvalid PrimaryIsNotTheChoosenAdapter GetVideoDriverDetailsInvalid PrimaryIsNotTheChoosenAdapter FoundDriverCount:0 
[2018.07.08-17.32.58:768][  0]LogD3D11RHI:     Adapter Name: Intel(R) HD Graphics Family
[2018.07.08-17.32.58:768][  0]LogD3D11RHI:   Driver Version: Unknown (internal:Unknown, unified:Unknown)
[2018.07.08-17.32.58:768][  0]LogD3D11RHI:      Driver Date: Unknown
[2018.07.08-17.32.58:768][  0]LogRHI: Texture pool is 795 MB (70% of 1136 MB)
[2018.07.08-17.32.58:784][  0]LogD3D11RHI: Async texture creation enabled
[2018.07.08-17.32.58:793][  0]LogD3D11RHI: GPU Timing Frequency: 12.500000 (Debug: 2 0)
[2018.07.08-17.32.58:795][  0]LogShaderCompilers: Guid format shader working directory is -15 characters bigger than the processId version (../../../../../../Users/oaste/Documents/Unreal Projects/DCJnO/Intermediate/Shaders/WorkingDirectory/9744/).
[2018.07.08-17.32.58:795][  0]LogShaderCompilers: Cleaned the shader compiler working directory 'C:/Users/oaste/AppData/Local/Temp/UnrealShaderWorkingDir/48C6AB7D4A4A40F622502182D48E41B3/'.
[2018.07.08-17.32.58:795][  0]LogShaderCompilers: Display: Using Local Shader Compiler.
[2018.07.08-17.33.00:425][  0]LogTemp: Display: Loaded TP AllDesktopTargetPlatform
[2018.07.08-17.33.00:527][  0]LogTemp: Display: Loaded TP MacClientTargetPlatform
[2018.07.08-17.33.00:628][  0]LogTemp: Display: Loaded TP MacNoEditorTargetPlatform
[2018.07.08-17.33.00:723][  0]LogTemp: Display: Loaded TP MacServerTargetPlatform
[2018.07.08-17.33.00:818][  0]LogTemp: Display: Loaded TP MacTargetPlatform
[2018.07.08-17.33.00:909][  0]LogTemp: Display: Loaded TP WindowsClientTargetPlatform
[2018.07.08-17.33.01:000][  0]LogTemp: Display: Loaded TP WindowsNoEditorTargetPlatform
[2018.07.08-17.33.01:098][  0]LogTemp: Display: Loaded TP WindowsServerTargetPlatform
[2018.07.08-17.33.01:191][  0]LogTemp: Display: Loaded TP WindowsTargetPlatform
[2018.07.08-17.33.01:285][  0]LogTemp: Display: Loaded TP AndroidTargetPlatform
[2018.07.08-17.33.01:374][  0]LogTemp: Display: Loaded TP Android_ASTCTargetPlatform
[2018.07.08-17.33.01:464][  0]LogTemp: Display: Loaded TP Android_ATCTargetPlatform
[2018.07.08-17.33.01:565][  0]LogTemp: Display: Loaded TP Android_DXTTargetPlatform
[2018.07.08-17.33.01:656][  0]LogTemp: Display: Loaded TP Android_ETC1TargetPlatform
[2018.07.08-17.33.01:747][  0]LogTemp: Display: Loaded TP Android_ETC2TargetPlatform
[2018.07.08-17.33.01:931][  0]LogTemp: Display: Loaded TP Android_MultiTargetPlatform
[2018.07.08-17.33.01:931][  0]LogTemp: Display: Loaded TP Android_PVRTCTargetPlatform
[2018.07.08-17.33.02:007][  0]LogTemp: Display: Loaded TP HTML5TargetPlatform
[2018.07.08-17.33.02:156][  0]LogTemp: Display: Loaded TP IOSTargetPlatform
[2018.07.08-17.33.02:209][  0]LogTemp: Display: Loaded TP TVOSTargetPlatform
[2018.07.08-17.33.02:296][  0]LogTemp: Display: Loaded TP LinuxClientTargetPlatform
[2018.07.08-17.33.02:385][  0]LogTemp: Display: Loaded TP LinuxNoEditorTargetPlatform
[2018.07.08-17.33.02:476][  0]LogTemp: Display: Loaded TP LinuxServerTargetPlatform
[2018.07.08-17.33.02:577][  0]LogTemp: Display: Loaded TP LinuxTargetPlatform
[2018.07.08-17.33.02:577][  0]LogTargetPlatformManager: Display: Building Assets For Windows
[2018.07.08-17.33.03:463][  0]LogDerivedDataCache: Display: Max Cache Size: 512 MB
[2018.07.08-17.33.03:597][  0]LogDerivedDataCache: Loaded boot cache 0.13s 93MB C:/Users/oaste/AppData/Local/UnrealEngine/4.17/DerivedDataCache/Boot.ddc.
[2018.07.08-17.33.03:597][  0]LogDerivedDataCache: Display: Loaded Boot cache: C:/Users/oaste/AppData/Local/UnrealEngine/4.17/DerivedDataCache/Boot.ddc
[2018.07.08-17.33.03:597][  0]LogDerivedDataCache: FDerivedDataBackendGraph:  Pak pak cache file ../../../../../../Users/oaste/Documents/Unreal Projects/DCJnO/DerivedDataCache/DDC.ddp not found, will not use a pak cache.
[2018.07.08-17.33.03:597][  0]LogDerivedDataCache: Unable to find inner node Pak for hierarchical cache Hierarchy.
[2018.07.08-17.33.03:598][  0]LogDerivedDataCache: FDerivedDataBackendGraph:  CompressedPak pak cache file ../../../../../../Users/oaste/Documents/Unreal Projects/DCJnO/DerivedDataCache/Compressed.ddp not found, will not use a pak cache.
[2018.07.08-17.33.03:598][  0]LogDerivedDataCache: Unable to find inner node CompressedPak for hierarchical cache Hierarchy.
[2018.07.08-17.33.03:622][  0]LogDerivedDataCache: Display: Pak cache opened for reading ../../../Engine/DerivedDataCache/Compressed.ddp.
[2018.07.08-17.33.03:635][  0]LogDerivedDataCache: Using Local data cache path C:/Users/oaste/AppData/Local/UnrealEngine/Common/DerivedDataCache: Writable
[2018.07.08-17.33.03:650][  0]LogMaterial: Verifying Global Shaders for PCD3D_SM5
[2018.07.08-17.33.03:650][  0]LogSlate: Using Freetype 2.6.0
[2018.07.08-17.33.03:651][  0]LogSlate: SlateFontCache - WITH_FREETYPE: 1, WITH_HARFBUZZ: 1
[2018.07.08-17.33.03:651][  0]LogSlate: SlateFontCache - WITH_FREETYPE: 1, WITH_HARFBUZZ: 1
[2018.07.08-17.33.04:055][  0]LogAssetRegistry: FAssetRegistry took 0.0291 seconds to start up
[2018.07.08-17.33.04:275][  0]LogInit: Selected Device Profile: [Windows]
[2018.07.08-17.33.04:507][  0]LogContentStreaming: Texture pool size is 0.00 MB
[2018.07.08-17.33.05:050][  0]LogSimplygon: Simplygon DLL not present - disabling.
[2018.07.08-17.33.05:127][  0]LogMeshReduction: Using SimplygonSwarm for distributed automatic mesh merging
[2018.07.08-17.33.05:127][  0]LogMeshReduction: Using QuadricMeshReduction for automatic static mesh reduction
[2018.07.08-17.33.05:127][  0]LogMeshReduction: No automatic skeletal mesh reduction module available
[2018.07.08-17.33.05:127][  0]LogMeshReduction: No automatic mesh merging module available
[2018.07.08-17.33.05:127][  0]LogMeshMerging: No automatic mesh merging module available
[2018.07.08-17.33.05:681][  0]LogNetVersion: DCJnO , NetCL: 3573198, EngineNetVer: 2, GameNetVer: 0 (Checksum: 2143308826)
[2018.07.08-17.33.06:053][  0]LogPackageLocalizationCache: Processed 5 localized package path(s) for 2 prioritized culture(s) in 0.072052 seconds
[2018.07.08-17.33.06:061][  0]LogUObjectArray: 35825 objects as part of root set at end of initial load.
[2018.07.08-17.33.06:061][  0]LogUObjectAllocator: 7529112 out of 0 bytes used by permanent object pool.
[2018.07.08-17.33.06:061][  0]LogUObjectArray: CloseDisregardForGC: 0/0 objects in disregard for GC pool
[2018.07.08-17.33.06:174][  0]LogInit: WinSock: version 1.1 (2.2), MaxSocks=32767, MaxUdp=65467
[2018.07.08-17.33.10:889][  0]LogTcpMessaging: Initializing TcpMessaging bridge
[2018.07.08-17.33.10:950][  0]LogUdpMessaging: Initializing bridge on interface 0.0.0.0:0 to multicast group 230.0.0.1:6666.
[2018.07.08-17.33.12:084][  0]LogMaterial: Uniform references updated for custom material expression Custom.
[2018.07.08-17.33.12:815][  0]SourceControl: Source control is disabled
[2018.07.08-17.33.12:815][  0]SourceControl: Source control is disabled
[2018.07.08-17.33.12:902][  0]SourceControl: Source control is disabled
[2018.07.08-17.33.13:007][  0]SourceControl: Source control is disabled
[2018.07.08-17.33.14:083][  0]LogAndroidPermission: UAndroidPermissionCallbackProxy::GetInstance
[2018.07.08-17.33.14:532][  0]LogOcInput: OculusInput pre-init called
[2018.07.08-17.33.14:995][  0]LogEngine: Initializing Engine...
[2018.07.08-17.33.14:998][  0]LogHMD: Failed to initialize OpenVR with code 110
[2018.07.08-17.33.15:319][  0]LogStats: UGameplayTagsManager::ConstructGameplayTagTree: Construct from data asset -  0.000 s
[2018.07.08-17.33.15:319][  0]LogStats: UGameplayTagsManager::ConstructGameplayTagTree: GameplayTagTreeChangedEvent.Broadcast -  0.000 s
[2018.07.08-17.33.15:563][  0]LogAIModule: Creating AISystem for world Untitled
[2018.07.08-17.33.15:575][  0]LogInit: XAudio2 using 'Speaker/HP (Realtek High Definition Audio)' : 2 channels at 48 kHz using 16 bits per sample (channel mask 0x3)
[2018.07.08-17.33.15:753][  0]LogInit: FAudioDevice initialized.
[2018.07.08-17.33.16:036][  0]LogDerivedDataCache: Saved boot cache 0.28s 93MB C:/Users/oaste/AppData/Local/UnrealEngine/4.17/DerivedDataCache/Boot.ddc.
[2018.07.08-17.33.16:053][  0]LogInit: Texture streaming: Enabled
[2018.07.08-17.33.16:271][  0]LogEngineSessionManager: EngineSessionManager initialized
[2018.07.08-17.33.16:688][  0]LogInit: Transaction tracking system initialized
[2018.07.08-17.33.17:329][  0]BlueprintLog: New page: Editor Load
[2018.07.08-17.33.19:067][  0]LocalizationService: Localization service is disabled
[2018.07.08-17.33.20:367][  0]LogConsoleResponse: Display: 
[2018.07.08-17.33.20:707][  0]LogCook: Display: Max memory allowance for cook 16384mb min free memory 0mb
[2018.07.08-17.33.20:707][  0]LogCook: Display: Mobile HDR setting 1
[2018.07.08-17.33.20:707][  0]LogGameplayTags: Display: UGameplayTagsManager::DoneAddingNativeTags. DelegateIsBound: 0
[2018.07.08-17.33.21:027][  0]LogFileCache: Scanning file cache for directory 'C:/Users/oaste/Documents/Unreal Projects/DCJnO/Content/' took 0.01s
[2018.07.08-17.33.22:760][  0]SourceControl: Source control is disabled
[2018.07.08-17.33.22:924][  0]LogWindowsTextInputMethodSystem: Display: IME system now deactivated.
[2018.07.08-17.33.22:926][  0]LogSlate: Took 0.000469 seconds to synchronously load lazily loaded font '../../../Engine/Content/Slate/Fonts/Roboto-Regular.ttf' (155K)
[2018.07.08-17.33.31:349][  0]LogWindowsTextInputMethodSystem: Display: IME system now deactivated.
[2018.07.08-17.33.31:351][  0]LogWindowsTextInputMethodSystem: Display: IME system now deactivated.
[2018.07.08-17.33.33:936][  0]LogWindowsTextInputMethodSystem: Display: IME system now deactivated.
[2018.07.08-17.33.33:939][  0]LogWindowsTextInputMethodSystem: Display: IME system now deactivated.
[2018.07.08-17.33.33:963][  0]Cmd: MAP LOAD FILE="../../../Engine/Content/Maps/Templates/Template_Default.umap" TEMPLATE=1 SHOWPROGRESS=1 FEATURELEVEL=3
[2018.07.08-17.33.33:964][  0]LightingResults: New page: Lighting Build
[2018.07.08-17.33.34:109][  0]MapCheck: New page: Map Check
[2018.07.08-17.33.34:109][  0]LightingResults: New page: Lighting Build
[2018.07.08-17.33.34:497][  0]LogAIModule: Creating AISystem for world Untitled_1
[2018.07.08-17.33.34:509][  0]LogEditorServer: Finished looking for orphan Actors (0.000 secs)
[2018.07.08-17.33.34:554][  0]Cmd: MAP CHECKDEP NOCLEARLOG
[2018.07.08-17.33.34:685][  0]MapCheck: Map check complete: 0 Error(s), 0 Warning(s), took 130.848ms to complete.
[2018.07.08-17.33.34:685][  0]LogFileHelpers: Loading map 'Template_Default' took 0.723
[2018.07.08-17.33.34:830][  0]LogStats: Warning: MetaData mismatch. Did you assign a stat to two groups? New //STATGROUP_Threads//SplashScreenThread///Thread_2da4_0///####STATCAT_Advanced#### old //STATGROUP_Threads//SplashScreenThread///Thread_2980_0///####STATCAT_Advanced####
[2018.07.08-17.33.34:830][  0]LogCollectionManager: Loaded 0 collections in 0.002401 seconds
[2018.07.08-17.33.34:950][  0]LogFileCache: Scanning file cache for directory 'C:/Users/oaste/Documents/Unreal Projects/DCJnO/Saved/Collections/' took 0.01s
[2018.07.08-17.33.34:950][  0]LogFileCache: Scanning file cache for directory 'C:/Users/oaste/Documents/Unreal Projects/DCJnO/Content/Developers/oaste/Collections/' took 0.01s
[2018.07.08-17.33.34:950][  0]LogFileCache: Scanning file cache for directory 'C:/Users/oaste/Documents/Unreal Projects/DCJnO/Content/Collections/' took 0.01s
[2018.07.08-17.33.34:950][  0]LogCollectionManager: Rebuilt the GUID cache for 0 collections in 0.000000 seconds
[2018.07.08-17.33.34:965][  0]LogContentBrowser: Native class hierarchy populated in 0.0147 seconds. Added 2386 classes and 500 folders.
[2018.07.08-17.33.35:090][  0]LogContentBrowser: Native class hierarchy updated for 'WidgetCarousel' in 0.0008 seconds. Added 0 classes and 0 folders.
[2018.07.08-17.33.35:160][  0]LogContentBrowser: Native class hierarchy updated for 'AddContentDialog' in 0.0008 seconds. Added 0 classes and 0 folders.
[2018.07.08-17.33.35:260][  0]LogContentBrowser: Native class hierarchy updated for 'SceneOutliner' in 0.0008 seconds. Added 1 classes and 2 folders.
[2018.07.08-17.33.35:292][  0]LogSlate: Took 0.000432 seconds to synchronously load lazily loaded font '../../../Engine/Content/Slate/Fonts/Roboto-Bold.ttf' (160K)
[2018.07.08-17.33.35:302][  0]LogSlate: Took 0.000464 seconds to synchronously load lazily loaded font '../../../Engine/Content/Editor/Slate/Fonts/FontAwesome.ttf' (139K)
[2018.07.08-17.33.35:484][  0]LogRenderer: Reallocating scene render targets to support 780x344 Format 10 NumSamples 1 (Frame:1).
[2018.07.08-17.33.36:183][  0]LogContentBrowser: Native class hierarchy updated for 'HierarchicalLODOutliner' in 0.0009 seconds. Added 1 classes and 2 folders.
[2018.07.08-17.33.36:183][  0]LogLoad: (Engine Initialization) Total time: 41.95 seconds
[2018.07.08-17.33.36:183][  0]LogLoad: (Engine Initialization) Total Blueprint compile time: 0.00 seconds
[2018.07.08-17.33.36:183][  0]LogExternalProfiler: No external profilers were discovered.  External profiling features will not be available.
[2018.07.08-17.33.36:223][  0]LogContentStreaming: Texture pool size now 1000 MB
[2018.07.08-17.33.36:236][  0]LogSlate: Took 0.000455 seconds to synchronously load lazily loaded font '../../../Engine/Content/Slate/Fonts/Roboto-Light.ttf' (159K)
[2018.07.08-17.33.36:331][  2]LogAssetRegistry: Asset discovery search completed in 32.2988 seconds
[2018.07.08-17.33.36:335][  2]LogCollectionManager: Rebuilt the object cache for 0 collections in 0.000001 seconds (found 0 objects)
[2018.07.08-17.33.36:335][  2]LogCollectionManager: Fixed up redirectors for 0 collections in 0.000116 seconds (updated 0 objects)
[2018.07.08-17.34.42:500][132]LogSlate: Took 0.001250 seconds to synchronously load lazily loaded font '../../../Engine/Content/Slate/Fonts/Roboto-Light.ttf' (159K)
[2018.07.08-17.34.42:870][132]LogAIModule: Creating AISystem for world Map2
[2018.07.08-17.34.42:905][132]Cmd: MAP LOAD FILE="../../../../../../Users/oaste/Documents/Unreal Projects/DCJnO/Content/Map2.umap" TEMPLATE=0 SHOWPROGRESS=1 FEATURELEVEL=3
[2018.07.08-17.34.42:905][132]LightingResults: New page: Lighting Build
[2018.07.08-17.34.42:906][132]LoadErrors: New page: Loading map: Map2.umap
[2018.07.08-17.34.42:906][132]MapCheck: New page: Map Check
[2018.07.08-17.34.42:907][132]LightingResults: New page: Lighting Build
[2018.07.08-17.34.42:931][132]LogEditorServer: Finished looking for orphan Actors (0.000 secs)
[2018.07.08-17.34.43:007][132]Cmd: MAP CHECKDEP NOCLEARLOG
[2018.07.08-17.34.43:118][132]MapCheck: Map check complete: 0 Error(s), 0 Warning(s), took 110.789ms to complete.
[2018.07.08-17.34.43:120][132]LogFileHelpers: Loading map 'Map2' took 0.216
[2018.07.08-17.34.52:031][291]LogFactory: FactoryCreateFile: StaticMesh with FbxFactory (0 0 C:\Users\oaste\Desktop\MotherBox1.obj)
[2018.07.08-17.34.52:163][291]LogFbx: Loading FBX Scene from C:\Users\oaste\Desktop\MotherBox1.obj
[2018.07.08-17.34.56:484][291]LogFbx: FBX Scene Loaded Succesfully
[2018.07.08-17.34.56:491][291]LogSlate: Took 0.000378 seconds to synchronously load lazily loaded font '../../../Engine/Content/Slate/Fonts/Roboto-Regular.ttf' (155K)
[2018.07.08-17.34.56:507][291]LogLinker: Warning: Can't find file '/Game/GreenArrow'
[2018.07.08-17.34.56:509][291]LogLinker: Warning: Can't find file '/Game/GreenArrow'
[2018.07.08-17.34.56:512][291]LogUObjectGlobals: Warning: Failed to find object 'Object /Game/GreenArrow.GreenArrow'
[2018.07.08-17.34.59:368][291]LogFbx: Loading FBX Scene from C:\Users\oaste\Desktop\MotherBox1.obj
[2018.07.08-17.35.03:764][291]LogFbx: FBX Scene Loaded Succesfully
[2018.07.08-17.35.03:788][291]LogLinker: Can't find file '/Game/Items/None'
[2018.07.08-17.35.03:789][291]LogLinker: Can't find file '/Game/Items/None'
[2018.07.08-17.35.03:792][291]LogLinker: Can't find file '/Game/Items/MotherBox1'
[2018.07.08-17.35.03:934][291]LogTexture: Display: Building textures: MotherBox2 (AutoDXT, 1024X1024)
[2018.07.08-17.35.05:946][291]LogMaterial: Missing cached shader map for material Material_0, compiling. 
[2018.07.08-17.35.05:995][291]LogFbx: Warning: Triangulating static mesh default
[2018.07.08-17.36.06:314][291]LogStaticMesh: Building static mesh MotherBox1...
