Log file open, 07/05/18 16:21:08
LogWindows: Failed to load 'aqProf.dll' (GetLastError=126)
LogWindows: File 'aqProf.dll' does not exist
LogWindows: Failed to load 'VSPerf140.dll' (GetLastError=126)
LogWindows: File 'VSPerf140.dll' does not exist
LogWindows: Failed to load 'VtuneApi.dll' (GetLastError=126)
LogWindows: File 'VtuneApi.dll' does not exist
LogWindows: Failed to load 'VtuneApi32e.dll' (GetLastError=126)
LogWindows: File 'VtuneApi32e.dll' does not exist
LogInit: Display: Running engine for game: DCJnO
LogPlatformFile: Not using cached read wrapper
LogInit: Display: RandInit(1370358178) SRandInit(1370358179).
LogTaskGraph: Started task graph with 5 named threads and 8 total threads with 3 sets of task threads.
LogStats: Stats thread started at 0.322867
LogD3D11RHI: Aftermath initialized
LogPluginManager: Mounting plugin Paper2D
LogPluginManager: Mounting plugin LightPropagationVolume
LogPluginManager: Mounting plugin CodeLiteSourceCodeAccess
LogPluginManager: Mounting plugin GitSourceControl
LogPluginManager: Mounting plugin KDevelopSourceCodeAccess
LogPluginManager: Mounting plugin NullSourceCodeAccess
LogPluginManager: Mounting plugin PerforceSourceControl
LogPluginManager: Mounting plugin SubversionSourceControl
LogPluginManager: Mounting plugin UObjectPlugin
LogPluginManager: Mounting plugin VisualStudioSourceCodeAccess
LogPluginManager: Mounting plugin XCodeSourceCodeAccess
LogPluginManager: Mounting plugin AssetManagerEditor
LogPluginManager: Mounting plugin AudioCapture
LogPluginManager: Mounting plugin FacialAnimation
LogPluginManager: Mounting plugin GameplayTagsEditor
LogPluginManager: Mounting plugin MobileLauncherProfileWizard
LogPluginManager: Mounting plugin PluginBrowser
LogPluginManager: Mounting plugin SpeedTreeImporter
LogPluginManager: Mounting plugin AlembicImporter
LogPluginManager: Mounting plugin CharacterAI
LogPluginManager: Mounting plugin HTML5Networking
LogPluginManager: Mounting plugin AndroidMedia
LogPluginManager: Mounting plugin AvfMedia
LogPluginManager: Mounting plugin MediaPlayerEditor
LogPluginManager: Mounting plugin WmfMedia
LogPluginManager: Mounting plugin TcpMessaging
LogPluginManager: Mounting plugin UdpMessaging
LogPluginManager: Mounting plugin LevelSequenceEditor
LogPluginManager: Mounting plugin MatineeToLevelSequence
LogPluginManager: Mounting plugin OnlineSubsystemGooglePlay
LogPluginManager: Mounting plugin OnlineSubsystemIOS
LogPluginManager: Mounting plugin OnlineSubsystem
LogPluginManager: Mounting plugin OnlineSubsystemNull
LogPluginManager: Mounting plugin OnlineSubsystemUtils
LogPluginManager: Mounting plugin AndroidDeviceProfileSelector
LogPluginManager: Mounting plugin AndroidMoviePlayer
LogPluginManager: Mounting plugin AndroidPermission
LogPluginManager: Mounting plugin AppleMoviePlayer
LogPluginManager: Mounting plugin ArchVisCharacter
LogPluginManager: Mounting plugin CableComponent
LogPluginManager: Mounting plugin CustomMeshComponent
LogPluginManager: Mounting plugin ExampleDeviceProfileSelector
LogPluginManager: Mounting plugin GoogleCloudMessaging
LogPluginManager: Mounting plugin ImmediatePhysics
LogPluginManager: Mounting plugin IOSDeviceProfileSelector
LogPluginManager: Mounting plugin LinuxDeviceProfileSelector
LogPluginManager: Mounting plugin LocationServicesBPLibrary
LogPluginManager: Mounting plugin MobilePatchingUtils
LogPluginManager: Mounting plugin OculusVR
LogPluginManager: Mounting plugin PhysXVehicles
LogPluginManager: Mounting plugin ProceduralMeshComponent
LogPluginManager: Mounting plugin RuntimePhysXCooking
LogPluginManager: Mounting plugin SteamVR
LogPluginManager: Mounting plugin WindowsMoviePlayer
LogInit: Using libcurl 7.47.1
LogInit:  - built for x86_64-pc-win32
LogInit:  - supports SSL with OpenSSL/1.0.2g
LogInit:  - supports HTTP deflate (compression) using libz 1.2.8
LogInit:  - other features:
LogInit:      CURL_VERSION_SSL
LogInit:      CURL_VERSION_LIBZ
LogInit:      CURL_VERSION_IPV6
LogInit:      CURL_VERSION_ASYNCHDNS
LogInit:      CURL_VERSION_LARGEFILE
LogInit:      CURL_VERSION_IDN
LogInit:  CurlRequestOptions (configurable via config and command line):
LogInit:  - bVerifyPeer = false  - Libcurl will NOT verify peer certificate
LogInit:  - bUseHttpProxy = false  - Libcurl will NOT use HTTP proxy
LogInit:  - bDontReuseConnections = false  - Libcurl will reuse connections
LogInit:  - CertBundlePath = nullptr  - Libcurl will use whatever was configured at build time.
LogInit: Build: ++UE4+Release-4.17-CL-3658906
LogInit: Engine Version: 4.17.2-3658906+++UE4+Release-4.17
LogInit: Compatible Engine Version: 4.17.0-3573198+++UE4+Release-4.17
LogInit: Net CL: 3573198
LogDevObjectVersion: Number of dev versions registered: 16
LogDevObjectVersion:   Dev-Blueprints (B0D832E4-1F89-4F0D-ACCF-7EB736FD4AA2): 10
LogDevObjectVersion:   Dev-Build (E1C64328-A22C-4D53-A36C-8E866417BD8C): 0
LogDevObjectVersion:   Dev-Core (375EC13C-06E4-48FB-B500-84F0262A717E): 2
LogDevObjectVersion:   Dev-Editor (E4B068ED-F494-42E9-A231-DA0B2E46BB41): 20
LogDevObjectVersion:   Dev-Framework (CFFC743F-43B0-4480-9391-14DF171D2073): 28
LogDevObjectVersion:   Dev-Mobile (B02B49B5-BB20-44E9-A304-32B752E40360): 0
LogDevObjectVersion:   Dev-Networking (A4E4105C-59A1-49B5-A7C5-40C4547EDFEE): 0
LogDevObjectVersion:   Dev-Online (39C831C9-5AE6-47DC-9A44-9C173E1C8E7C): 0
LogDevObjectVersion:   Dev-Physics (78F01B33-EBEA-4F98-B9B4-84EACCB95AA2): 0
LogDevObjectVersion:   Dev-Platform (6631380F-2D4D-43E0-8009-CF276956A95A): 0
LogDevObjectVersion:   Dev-Rendering (12F88B9F-8875-4AFC-A67C-D90C383ABD29): 19
LogDevObjectVersion:   Dev-Sequencer (7B5AE74C-D270-4C10-A958-57980B212A5A): 4
LogDevObjectVersion:   Dev-VR (D7296918-1DD6-4BDD-9DE2-64A83CC13884): 0
LogDevObjectVersion:   Dev-LoadTimes (C2A15278-BFE7-4AFE-6C17-90FF531DF755): 1
LogDevObjectVersion:   Private-Geometry (6EACA3D4-40EC-4CC1-B786-8BED09428FC5): 1
LogDevObjectVersion:   Dev-AnimPhys (29E575DD-E0A3-4627-9D10-D276232CDCEA): 7
LogInit: Compiled (64-bit): Sep 22 2017 13:47:16
LogInit: Compiled with Visual C++: 19.00.24215.01
LogInit: Build Configuration: Development
LogInit: Branch Name: ++UE4+Release-4.17
LogInit: Command line: -EpicPortal 
LogInit: Base directory: C:/Program Files/Epic Games/UE_4.17/Engine/Binaries/Win64/
LogInit: Installed Engine Build: 1
LogInit: Presizing for max 8388607 objects, including 0 objects not considered by GC, pre-allocating 0 bytes for permanent pool.
LogInit: Object subsystem initialized
[2018.07.05-15.21.09:925][  0]LogInit: Selected Device Profile: [Windows]
[2018.07.05-15.21.09:925][  0]LogInit: Applying CVar settings loaded from the selected device profile: [Windows]
[2018.07.05-15.21.09:983][  0]LogInit: Computer: STARLORD
[2018.07.05-15.21.09:983][  0]LogInit: User: oaste
[2018.07.05-15.21.09:983][  0]LogInit: CPU Page size=4096, Cores=2
[2018.07.05-15.21.09:983][  0]LogInit: High frequency timer resolution =2.240911 MHz
[2018.07.05-15.21.09:984][  0]LogMemory: Memory total: Physical=7.8GB (8GB approx)
[2018.07.05-15.21.09:984][  0]LogMemory: Platform Memory Stats for Windows
[2018.07.05-15.21.09:984][  0]LogMemory: Process Physical Memory: 277.09 MB used, 277.09 MB peak
[2018.07.05-15.21.09:984][  0]LogMemory: Process Virtual Memory: 277.13 MB used, 277.13 MB peak
[2018.07.05-15.21.09:984][  0]LogMemory: Physical Memory: 5961.02 MB used,  2001.13 MB free, 7962.15 MB total
[2018.07.05-15.21.09:984][  0]LogMemory: Virtual Memory: 4792.99 MB used,  2001.13 MB free, 134217728.00 MB total
[2018.07.05-15.21.10:494][  0]LogInit: Using OS detected language (en-GB).
[2018.07.05-15.21.10:494][  0]LogInit: Using OS detected locale (en-GB).
[2018.07.05-15.21.10:500][  0]LogTextLocalizationManager: No specific localization for 'en-GB' exists, so the 'en' localization will be used.
[2018.07.05-15.21.11:961][  0]LogD3D11RHI: D3D11 adapters:
[2018.07.05-15.21.12:054][  0]LogD3D11RHI:    0. 'Intel(R) HD Graphics Family' (Feature Level 11_0)
[2018.07.05-15.21.12:054][  0]LogD3D11RHI:       112/0/2048 MB DedicatedVideo/DedicatedSystem/SharedSystem, Outputs:1, VendorId:0x8086
[2018.07.05-15.21.12:059][  0]LogD3D11RHI:    1. 'Microsoft Basic Render Driver' (Feature Level 11_0)
[2018.07.05-15.21.12:059][  0]LogD3D11RHI:       0/0/3981 MB DedicatedVideo/DedicatedSystem/SharedSystem, Outputs:0, VendorId:0x1414
[2018.07.05-15.21.12:059][  0]LogD3D11RHI: Chosen D3D11 Adapter: 0
[2018.07.05-15.21.12:082][  0]LogD3D11RHI: Creating new Direct3DDevice
[2018.07.05-15.21.12:082][  0]LogD3D11RHI:     GPU DeviceId: 0xa16 (for the marketing name, search the web for "GPU Device Id")
[2018.07.05-15.21.12:082][  0]LogWindows: EnumDisplayDevices:
[2018.07.05-15.21.12:082][  0]LogWindows:    0. 'Intel(R) HD Graphics Family' (P:1 D:1)
[2018.07.05-15.21.12:083][  0]LogWindows:    1. 'Intel(R) HD Graphics Family' (P:0 D:0)
[2018.07.05-15.21.12:083][  0]LogWindows:    2. 'Intel(R) HD Graphics Family' (P:0 D:0)
[2018.07.05-15.21.12:083][  0]LogWindows: DebugString: GetVideoDriverDetailsInvalid PrimaryIsNotTheChoosenAdapter GetVideoDriverDetailsInvalid PrimaryIsNotTheChoosenAdapter GetVideoDriverDetailsInvalid PrimaryIsNotTheChoosenAdapter FoundDriverCount:0 
[2018.07.05-15.21.12:083][  0]LogD3D11RHI:     Adapter Name: Intel(R) HD Graphics Family
[2018.07.05-15.21.12:083][  0]LogD3D11RHI:   Driver Version: Unknown (internal:Unknown, unified:Unknown)
[2018.07.05-15.21.12:083][  0]LogD3D11RHI:      Driver Date: Unknown
[2018.07.05-15.21.12:083][  0]LogRHI: Texture pool is 795 MB (70% of 1136 MB)
[2018.07.05-15.21.12:102][  0]LogD3D11RHI: Async texture creation enabled
[2018.07.05-15.21.12:152][  0]LogD3D11RHI: GPU Timing Frequency: 12.500000 (Debug: 2 0)
[2018.07.05-15.21.12:153][  0]LogShaderCompilers: Guid format shader working directory is -17 characters bigger than the processId version (../../../../../../Users/oaste/Documents/Unreal Projects/DCJnO/Intermediate/Shaders/WorkingDirectory/108884/).
[2018.07.05-15.21.12:154][  0]LogShaderCompilers: Cleaned the shader compiler working directory 'C:/Users/oaste/AppData/Local/Temp/UnrealShaderWorkingDir/0F8725C74BACC189256A3DB55BBBCE91/'.
[2018.07.05-15.21.12:154][  0]LogShaderCompilers: Display: Using Local Shader Compiler.
[2018.07.05-15.21.14:312][  0]LogTemp: Display: Loaded TP AllDesktopTargetPlatform
[2018.07.05-15.21.14:512][  0]LogTemp: Display: Loaded TP MacClientTargetPlatform
[2018.07.05-15.21.14:658][  0]LogTemp: Display: Loaded TP MacNoEditorTargetPlatform
[2018.07.05-15.21.14:850][  0]LogTemp: Display: Loaded TP MacServerTargetPlatform
[2018.07.05-15.21.14:995][  0]LogTemp: Display: Loaded TP MacTargetPlatform
[2018.07.05-15.21.15:133][  0]LogTemp: Display: Loaded TP WindowsClientTargetPlatform
[2018.07.05-15.21.15:265][  0]LogTemp: Display: Loaded TP WindowsNoEditorTargetPlatform
[2018.07.05-15.21.15:407][  0]LogTemp: Display: Loaded TP WindowsServerTargetPlatform
[2018.07.05-15.21.15:520][  0]LogTemp: Display: Loaded TP WindowsTargetPlatform
[2018.07.05-15.21.15:653][  0]LogTemp: Display: Loaded TP AndroidTargetPlatform
[2018.07.05-15.21.15:810][  0]LogTemp: Display: Loaded TP Android_ASTCTargetPlatform
[2018.07.05-15.21.15:983][  0]LogTemp: Display: Loaded TP Android_ATCTargetPlatform
[2018.07.05-15.21.16:098][  0]LogTemp: Display: Loaded TP Android_DXTTargetPlatform
[2018.07.05-15.21.16:205][  0]LogTemp: Display: Loaded TP Android_ETC1TargetPlatform
[2018.07.05-15.21.16:321][  0]LogTemp: Display: Loaded TP Android_ETC2TargetPlatform
[2018.07.05-15.21.16:560][  0]LogTemp: Display: Loaded TP Android_MultiTargetPlatform
[2018.07.05-15.21.16:560][  0]LogTemp: Display: Loaded TP Android_PVRTCTargetPlatform
[2018.07.05-15.21.16:652][  0]LogTemp: Display: Loaded TP HTML5TargetPlatform
[2018.07.05-15.21.16:940][  0]LogTemp: Display: Loaded TP IOSTargetPlatform
[2018.07.05-15.21.17:027][  0]LogTemp: Display: Loaded TP TVOSTargetPlatform
[2018.07.05-15.21.17:164][  0]LogTemp: Display: Loaded TP LinuxClientTargetPlatform
[2018.07.05-15.21.17:269][  0]LogTemp: Display: Loaded TP LinuxNoEditorTargetPlatform
[2018.07.05-15.21.17:383][  0]LogTemp: Display: Loaded TP LinuxServerTargetPlatform
[2018.07.05-15.21.17:518][  0]LogTemp: Display: Loaded TP LinuxTargetPlatform
[2018.07.05-15.21.17:518][  0]LogTargetPlatformManager: Display: Building Assets For Windows
[2018.07.05-15.21.18:833][  0]LogDerivedDataCache: Display: Max Cache Size: 512 MB
[2018.07.05-15.21.19:030][  0]LogDerivedDataCache: Loaded boot cache 0.20s 93MB C:/Users/oaste/AppData/Local/UnrealEngine/4.17/DerivedDataCache/Boot.ddc.
[2018.07.05-15.21.19:030][  0]LogDerivedDataCache: Display: Loaded Boot cache: C:/Users/oaste/AppData/Local/UnrealEngine/4.17/DerivedDataCache/Boot.ddc
[2018.07.05-15.21.19:031][  0]LogDerivedDataCache: FDerivedDataBackendGraph:  Pak pak cache file ../../../../../../Users/oaste/Documents/Unreal Projects/DCJnO/DerivedDataCache/DDC.ddp not found, will not use a pak cache.
[2018.07.05-15.21.19:031][  0]LogDerivedDataCache: Unable to find inner node Pak for hierarchical cache Hierarchy.
[2018.07.05-15.21.19:031][  0]LogDerivedDataCache: FDerivedDataBackendGraph:  CompressedPak pak cache file ../../../../../../Users/oaste/Documents/Unreal Projects/DCJnO/DerivedDataCache/Compressed.ddp not found, will not use a pak cache.
[2018.07.05-15.21.19:031][  0]LogDerivedDataCache: Unable to find inner node CompressedPak for hierarchical cache Hierarchy.
[2018.07.05-15.21.19:065][  0]LogDerivedDataCache: Display: Pak cache opened for reading ../../../Engine/DerivedDataCache/Compressed.ddp.
[2018.07.05-15.21.19:079][  0]LogDerivedDataCache: Using Local data cache path C:/Users/oaste/AppData/Local/UnrealEngine/Common/DerivedDataCache: Writable
[2018.07.05-15.21.19:100][  0]LogMaterial: Verifying Global Shaders for PCD3D_SM5
[2018.07.05-15.21.19:101][  0]LogSlate: Using Freetype 2.6.0
[2018.07.05-15.21.19:102][  0]LogSlate: SlateFontCache - WITH_FREETYPE: 1, WITH_HARFBUZZ: 1
[2018.07.05-15.21.19:102][  0]LogSlate: SlateFontCache - WITH_FREETYPE: 1, WITH_HARFBUZZ: 1
[2018.07.05-15.21.19:592][  0]LogAssetRegistry: FAssetRegistry took 0.0327 seconds to start up
[2018.07.05-15.21.19:893][  0]LogInit: Selected Device Profile: [Windows]
[2018.07.05-15.21.20:222][  0]LogContentStreaming: Texture pool size is 0.00 MB
[2018.07.05-15.21.21:006][  0]LogSimplygon: Simplygon DLL not present - disabling.
[2018.07.05-15.21.21:115][  0]LogMeshReduction: Using SimplygonSwarm for distributed automatic mesh merging
[2018.07.05-15.21.21:115][  0]LogMeshReduction: Using QuadricMeshReduction for automatic static mesh reduction
[2018.07.05-15.21.21:116][  0]LogMeshReduction: No automatic skeletal mesh reduction module available
[2018.07.05-15.21.21:116][  0]LogMeshReduction: No automatic mesh merging module available
[2018.07.05-15.21.21:116][  0]LogMeshMerging: No automatic mesh merging module available
[2018.07.05-15.21.21:840][  0]LogNetVersion: DCJnO , NetCL: 3573198, EngineNetVer: 2, GameNetVer: 0 (Checksum: 2143308826)
[2018.07.05-15.21.22:394][  0]LogPackageLocalizationCache: Processed 5 localized package path(s) for 2 prioritized culture(s) in 0.211382 seconds
[2018.07.05-15.21.22:406][  0]LogUObjectArray: 35825 objects as part of root set at end of initial load.
[2018.07.05-15.21.22:406][  0]LogUObjectAllocator: 7529104 out of 0 bytes used by permanent object pool.
[2018.07.05-15.21.22:406][  0]LogUObjectArray: CloseDisregardForGC: 0/0 objects in disregard for GC pool
[2018.07.05-15.21.22:564][  0]LogInit: WinSock: version 1.1 (2.2), MaxSocks=32767, MaxUdp=65467
[2018.07.05-15.21.28:508][  0]LogTcpMessaging: Initializing TcpMessaging bridge
[2018.07.05-15.21.28:591][  0]LogUdpMessaging: Initializing bridge on interface 0.0.0.0:0 to multicast group 230.0.0.1:6666.
[2018.07.05-15.21.30:169][  0]LogMaterial: Uniform references updated for custom material expression Custom.
[2018.07.05-15.21.31:197][  0]SourceControl: Source control is disabled
[2018.07.05-15.21.31:197][  0]SourceControl: Source control is disabled
[2018.07.05-15.21.31:315][  0]SourceControl: Source control is disabled
[2018.07.05-15.21.31:428][  0]SourceControl: Source control is disabled
[2018.07.05-15.21.32:950][  0]LogAndroidPermission: UAndroidPermissionCallbackProxy::GetInstance
[2018.07.05-15.21.33:572][  0]LogOcInput: OculusInput pre-init called
[2018.07.05-15.21.34:325][  0]LogEngine: Initializing Engine...
[2018.07.05-15.21.34:339][  0]LogHMD: Failed to initialize OpenVR with code 110
[2018.07.05-15.21.34:769][  0]LogStats: UGameplayTagsManager::ConstructGameplayTagTree: Construct from data asset -  0.000 s
[2018.07.05-15.21.34:769][  0]LogStats: UGameplayTagsManager::ConstructGameplayTagTree: GameplayTagTreeChangedEvent.Broadcast -  0.000 s
[2018.07.05-15.21.35:218][  0]LogAIModule: Creating AISystem for world Untitled
[2018.07.05-15.21.35:231][  0]LogInit: XAudio2 using 'Speaker/HP (Realtek High Definition Audio)' : 2 channels at 48 kHz using 16 bits per sample (channel mask 0x3)
[2018.07.05-15.21.35:418][  0]LogInit: FAudioDevice initialized.
[2018.07.05-15.21.35:788][  0]LogDerivedDataCache: Saved boot cache 0.37s 93MB C:/Users/oaste/AppData/Local/UnrealEngine/4.17/DerivedDataCache/Boot.ddc.
[2018.07.05-15.21.35:818][  0]LogInit: Texture streaming: Enabled
[2018.07.05-15.21.36:140][  0]LogEngineSessionManager: EngineSessionManager initialized
[2018.07.05-15.21.36:812][  0]LogInit: Transaction tracking system initialized
[2018.07.05-15.21.37:619][  0]BlueprintLog: New page: Editor Load
[2018.07.05-15.21.40:198][  0]LocalizationService: Localization service is disabled
[2018.07.05-15.21.42:236][  0]LogConsoleResponse: Display: 
[2018.07.05-15.21.42:805][  0]LogFileCache: Scanning file cache for directory 'C:/Users/oaste/Documents/Unreal Projects/DCJnO/Content/' took 0.06s
[2018.07.05-15.21.42:805][  0]LogCook: Display: Max memory allowance for cook 16384mb min free memory 0mb
[2018.07.05-15.21.42:806][  0]LogCook: Display: Mobile HDR setting 1
[2018.07.05-15.21.42:806][  0]LogGameplayTags: Display: UGameplayTagsManager::DoneAddingNativeTags. DelegateIsBound: 0
[2018.07.05-15.21.45:669][  0]SourceControl: Source control is disabled
[2018.07.05-15.21.45:670][  0]Cmd: MAP LOAD FILE="../../../Engine/Content/Maps/Templates/Template_Default.umap" TEMPLATE=1 SHOWPROGRESS=1 FEATURELEVEL=3
[2018.07.05-15.21.45:670][  0]LightingResults: New page: Lighting Build
[2018.07.05-15.21.45:801][  0]MapCheck: New page: Map Check
[2018.07.05-15.21.45:801][  0]LightingResults: New page: Lighting Build
[2018.07.05-15.21.46:223][  0]LogAIModule: Creating AISystem for world Untitled_1
[2018.07.05-15.21.46:235][  0]LogEditorServer: Finished looking for orphan Actors (0.000 secs)
[2018.07.05-15.21.46:295][  0]Cmd: MAP CHECKDEP NOCLEARLOG
[2018.07.05-15.21.46:427][  0]MapCheck: Map check complete: 0 Error(s), 0 Warning(s), took 131.619ms to complete.
[2018.07.05-15.21.46:427][  0]LogFileHelpers: Loading map 'Template_Default' took 0.757
[2018.07.05-15.21.47:032][  0]LogCollectionManager: Loaded 0 collections in 0.020370 seconds
[2018.07.05-15.21.47:227][  0]LogFileCache: Scanning file cache for directory 'C:/Users/oaste/Documents/Unreal Projects/DCJnO/Saved/Collections/' took 0.01s
[2018.07.05-15.21.47:227][  0]LogFileCache: Scanning file cache for directory 'C:/Users/oaste/Documents/Unreal Projects/DCJnO/Content/Developers/oaste/Collections/' took 0.01s
[2018.07.05-15.21.47:227][  0]LogFileCache: Scanning file cache for directory 'C:/Users/oaste/Documents/Unreal Projects/DCJnO/Content/Collections/' took 0.01s
[2018.07.05-15.21.47:227][  0]LogCollectionManager: Rebuilt the GUID cache for 0 collections in 0.000001 seconds
[2018.07.05-15.21.47:250][  0]LogContentBrowser: Native class hierarchy populated in 0.0212 seconds. Added 2386 classes and 500 folders.
[2018.07.05-15.21.47:410][  0]LogContentBrowser: Native class hierarchy updated for 'WidgetCarousel' in 0.0009 seconds. Added 0 classes and 0 folders.
[2018.07.05-15.21.49:216][  0]LogContentBrowser: Native class hierarchy updated for 'AddContentDialog' in 0.0014 seconds. Added 0 classes and 0 folders.
[2018.07.05-15.21.49:372][  0]LogContentBrowser: Native class hierarchy updated for 'SceneOutliner' in 0.0015 seconds. Added 1 classes and 2 folders.
[2018.07.05-15.21.49:538][  0]LogSlate: Took 0.000356 seconds to synchronously load lazily loaded font '../../../Engine/Content/Slate/Fonts/Roboto-Regular.ttf' (155K)
[2018.07.05-15.21.49:544][  0]LogSlate: Took 0.000407 seconds to synchronously load lazily loaded font '../../../Engine/Content/Slate/Fonts/Roboto-Bold.ttf' (160K)
[2018.07.05-15.21.49:567][  0]LogSlate: Took 0.016324 seconds to synchronously load lazily loaded font '../../../Engine/Content/Editor/Slate/Fonts/FontAwesome.ttf' (139K)
[2018.07.05-15.21.50:046][  0]LogRenderer: Reallocating scene render targets to support 780x344 Format 10 NumSamples 1 (Frame:1).
[2018.07.05-15.21.51:250][  0]LogContentBrowser: Native class hierarchy updated for 'HierarchicalLODOutliner' in 0.0015 seconds. Added 1 classes and 2 folders.
[2018.07.05-15.21.51:250][  0]LogLoad: (Engine Initialization) Total time: 45.60 seconds
[2018.07.05-15.21.51:251][  0]LogLoad: (Engine Initialization) Total Blueprint compile time: 0.00 seconds
[2018.07.05-15.21.51:251][  0]LogExternalProfiler: No external profilers were discovered.  External profiling features will not be available.
[2018.07.05-15.21.51:609][  0]LogContentStreaming: Texture pool size now 1000 MB
[2018.07.05-15.21.51:943][  1]LogAssetRegistry: Asset discovery search completed in 32.3739 seconds
[2018.07.05-15.21.51:947][  1]LogCollectionManager: Rebuilt the object cache for 0 collections in 0.000001 seconds (found 0 objects)
[2018.07.05-15.21.51:947][  1]LogCollectionManager: Fixed up redirectors for 0 collections in 0.000098 seconds (updated 0 objects)
[2018.07.05-15.21.52:635][  3]LogSlate: Took 0.041429 seconds to synchronously load lazily loaded font '../../../Engine/Content/Slate/Fonts/Roboto-Light.ttf' (159K)
[2018.07.05-15.21.55:933][ 13]LogSlate: Took 0.000349 seconds to synchronously load lazily loaded font '../../../Engine/Content/Slate/Fonts/Roboto-Light.ttf' (159K)
[2018.07.05-15.22.21:731][ 90]LogSlate: Took 0.000399 seconds to synchronously load lazily loaded font '../../../Engine/Content/Slate/Fonts/Roboto-Light.ttf' (159K)
[2018.07.05-15.22.21:804][ 90]LogFactory: FactoryCreateFile: StaticMesh with FbxFactory (0 0 C:\Users\oaste\Downloads\Mobile - Injustice Gods Among Us - Green Arrow Insurgency\iOS_INJ_CHARACTER_Oliver_Queen_Green_Arrow_Insurgency\iOS_INJ_CHARACTER_Oliver_Queen_Green_Arrow_Insurgency.obj)
[2018.07.05-15.22.22:100][ 90]LogFbx: Loading FBX Scene from C:\Users\oaste\Downloads\Mobile - Injustice Gods Among Us - Green Arrow Insurgency\iOS_INJ_CHARACTER_Oliver_Queen_Green_Arrow_Insurgency\iOS_INJ_CHARACTER_Oliver_Queen_Green_Arrow_Insurgency.obj
[2018.07.05-15.22.22:326][ 90]LogFbx: FBX Scene Loaded Succesfully
[2018.07.05-15.22.22:474][ 90]LogLinker: Warning: Can't find file '/Game/GreenArrow'
[2018.07.05-15.22.22:476][ 90]LogLinker: Warning: Can't find file '/Game/GreenArrow'
[2018.07.05-15.22.22:477][ 90]LogUObjectGlobals: Warning: Failed to find object 'Object /Game/GreenArrow.GreenArrow'
[2018.07.05-15.22.24:906][ 90]LogFbx: Loading FBX Scene from C:\Users\oaste\Downloads\Mobile - Injustice Gods Among Us - Green Arrow Insurgency\iOS_INJ_CHARACTER_Oliver_Queen_Green_Arrow_Insurgency\iOS_INJ_CHARACTER_Oliver_Queen_Green_Arrow_Insurgency.obj
[2018.07.05-15.22.25:047][ 90]LogFbx: FBX Scene Loaded Succesfully
[2018.07.05-15.22.25:420][ 90]LogStaticMesh: Building static mesh iOS_INJ_CHARACTER_Oliver_Queen_Green_Arrow_Insurgency...
[2018.07.05-15.22.26:786][ 90]LogStaticMesh: Built static mesh [1.38s] /Game/GreenArrow/iOS_INJ_CHARACTER_Oliver_Queen_Green_Arrow_Insurgency.iOS_INJ_CHARACTER_Oliver_Queen_Green_Arrow_Insurgency
[2018.07.05-15.22.26:969][ 90]LogSlate: Took 0.000274 seconds to synchronously load lazily loaded font '../../../Engine/Content/Slate/Fonts/Roboto-Regular.ttf' (155K)
[2018.07.05-15.22.26:980][ 90]FBXImport: Warning: Warning: The imported mesh is very small. This is most likely an issue with the units used when exporting to FBX. 
[2018.07.05-15.23.00:725][753]LogRenderer: Reallocating scene render targets to support 1016x612 Format 10 NumSamples 1 (Frame:112).
[2018.07.05-15.23.46:637][167]LogFactory: FactoryCreateFile: StaticMesh with FbxFactory (0 0 C:\Users\oaste\Desktop\GA2.obj)
[2018.07.05-15.23.46:656][167]LogFbx: Loading FBX Scene from C:\Users\oaste\Desktop\GA2.obj
[2018.07.05-15.23.46:915][167]LogFbx: FBX Scene Loaded Succesfully
[2018.07.05-15.23.48:613][167]LogFbx: Loading FBX Scene from C:\Users\oaste\Desktop\GA2.obj
[2018.07.05-15.23.48:802][167]LogFbx: FBX Scene Loaded Succesfully
[2018.07.05-15.23.48:825][167]LogStaticMesh: Building static mesh GA2...
[2018.07.05-15.23.50:278][167]LogStaticMesh: Built static mesh [1.45s] /Game/GreenArrow/GA2.GA2
[2018.07.05-15.23.50:320][167]FBXImport: Warning: Warning: The imported mesh is very small. This is most likely an issue with the units used when exporting to FBX. 
[2018.07.05-15.24.45:549][201]LogActorFactory: Actor Factory created GA2
[2018.07.05-15.24.46:801][251]LogActorFactory: Actor Factory created GA2
[2018.07.05-15.25.30:994][891]LogTemp: Repeating last play command: Selected Viewport
[2018.07.05-15.25.31:148][891]LogPlayLevel: PlayLevel: No blueprints needed recompiling
[2018.07.05-15.25.31:193][891]PIE: New page: PIE session: Untitled_1 (5 Jul 2018 17:25:31)
[2018.07.05-15.25.31:193][891]LogPlayLevel: Creating play world package: /Temp/UEDPIE_0_Untitled_1
[2018.07.05-15.25.31:196][891]LogPlayLevel: PIE: StaticDuplicateObject took: (0.003561s)
[2018.07.05-15.25.31:198][891]LogAIModule: Creating AISystem for world Untitled_1
[2018.07.05-15.25.31:198][891]LogPlayLevel: PIE: World Init took: (0.001375s)
[2018.07.05-15.25.31:198][891]LogPlayLevel: PIE: Created PIE world by copying editor world from /Temp/Untitled_1.Untitled_1 to /Temp/UEDPIE_0_Untitled_1.Untitled_1 (0.005415s)
[2018.07.05-15.25.31:232][891]LogInit: XAudio2 using 'Speaker/HP (Realtek High Definition Audio)' : 2 channels at 48 kHz using 16 bits per sample (channel mask 0x3)
[2018.07.05-15.25.31:272][891]LogInit: FAudioDevice initialized.
[2018.07.05-15.25.33:102][891]LogLoad: Game class is 'DCGamemode_C'
[2018.07.05-15.25.33:138][891]LogWorld: Bringing World /Temp/UEDPIE_0_Untitled_1.Untitled_1 up for play (max tick rate 0) at 2018.07.05-16.25.33
[2018.07.05-15.25.33:138][891]LogWorld: Bringing up level for play took: 0.001797
[2018.07.05-15.25.33:292][891]LogContentBrowser: Native class hierarchy updated for 'MovieSceneCapture' in 0.0015 seconds. Added 11 classes and 0 folders.
[2018.07.05-15.25.33:293][891]LogGameMode: Display: Match State Changed from EnteringMap to WaitingToStart
[2018.07.05-15.25.33:293][891]LogGameState: Match State Changed from EnteringMap to WaitingToStart
[2018.07.05-15.25.33:293][891]LogGameMode: Display: Match State Changed from WaitingToStart to InProgress
[2018.07.05-15.25.33:297][891]LogGameState: Match State Changed from WaitingToStart to InProgress
[2018.07.05-15.25.33:298][891]PIE: Play in editor start time for /Temp/UEDPIE_0_Untitled_1 2.163
[2018.07.05-15.25.44:801][110]LogTemp: Repeating last play command: Selected Viewport
[2018.07.05-15.25.44:855][110]LogPlayLevel: PlayLevel: No blueprints needed recompiling
[2018.07.05-15.25.44:856][110]PIE: New page: PIE session: Untitled_1 (5 Jul 2018 17:25:44)
[2018.07.05-15.25.44:856][110]LogPlayLevel: Creating play world package: /Temp/UEDPIE_0_Untitled_1
[2018.07.05-15.25.44:859][110]LogPlayLevel: PIE: StaticDuplicateObject took: (0.003333s)
[2018.07.05-15.25.44:860][110]LogAIModule: Creating AISystem for world Untitled_1
[2018.07.05-15.25.44:861][110]LogPlayLevel: PIE: World Init took: (0.001235s)
[2018.07.05-15.25.44:861][110]LogPlayLevel: PIE: Created PIE world by copying editor world from /Temp/Untitled_1.Untitled_1 to /Temp/UEDPIE_0_Untitled_1.Untitled_1 (0.005006s)
[2018.07.05-15.25.44:897][110]LogInit: XAudio2 using 'Speaker/HP (Realtek High Definition Audio)' : 2 channels at 48 kHz using 16 bits per sample (channel mask 0x3)
[2018.07.05-15.25.44:964][110]LogInit: FAudioDevice initialized.
[2018.07.05-15.25.45:002][110]LogLoad: Game class is 'DCGamemode_C'
[2018.07.05-15.25.45:004][110]LogWorld: Bringing World /Temp/UEDPIE_0_Untitled_1.Untitled_1 up for play (max tick rate 0) at 2018.07.05-16.25.45
[2018.07.05-15.25.45:005][110]LogWorld: Bringing up level for play took: 0.002111
[2018.07.05-15.25.45:006][110]LogGameMode: Display: Match State Changed from EnteringMap to WaitingToStart
[2018.07.05-15.25.45:006][110]LogGameState: Match State Changed from EnteringMap to WaitingToStart
[2018.07.05-15.25.45:006][110]LogGameMode: Display: Match State Changed from WaitingToStart to InProgress
[2018.07.05-15.25.45:008][110]LogGameState: Match State Changed from WaitingToStart to InProgress
[2018.07.05-15.25.45:008][110]PIE: Play in editor start time for /Temp/UEDPIE_0_Untitled_1 -0.126
[2018.07.05-15.25.54:788][401]PIE: Warning: Invalid Simulate Options: Body (GAArrow_C_0.Box) is set to simulate physics but Collision Enabled is incompatible
[2018.07.05-15.25.54:788][401]PIE: Warning: Invalid Simulate Options: Body (GAArrow_C_0.Box) is set to simulate physics but Collision Enabled is incompatible
[2018.07.05-15.25.54:893][401]PIE: Warning: GAArrow_C_0.Box has to have 'CollisionEnabled' set to 'Query and Physics' or 'Physics only' if you'd like to AddImpulse. 
[2018.07.05-15.25.56:916][462]PIE: Warning: Invalid Simulate Options: Body (GAArrow_C_1.Box) is set to simulate physics but Collision Enabled is incompatible
[2018.07.05-15.25.56:916][462]PIE: Warning: Invalid Simulate Options: Body (GAArrow_C_1.Box) is set to simulate physics but Collision Enabled is incompatible
[2018.07.05-15.25.56:965][463]PIE: Warning: GAArrow_C_1.Box has to have 'CollisionEnabled' set to 'Query and Physics' or 'Physics only' if you'd like to AddImpulse. 
[2018.07.05-15.26.05:535][587]LogTemp: Repeating last play command: Selected Viewport
[2018.07.05-15.26.05:729][587]LogPlayLevel: PlayLevel: No blueprints needed recompiling
[2018.07.05-15.26.05:730][587]PIE: New page: PIE session: Untitled_1 (5 Jul 2018 17:26:05)
[2018.07.05-15.26.05:730][587]LogPlayLevel: Creating play world package: /Temp/UEDPIE_0_Untitled_1
[2018.07.05-15.26.05:733][587]LogPlayLevel: PIE: StaticDuplicateObject took: (0.002993s)
[2018.07.05-15.26.05:734][587]LogAIModule: Creating AISystem for world Untitled_1
[2018.07.05-15.26.05:734][587]LogPlayLevel: PIE: World Init took: (0.001132s)
[2018.07.05-15.26.05:734][587]LogPlayLevel: PIE: Created PIE world by copying editor world from /Temp/Untitled_1.Untitled_1 to /Temp/UEDPIE_0_Untitled_1.Untitled_1 (0.004541s)
[2018.07.05-15.26.05:782][587]LogInit: XAudio2 using 'Speaker/HP (Realtek High Definition Audio)' : 2 channels at 48 kHz using 16 bits per sample (channel mask 0x3)
[2018.07.05-15.26.05:834][587]LogInit: FAudioDevice initialized.
[2018.07.05-15.26.05:870][587]LogLoad: Game class is 'DCGamemode_C'
[2018.07.05-15.26.05:873][587]LogWorld: Bringing World /Temp/UEDPIE_0_Untitled_1.Untitled_1 up for play (max tick rate 0) at 2018.07.05-16.26.05
[2018.07.05-15.26.05:873][587]LogWorld: Bringing up level for play took: 0.001996
[2018.07.05-15.26.05:874][587]LogGameMode: Display: Match State Changed from EnteringMap to WaitingToStart
[2018.07.05-15.26.05:874][587]LogGameState: Match State Changed from EnteringMap to WaitingToStart
[2018.07.05-15.26.05:874][587]LogGameMode: Display: Match State Changed from WaitingToStart to InProgress
[2018.07.05-15.26.05:877][587]LogGameState: Match State Changed from WaitingToStart to InProgress
[2018.07.05-15.26.05:877][587]PIE: Play in editor start time for /Temp/UEDPIE_0_Untitled_1 0.742
[2018.07.05-15.26.23:300][ 17]LogTemp: Repeating last play command: Selected Viewport
[2018.07.05-15.26.23:346][ 17]LogPlayLevel: PlayLevel: No blueprints needed recompiling
[2018.07.05-15.26.23:346][ 17]PIE: New page: PIE session: Untitled_1 (5 Jul 2018 17:26:23)
[2018.07.05-15.26.23:346][ 17]LogPlayLevel: Creating play world package: /Temp/UEDPIE_0_Untitled_1
[2018.07.05-15.26.23:350][ 17]LogPlayLevel: PIE: StaticDuplicateObject took: (0.003331s)
[2018.07.05-15.26.23:351][ 17]LogAIModule: Creating AISystem for world Untitled_1
[2018.07.05-15.26.23:351][ 17]LogPlayLevel: PIE: World Init took: (0.001145s)
[2018.07.05-15.26.23:351][ 17]LogPlayLevel: PIE: Created PIE world by copying editor world from /Temp/Untitled_1.Untitled_1 to /Temp/UEDPIE_0_Untitled_1.Untitled_1 (0.004906s)
[2018.07.05-15.26.23:382][ 17]LogInit: XAudio2 using 'Speaker/HP (Realtek High Definition Audio)' : 2 channels at 48 kHz using 16 bits per sample (channel mask 0x3)
[2018.07.05-15.26.23:418][ 17]LogInit: FAudioDevice initialized.
[2018.07.05-15.26.23:460][ 17]LogLoad: Game class is 'DCGamemode_C'
[2018.07.05-15.26.23:462][ 17]LogWorld: Bringing World /Temp/UEDPIE_0_Untitled_1.Untitled_1 up for play (max tick rate 0) at 2018.07.05-16.26.23
[2018.07.05-15.26.23:462][ 17]LogWorld: Bringing up level for play took: 0.001642
[2018.07.05-15.26.23:463][ 17]LogGameMode: Display: Match State Changed from EnteringMap to WaitingToStart
[2018.07.05-15.26.23:464][ 17]LogGameState: Match State Changed from EnteringMap to WaitingToStart
[2018.07.05-15.26.23:464][ 17]LogGameMode: Display: Match State Changed from WaitingToStart to InProgress
[2018.07.05-15.26.23:466][ 17]LogGameState: Match State Changed from WaitingToStart to InProgress
[2018.07.05-15.26.23:466][ 17]PIE: Play in editor start time for /Temp/UEDPIE_0_Untitled_1 0.332
[2018.07.05-15.26.47:711][639]LogTemp: Repeating last play command: Selected Viewport
[2018.07.05-15.26.47:761][639]LogPlayLevel: PlayLevel: No blueprints needed recompiling
[2018.07.05-15.26.47:762][639]PIE: New page: PIE session: Untitled_1 (5 Jul 2018 17:26:47)
[2018.07.05-15.26.47:762][639]LogPlayLevel: Creating play world package: /Temp/UEDPIE_0_Untitled_1
[2018.07.05-15.26.47:765][639]LogPlayLevel: PIE: StaticDuplicateObject took: (0.003370s)
[2018.07.05-15.26.47:766][639]LogAIModule: Creating AISystem for world Untitled_1
[2018.07.05-15.26.47:767][639]LogPlayLevel: PIE: World Init took: (0.001420s)
[2018.07.05-15.26.47:767][639]LogPlayLevel: PIE: Created PIE world by copying editor world from /Temp/Untitled_1.Untitled_1 to /Temp/UEDPIE_0_Untitled_1.Untitled_1 (0.005273s)
[2018.07.05-15.26.47:851][639]LogInit: XAudio2 using 'Speaker/HP (Realtek High Definition Audio)' : 2 channels at 48 kHz using 16 bits per sample (channel mask 0x3)
[2018.07.05-15.26.47:893][639]LogInit: FAudioDevice initialized.
[2018.07.05-15.26.47:932][639]LogLoad: Game class is 'DCGamemode_C'
[2018.07.05-15.26.47:935][639]LogWorld: Bringing World /Temp/UEDPIE_0_Untitled_1.Untitled_1 up for play (max tick rate 0) at 2018.07.05-16.26.47
[2018.07.05-15.26.47:935][639]LogWorld: Bringing up level for play took: 0.001908
[2018.07.05-15.26.47:936][639]LogGameMode: Display: Match State Changed from EnteringMap to WaitingToStart
[2018.07.05-15.26.47:936][639]LogGameState: Match State Changed from EnteringMap to WaitingToStart
[2018.07.05-15.26.47:936][639]LogGameMode: Display: Match State Changed from WaitingToStart to InProgress
[2018.07.05-15.26.47:939][639]LogGameState: Match State Changed from WaitingToStart to InProgress
[2018.07.05-15.26.47:939][639]PIE: Play in editor start time for /Temp/UEDPIE_0_Untitled_1 0.805
[2018.07.05-15.26.56:977][907]PIE: Warning: Invalid Simulate Options: Body (GAArrow_C_0.Box) is set to simulate physics but Collision Enabled is incompatible
[2018.07.05-15.26.56:978][907]PIE: Warning: Invalid Simulate Options: Body (GAArrow_C_0.Box) is set to simulate physics but Collision Enabled is incompatible
[2018.07.05-15.26.57:265][915]PIE: Warning: Invalid Simulate Options: Body (GAArrow_C_1.Box) is set to simulate physics but Collision Enabled is incompatible
[2018.07.05-15.26.57:265][915]PIE: Warning: Invalid Simulate Options: Body (GAArrow_C_1.Box) is set to simulate physics but Collision Enabled is incompatible
[2018.07.05-15.27.27:954][754]LogEditorViewport: Clicking on Actor (LMB): StaticMeshActor (GA2)
[2018.07.05-15.27.28:871][777]Cmd: DELETE
[2018.07.05-15.27.28:871][777]Cmd: ACTOR DELETE
[2018.07.05-15.27.29:159][777]LogEditorActor: Deleted Actor: StaticMeshActor
[2018.07.05-15.27.29:183][777]LogEditorActor: Deleted 1 Actors (0.024 secs)
[2018.07.05-15.32.41:843][728]Cmd: OBJ SAVEPACKAGE PACKAGE="/Temp/Untitled_1" FILE="../../../../../../Users/oaste/Documents/Unreal Projects/DCJnO/Saved/Autosaves/Temp/Untitled_1_Auto1.umap" SILENT=true AUTOSAVING=true KEEPDIRTY=false
[2018.07.05-15.32.41:945][728]LogSavePackage: Save=100.49ms
[2018.07.05-15.32.41:945][728]LogSavePackage: Moving '../../../../../../Users/oaste/Documents/Unreal Projects/DCJnO/Saved/Untitled_1_Auto1AB98852E4E59AF1BFEB388B0D9CBD589.tmp' to '../../../../../../Users/oaste/Documents/Unreal Projects/DCJnO/Saved/Autosaves/Temp/Untitled_1_Auto1.umap'
[2018.07.05-15.32.41:973][728]LogSavePackage: Display: Finished SavePackage ../../../../../../Users/oaste/Documents/Unreal Projects/DCJnO/Saved/Autosaves/Temp/Untitled_1_Auto1.umap
[2018.07.05-15.32.42:039][728]LogFileHelpers: Editor autosave (incl. sublevels) for '/Temp/Untitled_1' took 0.420
[2018.07.05-15.32.42:039][728]LogFileHelpers: Editor autosave (incl. sublevels) for all levels took 0.420
[2018.07.05-15.32.42:103][728]OBJ SavePackage: Generating thumbnails for [1] asset(s) in package [/Game/GreenArrow/GA2] ([1] browsable assets)...
[2018.07.05-15.32.42:179][728]OBJ SavePackage:     Rendered thumbnail for [StaticMesh /Game/GreenArrow/GA2.GA2]
[2018.07.05-15.32.42:179][728]OBJ SavePackage: Finished generating thumbnails for package [/Game/GreenArrow/GA2]
[2018.07.05-15.32.42:179][728]Cmd: OBJ SAVEPACKAGE PACKAGE="/Game/GreenArrow/GA2" FILE="../../../../../../Users/oaste/Documents/Unreal Projects/DCJnO/Saved/Autosaves/Game/GreenArrow/GA2_Auto1.uasset" SILENT=false AUTOSAVING=true
[2018.07.05-15.32.42:233][728]LogSavePackage: Save=27.38ms
[2018.07.05-15.32.42:233][728]LogSavePackage: Moving '../../../../../../Users/oaste/Documents/Unreal Projects/DCJnO/Saved/GA2_Auto17C5369354096A3878AF8D8AD988E97D1.tmp' to '../../../../../../Users/oaste/Documents/Unreal Projects/DCJnO/Saved/Autosaves/Game/GreenArrow/GA2_Auto1.uasset'
[2018.07.05-15.32.42:293][728]LogSavePackage: Display: Finished SavePackage ../../../../../../Users/oaste/Documents/Unreal Projects/DCJnO/Saved/Autosaves/Game/GreenArrow/GA2_Auto1.uasset
[2018.07.05-15.32.42:293][728]LogFileHelpers: Auto-saving content packages took 0.246
[2018.07.05-15.36.51:872][509]LogFactory: FactoryCreateFile: StaticMesh with FbxFactory (0 0 C:\Users\oaste\Desktop\greenarrow final model.fbx)
[2018.07.05-15.36.51:962][509]LogFbx: ItemName: GlobalSettings, ItemCount : 1
[2018.07.05-15.36.51:962][509]LogFbx: ItemName: Geometry, ItemCount : 1
[2018.07.05-15.36.51:962][509]LogFbx: ItemName: Model, ItemCount : 1
[2018.07.05-15.36.51:962][509]LogFbx: ItemName: Material, ItemCount : 1
[2018.07.05-15.36.51:962][509]LogFbx: ItemName: Texture, ItemCount : 1
[2018.07.05-15.36.51:962][509]LogFbx: ItemName: Video, ItemCount : 1
[2018.07.05-15.36.51:977][509]LogFbx: Loading FBX Scene from C:\Users\oaste\Desktop\greenarrow final model.fbx
[2018.07.05-15.36.52:062][509]LogFbx: FBX Scene Loaded Succesfully
[2018.07.05-15.36.54:609][509]LogFbx: Loading FBX Scene from C:\Users\oaste\Desktop\greenarrow final model.fbx
[2018.07.05-15.36.54:629][509]LogFbx: FBX Scene Loaded Succesfully
[2018.07.05-15.36.54:698][509]LogLinker: Can't find file '/Game/GreenArrow/iOS_INJ_CHR_OQU_INS_B_002'
[2018.07.05-15.36.54:698][509]LogLinker: Can't find file '/Game/GreenArrow/iOS_INJ_CHR_OQU_INS_B_002'
[2018.07.05-15.36.54:980][509]LogTexture: Display: Building textures: iOS_INJ_CHARACTER_Oliver_Queen_Green_Arrow_Insurgency_Body_D (AutoDXT, 1024X1024)
[2018.07.05-15.36.57:064][509]LogMaterial: Missing cached shader map for material iOS_INJ_CHR_OQU_INS_B_002, compiling. 
[2018.07.05-15.36.57:308][509]LogStaticMesh: Building static mesh greenarrow_final_model...
[2018.07.05-15.36.57:465][509]LogStaticMesh: Built static mesh [0.16s] /Game/GreenArrow/greenarrow_final_model.greenarrow_final_model
[2018.07.05-15.36.57:518][509]FBXImport: Warning: No smoothing group information was found in this FBX scene.  Please make sure to enable the 'Export Smoothing Groups' option in the FBX Exporter plug-in before exporting the file.  Even for tools that don't support smoothing groups, the FBX Exporter will generate appropriate smoothing data at export-time so that correct vertex normals can be inferred while importing. 
[2018.07.05-15.37.16:500][941]LogActorFactory: Actor Factory created greenarrow_final_model
[2018.07.05-15.37.17:710][960]LogActorFactory: Actor Factory created greenarrow_final_model
[2018.07.05-15.37.28:856][127]LogTemp: Repeating last play command: Selected Viewport
[2018.07.05-15.37.29:005][127]LogPlayLevel: PlayLevel: No blueprints needed recompiling
[2018.07.05-15.37.29:006][127]PIE: New page: PIE session: Untitled_1 (5 Jul 2018 17:37:29)
[2018.07.05-15.37.29:006][127]LogPlayLevel: Creating play world package: /Temp/UEDPIE_0_Untitled_1
[2018.07.05-15.37.29:010][127]LogPlayLevel: PIE: StaticDuplicateObject took: (0.003726s)
[2018.07.05-15.37.29:011][127]LogAIModule: Creating AISystem for world Untitled_1
[2018.07.05-15.37.29:011][127]LogPlayLevel: PIE: World Init took: (0.001498s)
[2018.07.05-15.37.29:011][127]LogPlayLevel: PIE: Created PIE world by copying editor world from /Temp/Untitled_1.Untitled_1 to /Temp/UEDPIE_0_Untitled_1.Untitled_1 (0.005711s)
[2018.07.05-15.37.29:045][127]LogInit: XAudio2 using 'Speaker/HP (Realtek High Definition Audio)' : 2 channels at 48 kHz using 16 bits per sample (channel mask 0x3)
[2018.07.05-15.37.29:120][127]LogInit: FAudioDevice initialized.
[2018.07.05-15.37.29:159][127]LogLoad: Game class is 'DCGamemode_C'
[2018.07.05-15.37.29:161][127]LogWorld: Bringing World /Temp/UEDPIE_0_Untitled_1.Untitled_1 up for play (max tick rate 0) at 2018.07.05-16.37.29
[2018.07.05-15.37.29:161][127]LogWorld: Bringing up level for play took: 0.001826
[2018.07.05-15.37.29:163][127]LogGameMode: Display: Match State Changed from EnteringMap to WaitingToStart
[2018.07.05-15.37.29:163][127]LogGameState: Match State Changed from EnteringMap to WaitingToStart
[2018.07.05-15.37.29:163][127]LogGameMode: Display: Match State Changed from WaitingToStart to InProgress
[2018.07.05-15.37.29:166][127]LogGameState: Match State Changed from WaitingToStart to InProgress
[2018.07.05-15.37.29:166][127]PIE: Play in editor start time for /Temp/UEDPIE_0_Untitled_1 0.031
[2018.07.05-15.37.38:501][290]LogTemp: Repeating last play command: Selected Viewport
[2018.07.05-15.37.39:376][290]LogPlayLevel: PlayLevel: No blueprints needed recompiling
[2018.07.05-15.37.39:376][290]PIE: New page: PIE session: Untitled_1 (5 Jul 2018 17:37:39)
[2018.07.05-15.37.39:376][290]LogPlayLevel: Creating play world package: /Temp/UEDPIE_0_Untitled_1
[2018.07.05-15.37.39:379][290]LogPlayLevel: PIE: StaticDuplicateObject took: (0.002854s)
[2018.07.05-15.37.39:380][290]LogAIModule: Creating AISystem for world Untitled_1
[2018.07.05-15.37.39:381][290]LogPlayLevel: PIE: World Init took: (0.001162s)
[2018.07.05-15.37.39:381][290]LogPlayLevel: PIE: Created PIE world by copying editor world from /Temp/Untitled_1.Untitled_1 to /Temp/UEDPIE_0_Untitled_1.Untitled_1 (0.004444s)
[2018.07.05-15.37.39:414][290]LogInit: XAudio2 using 'Speaker/HP (Realtek High Definition Audio)' : 2 channels at 48 kHz using 16 bits per sample (channel mask 0x3)
[2018.07.05-15.37.39:487][290]LogInit: FAudioDevice initialized.
[2018.07.05-15.37.39:526][290]LogLoad: Game class is 'DCGamemode_C'
[2018.07.05-15.37.39:529][290]LogWorld: Bringing World /Temp/UEDPIE_0_Untitled_1.Untitled_1 up for play (max tick rate 0) at 2018.07.05-16.37.39
[2018.07.05-15.37.39:529][290]LogWorld: Bringing up level for play took: 0.001993
[2018.07.05-15.37.39:530][290]LogGameMode: Display: Match State Changed from EnteringMap to WaitingToStart
[2018.07.05-15.37.39:530][290]LogGameState: Match State Changed from EnteringMap to WaitingToStart
[2018.07.05-15.37.39:530][290]LogGameMode: Display: Match State Changed from WaitingToStart to InProgress
[2018.07.05-15.37.39:533][290]LogGameState: Match State Changed from WaitingToStart to InProgress
[2018.07.05-15.37.39:533][290]PIE: Play in editor start time for /Temp/UEDPIE_0_Untitled_1 0.398
[2018.07.05-15.37.56:837][716]LogTemp: Repeating last play command: Selected Viewport
[2018.07.05-15.37.57:971][716]LogPlayLevel: PlayLevel: No blueprints needed recompiling
[2018.07.05-15.37.57:972][716]PIE: New page: PIE session: Untitled_1 (5 Jul 2018 17:37:57)
[2018.07.05-15.37.57:972][716]LogPlayLevel: Creating play world package: /Temp/UEDPIE_0_Untitled_1
[2018.07.05-15.37.57:975][716]LogPlayLevel: PIE: StaticDuplicateObject took: (0.003074s)
[2018.07.05-15.37.57:976][716]LogAIModule: Creating AISystem for world Untitled_1
[2018.07.05-15.37.57:976][716]LogPlayLevel: PIE: World Init took: (0.001196s)
[2018.07.05-15.37.57:976][716]LogPlayLevel: PIE: Created PIE world by copying editor world from /Temp/Untitled_1.Untitled_1 to /Temp/UEDPIE_0_Untitled_1.Untitled_1 (0.004681s)
[2018.07.05-15.37.58:026][716]LogInit: XAudio2 using 'Speaker/HP (Realtek High Definition Audio)' : 2 channels at 48 kHz using 16 bits per sample (channel mask 0x3)
[2018.07.05-15.37.58:085][716]LogInit: FAudioDevice initialized.
[2018.07.05-15.37.58:126][716]LogLoad: Game class is 'DCGamemode_C'
[2018.07.05-15.37.58:129][716]LogWorld: Bringing World /Temp/UEDPIE_0_Untitled_1.Untitled_1 up for play (max tick rate 0) at 2018.07.05-16.37.58
[2018.07.05-15.37.58:129][716]LogWorld: Bringing up level for play took: 0.001721
[2018.07.05-15.37.58:130][716]LogGameMode: Display: Match State Changed from EnteringMap to WaitingToStart
[2018.07.05-15.37.58:130][716]LogGameState: Match State Changed from EnteringMap to WaitingToStart
[2018.07.05-15.37.58:130][716]LogGameMode: Display: Match State Changed from WaitingToStart to InProgress
[2018.07.05-15.37.58:133][716]LogGameState: Match State Changed from WaitingToStart to InProgress
[2018.07.05-15.37.58:133][716]PIE: Play in editor start time for /Temp/UEDPIE_0_Untitled_1 0.999
[2018.07.05-15.38.09:051][881]LogTemp: Repeating last play command: Selected Viewport
[2018.07.05-15.38.10:037][881]LogPlayLevel: PlayLevel: No blueprints needed recompiling
[2018.07.05-15.38.10:037][881]PIE: New page: PIE session: Untitled_1 (5 Jul 2018 17:38:10)
[2018.07.05-15.38.10:037][881]LogPlayLevel: Creating play world package: /Temp/UEDPIE_0_Untitled_1
[2018.07.05-15.38.10:047][881]LogPlayLevel: PIE: StaticDuplicateObject took: (0.009645s)
[2018.07.05-15.38.10:050][881]LogAIModule: Creating AISystem for world Untitled_1
[2018.07.05-15.38.10:051][881]LogPlayLevel: PIE: World Init took: (0.003292s)
[2018.07.05-15.38.10:051][881]LogPlayLevel: PIE: Created PIE world by copying editor world from /Temp/Untitled_1.Untitled_1 to /Temp/UEDPIE_0_Untitled_1.Untitled_1 (0.014073s)
[2018.07.05-15.38.10:138][881]LogInit: XAudio2 using 'Speaker/HP (Realtek High Definition Audio)' : 2 channels at 48 kHz using 16 bits per sample (channel mask 0x3)
[2018.07.05-15.38.10:195][881]LogInit: FAudioDevice initialized.
[2018.07.05-15.38.10:236][881]LogLoad: Game class is 'DCGamemode_C'
[2018.07.05-15.38.10:238][881]LogWorld: Bringing World /Temp/UEDPIE_0_Untitled_1.Untitled_1 up for play (max tick rate 0) at 2018.07.05-16.38.10
[2018.07.05-15.38.10:239][881]LogWorld: Bringing up level for play took: 0.001788
[2018.07.05-15.38.10:240][881]LogGameMode: Display: Match State Changed from EnteringMap to WaitingToStart
[2018.07.05-15.38.10:240][881]LogGameState: Match State Changed from EnteringMap to WaitingToStart
[2018.07.05-15.38.10:240][881]LogGameMode: Display: Match State Changed from WaitingToStart to InProgress
[2018.07.05-15.38.10:242][881]LogGameState: Match State Changed from WaitingToStart to InProgress
[2018.07.05-15.38.10:243][881]PIE: Play in editor start time for /Temp/UEDPIE_0_Untitled_1 1.108
[2018.07.05-15.38.14:870][ 11]PIE: Warning: Invalid Simulate Options: Body (GAArrow_C_0.Box) is set to simulate physics but Collision Enabled is incompatible
[2018.07.05-15.38.14:870][ 11]PIE: Warning: Invalid Simulate Options: Body (GAArrow_C_0.Box) is set to simulate physics but Collision Enabled is incompatible
[2018.07.05-15.38.22:965][140]LogTemp: Repeating last play command: Selected Viewport
[2018.07.05-15.38.23:618][140]LogPlayLevel: PlayLevel: No blueprints needed recompiling
[2018.07.05-15.38.23:618][140]PIE: New page: PIE session: Untitled_1 (5 Jul 2018 17:38:23)
[2018.07.05-15.38.23:618][140]LogPlayLevel: Creating play world package: /Temp/UEDPIE_0_Untitled_1
[2018.07.05-15.38.23:621][140]LogPlayLevel: PIE: StaticDuplicateObject took: (0.003225s)
[2018.07.05-15.38.23:623][140]LogAIModule: Creating AISystem for world Untitled_1
[2018.07.05-15.38.23:623][140]LogPlayLevel: PIE: World Init took: (0.001224s)
[2018.07.05-15.38.23:623][140]LogPlayLevel: PIE: Created PIE world by copying editor world from /Temp/Untitled_1.Untitled_1 to /Temp/UEDPIE_0_Untitled_1.Untitled_1 (0.004866s)
[2018.07.05-15.38.23:661][140]LogInit: XAudio2 using 'Speaker/HP (Realtek High Definition Audio)' : 2 channels at 48 kHz using 16 bits per sample (channel mask 0x3)
[2018.07.05-15.38.23:951][140]LogInit: FAudioDevice initialized.
[2018.07.05-15.38.23:989][140]LogLoad: Game class is 'DCGamemode_C'
[2018.07.05-15.38.23:991][140]LogWorld: Bringing World /Temp/UEDPIE_0_Untitled_1.Untitled_1 up for play (max tick rate 0) at 2018.07.05-16.38.23
[2018.07.05-15.38.23:991][140]LogWorld: Bringing up level for play took: 0.002014
[2018.07.05-15.38.23:992][140]LogGameMode: Display: Match State Changed from EnteringMap to WaitingToStart
[2018.07.05-15.38.23:993][140]LogGameState: Match State Changed from EnteringMap to WaitingToStart
[2018.07.05-15.38.23:993][140]LogGameMode: Display: Match State Changed from WaitingToStart to InProgress
[2018.07.05-15.38.23:995][140]LogGameState: Match State Changed from WaitingToStart to InProgress
[2018.07.05-15.38.23:995][140]PIE: Play in editor start time for /Temp/UEDPIE_0_Untitled_1 0.86
[2018.07.05-15.38.32:376][374]PIE: Warning: Invalid Simulate Options: Body (GAArrow_C_0.Box) is set to simulate physics but Collision Enabled is incompatible
[2018.07.05-15.38.32:376][374]PIE: Warning: Invalid Simulate Options: Body (GAArrow_C_0.Box) is set to simulate physics but Collision Enabled is incompatible
[2018.07.05-15.40.37:912][  1]LogEditorFactories: Performing atomic reimport of [C:/Users/oaste/Desktop/greenarrow final model.fbx]
[2018.07.05-15.40.37:949][  1]LogFbx: Loading FBX Scene from C:/Users/oaste/Desktop/greenarrow final model.fbx
[2018.07.05-15.40.37:969][  1]LogFbx: FBX Scene Loaded Succesfully
[2018.07.05-15.40.38:021][  1]LogStaticMesh: Building static mesh greenarrow_final_model...
[2018.07.05-15.40.38:162][  1]LogStaticMesh: Built static mesh [0.14s] /Game/GreenArrow/greenarrow_final_model.greenarrow_final_model
[2018.07.05-15.40.38:242][  1]LogEditorFactories: -- imported successfully
[2018.07.05-15.40.38:247][  1]FBXImport: Warning: No smoothing group information was found in this FBX scene.  Please make sure to enable the 'Export Smoothing Groups' option in the FBX Exporter plug-in before exporting the file.  Even for tools that don't support smoothing groups, the FBX Exporter will generate appropriate smoothing data at export-time so that correct vertex normals can be inferred while importing. 
[2018.07.05-15.40.42:750][ 89]LogPhysics: Warning: Initialising Body : Scale3D is (nearly) zero: Component: '/Temp/Untitled_1.Untitled_1:PersistentLevel.greenarrow_final_model_5.StaticMeshComponent0' 
[2018.07.05-15.40.44:180][104]LogPhysics: Warning: PopulatePhysXGeometryAndTransform(Convex): ConvexElem has invalid transform
[2018.07.05-15.40.44:180][104]LogPhysics: Warning: ForeachShape(Convex): [/Game/GreenArrow/greenarrow_final_model.greenarrow_final_model] ScaledElem[0] invalid
[2018.07.05-15.40.50:688][269]LogEditorActor: Deleted Actor: StaticMeshActor
[2018.07.05-15.40.50:713][269]LogEditorActor: Deleted 1 Actors (0.025 secs)
[2018.07.05-15.40.52:272][294]LogActorFactory: Actor Factory created greenarrow_final_model
[2018.07.05-15.40.53:375][323]LogActorFactory: Actor Factory created greenarrow_final_model
[2018.07.05-15.40.54:126][341]LogTemp: Repeating last play command: Selected Viewport
[2018.07.05-15.40.54:167][341]LogPlayLevel: PlayLevel: No blueprints needed recompiling
[2018.07.05-15.40.54:167][341]PIE: New page: PIE session: Untitled_1 (5 Jul 2018 17:40:54)
[2018.07.05-15.40.54:167][341]LogPlayLevel: Creating play world package: /Temp/UEDPIE_0_Untitled_1
[2018.07.05-15.40.54:171][341]LogPlayLevel: PIE: StaticDuplicateObject took: (0.003172s)
[2018.07.05-15.40.54:172][341]LogAIModule: Creating AISystem for world Untitled_1
[2018.07.05-15.40.54:172][341]LogPlayLevel: PIE: World Init took: (0.001313s)
[2018.07.05-15.40.54:172][341]LogPlayLevel: PIE: Created PIE world by copying editor world from /Temp/Untitled_1.Untitled_1 to /Temp/UEDPIE_0_Untitled_1.Untitled_1 (0.004906s)
[2018.07.05-15.40.54:204][341]LogInit: XAudio2 using 'Speaker/HP (Realtek High Definition Audio)' : 2 channels at 48 kHz using 16 bits per sample (channel mask 0x3)
[2018.07.05-15.40.54:241][341]LogInit: FAudioDevice initialized.
[2018.07.05-15.40.54:278][341]LogLoad: Game class is 'DCGamemode_C'
[2018.07.05-15.40.54:280][341]LogWorld: Bringing World /Temp/UEDPIE_0_Untitled_1.Untitled_1 up for play (max tick rate 0) at 2018.07.05-16.40.54
[2018.07.05-15.40.54:281][341]LogWorld: Bringing up level for play took: 0.002173
[2018.07.05-15.40.54:282][341]LogGameMode: Display: Match State Changed from EnteringMap to WaitingToStart
[2018.07.05-15.40.54:282][341]LogGameState: Match State Changed from EnteringMap to WaitingToStart
[2018.07.05-15.40.54:282][341]LogGameMode: Display: Match State Changed from WaitingToStart to InProgress
[2018.07.05-15.40.54:284][341]LogGameState: Match State Changed from WaitingToStart to InProgress
[2018.07.05-15.40.54:284][341]PIE: Play in editor start time for /Temp/UEDPIE_0_Untitled_1 -0.85
[2018.07.05-15.40.57:264][428]PIE: Warning: Invalid Simulate Options: Body (GAArrow_C_0.Box) is set to simulate physics but Collision Enabled is incompatible
[2018.07.05-15.40.57:264][428]PIE: Warning: Invalid Simulate Options: Body (GAArrow_C_0.Box) is set to simulate physics but Collision Enabled is incompatible
[2018.07.05-15.40.58:947][476]PIE: Warning: Invalid Simulate Options: Body (GAArrow_C_1.Box) is set to simulate physics but Collision Enabled is incompatible
[2018.07.05-15.40.58:947][476]PIE: Warning: Invalid Simulate Options: Body (GAArrow_C_1.Box) is set to simulate physics but Collision Enabled is incompatible
[2018.07.05-15.41.00:312][515]PIE: Warning: Invalid Simulate Options: Body (GAArrow_C_2.Box) is set to simulate physics but Collision Enabled is incompatible
[2018.07.05-15.41.00:313][515]PIE: Warning: Invalid Simulate Options: Body (GAArrow_C_2.Box) is set to simulate physics but Collision Enabled is incompatible
[2018.07.05-15.41.00:819][527]PIE: Warning: GAArrow_C_2.Box has to have 'CollisionEnabled' set to 'Query and Physics' or 'Physics only' if you'd like to AddImpulse. 
[2018.07.05-15.41.03:491][605]PIE: Warning: Invalid Simulate Options: Body (GAArrow_C_3.Box) is set to simulate physics but Collision Enabled is incompatible
[2018.07.05-15.41.03:491][605]PIE: Warning: Invalid Simulate Options: Body (GAArrow_C_3.Box) is set to simulate physics but Collision Enabled is incompatible
[2018.07.05-15.41.03:529][606]PIE: Warning: GAArrow_C_3.Box has to have 'CollisionEnabled' set to 'Query and Physics' or 'Physics only' if you'd like to AddImpulse. 
[2018.07.05-15.41.12:149][757]LogContentBrowser: Native class hierarchy updated for 'BlueprintGraph' in 0.0022 seconds. Added 113 classes and 0 folders.
[2018.07.05-15.41.14:596][757]LogSlate: Took 0.014478 seconds to synchronously load lazily loaded font '../../../Engine/Content/Editor/Slate/Fonts/Roboto-BoldCondensed.ttf' (158K)
[2018.07.05-15.41.27:810][957]LogSlate: Took 0.047502 seconds to synchronously load lazily loaded font '../../../Engine/Content/Editor/Slate/Fonts/Roboto-Italic.ttf' (157K)
[2018.07.05-15.41.55:527][313]LogTemp: Repeating last play command: Selected Viewport
[2018.07.05-15.41.55:587][313]LogPlayLevel: PlayLevel: No blueprints needed recompiling
[2018.07.05-15.41.55:588][313]PIE: New page: PIE session: Untitled_1 (5 Jul 2018 17:41:55)
[2018.07.05-15.41.55:588][313]LogPlayLevel: Creating play world package: /Temp/UEDPIE_0_Untitled_1
[2018.07.05-15.41.55:591][313]LogPlayLevel: PIE: StaticDuplicateObject took: (0.003357s)
[2018.07.05-15.41.55:592][313]LogAIModule: Creating AISystem for world Untitled_1
[2018.07.05-15.41.55:593][313]LogPlayLevel: PIE: World Init took: (0.001335s)
[2018.07.05-15.41.55:593][313]LogPlayLevel: PIE: Created PIE world by copying editor world from /Temp/Untitled_1.Untitled_1 to /Temp/UEDPIE_0_Untitled_1.Untitled_1 (0.005147s)
[2018.07.05-15.41.55:675][313]LogInit: XAudio2 using 'Speaker/HP (Realtek High Definition Audio)' : 2 channels at 48 kHz using 16 bits per sample (channel mask 0x3)
[2018.07.05-15.41.55:720][313]LogInit: FAudioDevice initialized.
[2018.07.05-15.41.55:758][313]LogLoad: Game class is 'DCGamemode_C'
[2018.07.05-15.41.55:761][313]LogWorld: Bringing World /Temp/UEDPIE_0_Untitled_1.Untitled_1 up for play (max tick rate 0) at 2018.07.05-16.41.55
[2018.07.05-15.41.55:761][313]LogWorld: Bringing up level for play took: 0.001976
[2018.07.05-15.41.55:762][313]LogGameMode: Display: Match State Changed from EnteringMap to WaitingToStart
[2018.07.05-15.41.55:762][313]LogGameState: Match State Changed from EnteringMap to WaitingToStart
[2018.07.05-15.41.55:762][313]LogGameMode: Display: Match State Changed from WaitingToStart to InProgress
[2018.07.05-15.41.55:765][313]LogGameState: Match State Changed from WaitingToStart to InProgress
[2018.07.05-15.41.55:765][313]PIE: Play in editor start time for /Temp/UEDPIE_0_Untitled_1 0.631
[2018.07.05-15.43.22:420][696]LogEditorViewport: Clicking on Actor (LMB): StaticMeshActor (greenarrow_final_model)
[2018.07.05-15.43.23:205][715]Cmd: DELETE
[2018.07.05-15.43.23:205][715]Cmd: ACTOR DELETE
[2018.07.05-15.43.23:208][715]LogEditorActor: Deleted Actor: StaticMeshActor
[2018.07.05-15.43.23:262][715]LogEditorActor: Deleted 1 Actors (0.056 secs)
[2018.07.05-15.43.28:720][802]LogAIModule: Creating AISystem for world Map2
[2018.07.05-15.43.33:470][802]Cmd: OBJ SAVEPACKAGE PACKAGE="/Game/GreenArrow/GA2" FILE="../../../../../../Users/oaste/Documents/Unreal Projects/DCJnO/Content/GreenArrow/GA2.uasset" SILENT=true
[2018.07.05-15.43.33:519][802]LogSavePackage: Save=41.95ms
[2018.07.05-15.43.33:519][802]LogSavePackage: Moving '../../../../../../Users/oaste/Documents/Unreal Projects/DCJnO/Saved/GA2A3280EAF4D2E8926C81452813C4D5C1E.tmp' to '../../../../../../Users/oaste/Documents/Unreal Projects/DCJnO/Content/GreenArrow/GA2.uasset'
[2018.07.05-15.43.33:527][802]LogSavePackage: Display: Finished SavePackage ../../../../../../Users/oaste/Documents/Unreal Projects/DCJnO/Content/GreenArrow/GA2.uasset
[2018.07.05-15.43.33:599][802]Cmd: OBJ SAVEPACKAGE PACKAGE="/Game/GreenArrow/greenarrow_final_model" FILE="../../../../../../Users/oaste/Documents/Unreal Projects/DCJnO/Content/GreenArrow/greenarrow_final_model.uasset" SILENT=true
[2018.07.05-15.43.33:640][802]LogSavePackage: Save=28.66ms
[2018.07.05-15.43.33:640][802]LogSavePackage: Moving '../../../../../../Users/oaste/Documents/Unreal Projects/DCJnO/Saved/greenarrow_final_model8FC69EED4994E944F8A5B886EC52FC8D.tmp' to '../../../../../../Users/oaste/Documents/Unreal Projects/DCJnO/Content/GreenArrow/greenarrow_final_model.uasset'
[2018.07.05-15.43.33:648][802]LogSavePackage: Display: Finished SavePackage ../../../../../../Users/oaste/Documents/Unreal Projects/DCJnO/Content/GreenArrow/greenarrow_final_model.uasset
[2018.07.05-15.43.36:803][802]LogSavePackage: Save=426.26ms
[2018.07.05-15.43.36:803][802]LogSavePackage: Moving '../../../../../../Users/oaste/Documents/Unreal Projects/DCJnO/Saved/iOS_INJ_CHARACTER_Oliver_Queen_Green_Arrow_Insurgency_Body_D8DB1733B47820E35BDE9A1BB71713352.tmp' to '../../../../../../Users/oaste/Documents/Unreal Projects/DCJnO/Content/GreenArrow/iOS_INJ_CHARACTER_Oliver_Queen_Green_Arrow_Insurgency_Body_D.uasset'
[2018.07.05-15.43.36:893][802]LogSavePackage: Display: Finished SavePackage ../../../../../../Users/oaste/Documents/Unreal Projects/DCJnO/Content/GreenArrow/iOS_INJ_CHARACTER_Oliver_Queen_Green_Arrow_Insurgency_Body_D.uasset
[2018.07.05-15.43.36:996][802]LogSavePackage: Save=46.20ms
[2018.07.05-15.43.36:996][802]LogSavePackage: Moving '../../../../../../Users/oaste/Documents/Unreal Projects/DCJnO/Saved/iOS_INJ_CHR_OQU_INS_B_002437729FC4C581A5EFE2D87965394FC6E.tmp' to '../../../../../../Users/oaste/Documents/Unreal Projects/DCJnO/Content/GreenArrow/iOS_INJ_CHR_OQU_INS_B_002.uasset'
[2018.07.05-15.43.37:000][802]LogSavePackage: Display: Finished SavePackage ../../../../../../Users/oaste/Documents/Unreal Projects/DCJnO/Content/GreenArrow/iOS_INJ_CHR_OQU_INS_B_002.uasset
[2018.07.05-15.43.37:001][802]Cmd: MAP LOAD FILE="../../../../../../Users/oaste/Documents/Unreal Projects/DCJnO/Content/Map2.umap" TEMPLATE=0 SHOWPROGRESS=1 FEATURELEVEL=3
[2018.07.05-15.43.37:002][802]LightingResults: New page: Lighting Build
[2018.07.05-15.43.37:003][802]LoadErrors: New page: Loading map: Map2.umap
[2018.07.05-15.43.37:004][802]MapCheck: New page: Map Check
[2018.07.05-15.43.37:004][802]LightingResults: New page: Lighting Build
[2018.07.05-15.43.37:103][802]LogEditorServer: Finished looking for orphan Actors (0.000 secs)
[2018.07.05-15.43.37:222][802]Cmd: MAP CHECKDEP NOCLEARLOG
[2018.07.05-15.43.37:391][802]MapCheck: Map check complete: 0 Error(s), 0 Warning(s), took 168.599ms to complete.
[2018.07.05-15.43.37:397][802]LogFileHelpers: Loading map 'Map2' took 0.397
[2018.07.05-15.43.51:239][217]LogTemp: Repeating last play command: Selected Viewport
[2018.07.05-15.43.51:305][217]LogPlayLevel: PlayLevel: No blueprints needed recompiling
[2018.07.05-15.43.51:306][217]PIE: New page: PIE session: Map2 (5 Jul 2018 17:43:51)
[2018.07.05-15.43.51:306][217]LogPlayLevel: Creating play world package: /Game/UEDPIE_0_Map2
[2018.07.05-15.43.51:311][217]LogPlayLevel: PIE: StaticDuplicateObject took: (0.004248s)
[2018.07.05-15.43.51:311][217]LogAIModule: Creating AISystem for world Map2
[2018.07.05-15.43.51:311][217]LogPlayLevel: PIE: World Init took: (0.001353s)
[2018.07.05-15.43.51:312][217]LogPlayLevel: PIE: Created PIE world by copying editor world from /Game/Map2.Map2 to /Game/UEDPIE_0_Map2.Map2 (0.006206s)
[2018.07.05-15.43.51:382][217]LogInit: XAudio2 using 'Speaker/HP (Realtek High Definition Audio)' : 2 channels at 48 kHz using 16 bits per sample (channel mask 0x3)
[2018.07.05-15.43.51:443][217]LogInit: FAudioDevice initialized.
[2018.07.05-15.43.51:490][217]LogLoad: Game class is 'DCGamemode_C'
[2018.07.05-15.43.51:493][217]LogWorld: Bringing World /Game/UEDPIE_0_Map2.Map2 up for play (max tick rate 0) at 2018.07.05-16.43.51
[2018.07.05-15.43.51:493][217]LogWorld: Bringing up level for play took: 0.001874
[2018.07.05-15.43.51:494][217]LogGameMode: Display: Match State Changed from EnteringMap to WaitingToStart
[2018.07.05-15.43.51:494][217]LogGameState: Match State Changed from EnteringMap to WaitingToStart
[2018.07.05-15.43.51:494][217]LogGameMode: Display: Match State Changed from WaitingToStart to InProgress
[2018.07.05-15.43.51:497][217]LogGameState: Match State Changed from WaitingToStart to InProgress
[2018.07.05-15.43.51:497][217]PIE: Play in editor start time for /Game/UEDPIE_0_Map2 0.362
[2018.07.05-15.43.55:197][329]PIE: Warning: Invalid Simulate Options: Body (GAArrow_C_0.Box) is set to simulate physics but Collision Enabled is incompatible
[2018.07.05-15.43.55:198][329]PIE: Warning: Invalid Simulate Options: Body (GAArrow_C_0.Box) is set to simulate physics but Collision Enabled is incompatible
[2018.07.05-15.43.58:317][426]PIE: Warning: Invalid Simulate Options: Body (GAArrow_C_1.Box) is set to simulate physics but Collision Enabled is incompatible
[2018.07.05-15.43.58:318][426]PIE: Warning: Invalid Simulate Options: Body (GAArrow_C_1.Box) is set to simulate physics but Collision Enabled is incompatible
[2018.07.05-15.44.01:037][503]PIE: Warning: Invalid Simulate Options: Body (GAArrow_C_2.Box) is set to simulate physics but Collision Enabled is incompatible
[2018.07.05-15.44.01:037][503]PIE: Warning: Invalid Simulate Options: Body (GAArrow_C_2.Box) is set to simulate physics but Collision Enabled is incompatible
[2018.07.05-15.53.33:510][375]Cmd: QUIT_EDITOR
[2018.07.05-15.53.34:890][375]LogWindowsTextInputMethodSystem: Display: IME system now deactivated.
[2018.07.05-15.53.34:942][375]LogExit: Preparing to exit.
[2018.07.05-15.53.36:569][375]LogDirectoryWatcher: A directory notification for 'C:/Users/oaste/Documents/Unreal Projects/DCJnO/Content/' was aborted.
[2018.07.05-15.53.37:113][375]LogExit: Editor shut down
[2018.07.05-15.53.37:240][375]LogExit: Transaction tracking system shut down
[2018.07.05-15.53.37:646][375]LogDirectoryWatcher: A directory notification for '../../../Engine/Content/' was aborted.
[2018.07.05-15.53.37:647][375]LogDirectoryWatcher: A directory notification for '../../../../../../Users/oaste/Documents/Unreal Projects/DCJnO/Content/' was aborted.
[2018.07.05-15.53.37:647][375]LogDirectoryWatcher: A directory notification for '../../../Engine/Plugins/2D/Paper2D/Content/' was aborted.
[2018.07.05-15.53.37:648][375]LogDirectoryWatcher: A directory notification for '../../../Engine/Plugins/Runtime/Oculus/OculusVR/Content/' was aborted.
[2018.07.05-15.53.37:648][375]LogDirectoryWatcher: A directory notification for '../../../Engine/Plugins/Runtime/Steam/SteamVR/Content/' was aborted.
[2018.07.05-15.53.38:333][375]LogExit: Object subsystem successfully closed.
[2018.07.05-15.53.38:394][375]LogD3D11RHI: Shutdown
[2018.07.05-15.53.38:394][375]LogD3D11RHI: CleanupD3DDevice
[2018.07.05-15.53.39:433][375]LogD3D11RHI: ~FD3D11DynamicRHI
[2018.07.05-15.53.39:557][375]LogModuleManager: Shutting down and abandoning module HierarchicalLODUtilities (540)
[2018.07.05-15.53.39:597][375]LogModuleManager: Shutting down and abandoning module BlueprintGraph (538)
[2018.07.05-15.53.39:598][375]LogModuleManager: Shutting down and abandoning module BlueprintProfiler (536)
[2018.07.05-15.53.39:677][375]LogModuleManager: Shutting down and abandoning module MovieSceneCapture (534)
[2018.07.05-15.53.39:694][375]LogModuleManager: Shutting down and abandoning module StaticMeshEditor (532)
[2018.07.05-15.53.39:694][375]LogModuleManager: Shutting down and abandoning module HierarchicalLODOutliner (530)
[2018.07.05-15.53.39:694][375]LogModuleManager: Shutting down and abandoning module SceneOutliner (528)
[2018.07.05-15.53.39:702][375]LogModuleManager: Shutting down and abandoning module AddContentDialog (526)
[2018.07.05-15.53.39:703][375]LogDirectoryWatcher: A directory notification for 'C:/Program Files/Epic Games/UE_4.17/FeaturePacks/' was aborted.
[2018.07.05-15.53.39:730][375]LogModuleManager: Shutting down and abandoning module WidgetCarousel (525)
[2018.07.05-15.53.39:730][375]LogModuleManager: Shutting down and abandoning module EditorWidgets (522)
[2018.07.05-15.53.39:730][375]LogModuleManager: Shutting down and abandoning module CollectionManager (520)
[2018.07.05-15.53.39:730][375]LogDirectoryWatcher: A directory notification for 'C:/Users/oaste/Documents/Unreal Projects/DCJnO/Content/Collections/' was aborted.
[2018.07.05-15.53.39:730][375]LogDirectoryWatcher: A directory notification for 'C:/Users/oaste/Documents/Unreal Projects/DCJnO/Content/Developers/oaste/Collections/' was aborted.
[2018.07.05-15.53.39:730][375]LogDirectoryWatcher: A directory notification for 'C:/Users/oaste/Documents/Unreal Projects/DCJnO/Saved/Collections/' was aborted.
[2018.07.05-15.53.39:731][375]LogModuleManager: Shutting down and abandoning module StatsViewer (518)
[2018.07.05-15.53.39:731][375]LogModuleManager: Shutting down and abandoning module FoliageEdit (516)
[2018.07.05-15.53.39:731][375]LogModuleManager: Shutting down and abandoning module LandscapeEditor (514)
[2018.07.05-15.53.39:731][375]LogModuleManager: Shutting down and abandoning module MeshPaintMode (512)
[2018.07.05-15.53.39:731][375]LogModuleManager: Shutting down and abandoning module SceneDepthPickerMode (510)
[2018.07.05-15.53.39:731][375]LogModuleManager: Shutting down and abandoning module ActorPickerMode (508)
[2018.07.05-15.53.39:731][375]LogModuleManager: Shutting down and abandoning module GeometryMode (506)
[2018.07.05-15.53.39:731][375]LogModuleManager: Shutting down and abandoning module TextureAlignMode (504)
[2018.07.05-15.53.39:731][375]LogModuleManager: Shutting down and abandoning module BspMode (502)
[2018.07.05-15.53.39:731][375]LogModuleManager: Shutting down and abandoning module PIEPreviewDeviceProfileSelector (500)
[2018.07.05-15.53.39:731][375]LogModuleManager: Shutting down and abandoning module HardwareSurvey (498)
[2018.07.05-15.53.39:732][375]LogModuleManager: Shutting down and abandoning module SequenceRecorderSections (496)
[2018.07.05-15.53.39:732][375]LogModuleManager: Shutting down and abandoning module AutomationWorker (494)
[2018.07.05-15.53.39:732][375]LogModuleManager: Shutting down and abandoning module MatineeToLevelSequence (492)
[2018.07.05-15.53.39:732][375]LogModuleManager: Shutting down and abandoning module LevelSequenceEditor (490)
[2018.07.05-15.53.39:732][375]LogModuleManager: Shutting down and abandoning module PlacementMode (489)
[2018.07.05-15.53.39:732][375]LogModuleManager: Shutting down and abandoning module WmfMediaFactory (486)
[2018.07.05-15.53.39:732][375]LogModuleManager: Shutting down and abandoning module WmfMediaEditor (484)
[2018.07.05-15.53.39:732][375]LogModuleManager: Shutting down and abandoning module AvfMediaFactory (482)
[2018.07.05-15.53.39:732][375]LogModuleManager: Shutting down and abandoning module AvfMediaEditor (480)
[2018.07.05-15.53.39:732][375]LogModuleManager: Shutting down and abandoning module AndroidMediaFactory (478)
[2018.07.05-15.53.39:732][375]LogModuleManager: Shutting down and abandoning module Media (477)
[2018.07.05-15.53.39:732][375]LogModuleManager: Shutting down and abandoning module AndroidMediaEditor (474)
[2018.07.05-15.53.39:732][375]LogModuleManager: Shutting down and abandoning module CharacterAI (472)
[2018.07.05-15.53.39:732][375]LogModuleManager: Shutting down and abandoning module AudioCapture (470)
[2018.07.05-15.53.39:732][375]LogModuleManager: Shutting down and abandoning module SequenceRecorder (469)
[2018.07.05-15.53.39:732][375]LogModuleManager: Shutting down and abandoning module SmartSnapping (466)
[2018.07.05-15.53.39:732][375]LogModuleManager: Shutting down and abandoning module SessionServices (464)
[2018.07.05-15.53.39:733][375]LogModuleManager: Shutting down and abandoning module ViewportSnapping (462)
[2018.07.05-15.53.39:733][375]LogModuleManager: Shutting down and abandoning module ViewportInteraction (460)
[2018.07.05-15.53.39:733][375]LogModuleManager: Shutting down and abandoning module ClothPainter (458)
[2018.07.05-15.53.39:733][375]LogModuleManager: Shutting down and abandoning module LogVisualizer (456)
[2018.07.05-15.53.39:733][375]LogModuleManager: Shutting down and abandoning module IntroTutorials (454)
[2018.07.05-15.53.39:733][375]LogModuleManager: Shutting down and abandoning module GameProjectGeneration (453)
[2018.07.05-15.53.39:733][375]LogModuleManager: Shutting down and abandoning module IOSPlatformEditor (450)
[2018.07.05-15.53.39:733][375]LogModuleManager: Shutting down and abandoning module HTML5PlatformEditor (448)
[2018.07.05-15.53.39:733][375]LogModuleManager: Shutting down and abandoning module AndroidPlatformEditor (446)
[2018.07.05-15.53.39:733][375]LogModuleManager: Shutting down and abandoning module AndroidDeviceDetection (445)
[2018.07.05-15.53.40:419][375]LogModuleManager: Shutting down and abandoning module WindowsPlatformEditor (442)
[2018.07.05-15.53.40:420][375]LogModuleManager: Shutting down and abandoning module IOSRuntimeSettings (440)
[2018.07.05-15.53.40:420][375]LogModuleManager: Shutting down and abandoning module AndroidRuntimeSettings (438)
[2018.07.05-15.53.40:420][375]LogModuleManager: Shutting down and abandoning module InputBindingEditor (436)
[2018.07.05-15.53.40:420][375]LogModuleManager: Shutting down and abandoning module MergeActors (434)
[2018.07.05-15.53.40:420][375]LogModuleManager: Shutting down and abandoning module SizeMap (432)
[2018.07.05-15.53.40:420][375]LogModuleManager: Shutting down and abandoning module TreeMap (430)
[2018.07.05-15.53.40:420][375]LogModuleManager: Shutting down and abandoning module ReferenceViewer (428)
[2018.07.05-15.53.40:420][375]LogModuleManager: Shutting down and abandoning module LocalizationDashboard (426)
[2018.07.05-15.53.40:420][375]LogModuleManager: Shutting down and abandoning module LocalizationService (425)
[2018.07.05-15.53.40:420][375]LogModuleManager: Shutting down and abandoning module HardwareTargeting (422)
[2018.07.05-15.53.40:420][375]LogModuleManager: Shutting down and abandoning module DeviceProfileEditor (420)
[2018.07.05-15.53.40:420][375]LogModuleManager: Shutting down and abandoning module UndoHistory (418)
[2018.07.05-15.53.40:420][375]LogModuleManager: Shutting down and abandoning module XmlParser (416)
[2018.07.05-15.53.40:420][375]LogModuleManager: Shutting down and abandoning module Blutility (414)
[2018.07.05-15.53.40:420][375]LogModuleManager: Shutting down and abandoning module ProjectSettingsViewer (412)
[2018.07.05-15.53.40:421][375]LogModuleManager: Shutting down and abandoning module ProjectTargetPlatformEditor (411)
[2018.07.05-15.53.40:421][375]LogModuleManager: Shutting down and abandoning module EditorSettingsViewer (408)
[2018.07.05-15.53.40:421][375]LogModuleManager: Shutting down and abandoning module SettingsEditor (406)
[2018.07.05-15.53.40:421][375]LogModuleManager: Shutting down and abandoning module ProjectLauncher (404)
[2018.07.05-15.53.40:421][375]LogModuleManager: Shutting down and abandoning module SessionFrontend (402)
[2018.07.05-15.53.40:422][375]LogModuleManager: Shutting down and abandoning module ProfilerClient (400)
[2018.07.05-15.53.40:422][375]LogModuleManager: Shutting down and abandoning module DeviceManager (398)
[2018.07.05-15.53.40:422][375]LogModuleManager: Shutting down and abandoning module TargetDeviceServices (397)
[2018.07.05-15.53.40:478][375]LogModuleManager: Shutting down and abandoning module AutomationController (394)
[2018.07.05-15.53.40:478][375]LogModuleManager: Shutting down and abandoning module AutomationWindow (392)
[2018.07.05-15.53.40:478][375]LogModuleManager: Shutting down and abandoning module Layers (390)
[2018.07.05-15.53.40:478][375]LogModuleManager: Shutting down and abandoning module ComponentVisualizers (388)
[2018.07.05-15.53.40:478][375]LogModuleManager: Shutting down and abandoning module DetailCustomizations (386)
[2018.07.05-15.53.40:478][375]LogModuleManager: Shutting down and abandoning module PackagesDialog (384)
[2018.07.05-15.53.40:478][375]LogModuleManager: Shutting down and abandoning module Persona (382)
[2018.07.05-15.53.40:478][375]LogModuleManager: Shutting down and abandoning module AdvancedPreviewScene (381)
[2018.07.05-15.53.40:478][375]LogModuleManager: Shutting down and abandoning module AnimGraph (379)
[2018.07.05-15.53.40:479][375]LogModuleManager: Shutting down and abandoning module Kismet (376)
[2018.07.05-15.53.40:537][375]LogModuleManager: Shutting down and abandoning module ClassViewer (374)
[2018.07.05-15.53.40:537][375]LogModuleManager: Shutting down and abandoning module Toolbox (372)
[2018.07.05-15.53.40:537][375]LogModuleManager: Shutting down and abandoning module ModuleUI (370)
[2018.07.05-15.53.40:537][375]LogModuleManager: Shutting down and abandoning module MovieSceneTools (368)
[2018.07.05-15.53.40:537][375]LogModuleManager: Shutting down and abandoning module OutputLog (366)
[2018.07.05-15.53.40:538][375]LogModuleManager: Shutting down and abandoning module GammaUI (364)
[2018.07.05-15.53.40:538][375]LogModuleManager: Shutting down and abandoning module Documentation (362)
[2018.07.05-15.53.40:538][375]LogModuleManager: Shutting down and abandoning module MovieSceneTracks (360)
[2018.07.05-15.53.40:538][375]LogModuleManager: Shutting down and abandoning module MovieScene (358)
[2018.07.05-15.53.40:538][375]LogModuleManager: Shutting down and abandoning module Niagara (356)
[2018.07.05-15.53.40:538][375]LogModuleManager: Shutting down and abandoning module NiagaraEditor (355)
[2018.07.05-15.53.40:538][375]LogModuleManager: Shutting down and abandoning module StreamingPauseRendering (352)
[2018.07.05-15.53.40:538][375]LogModuleManager: Shutting down and abandoning module LauncherPlatform (350)
[2018.07.05-15.53.40:538][375]LogModuleManager: Shutting down and abandoning module AnalyticsET (348)
[2018.07.05-15.53.40:538][375]LogModuleManager: Shutting down and abandoning module PortalServices (346)
[2018.07.05-15.53.40:538][375]LogModuleManager: Shutting down and abandoning module PortalRpc (344)
[2018.07.05-15.53.40:538][375]LogModuleManager: Shutting down and abandoning module MessagingRpc (342)
[2018.07.05-15.53.40:538][375]LogModuleManager: Shutting down and abandoning module AIModule (340)
[2018.07.05-15.53.40:538][375]LogModuleManager: Shutting down and abandoning module GameplayDebugger (339)
[2018.07.05-15.53.40:538][375]LogModuleManager: Shutting down and abandoning module AITestSuite (337)
[2018.07.05-15.53.40:539][375]LogModuleManager: Shutting down and abandoning module ProfilerService (334)
[2018.07.05-15.53.40:737][375]LogModuleManager: Shutting down and abandoning module TaskGraph (332)
[2018.07.05-15.53.40:737][375]LogModuleManager: Shutting down and abandoning module SteamVRController (330)
[2018.07.05-15.53.40:737][375]LogModuleManager: Shutting down and abandoning module ProceduralMeshComponentEditor (328)
[2018.07.05-15.53.40:738][375]LogModuleManager: Shutting down and abandoning module ProceduralMeshComponent (326)
[2018.07.05-15.53.40:738][375]LogModuleManager: Shutting down and abandoning module OculusInput (324)
[2018.07.05-15.53.40:738][375]LogModuleManager: Shutting down and abandoning module MobilePatchingUtils (322)
[2018.07.05-15.53.40:738][375]LogModuleManager: Shutting down and abandoning module CustomMeshComponent (320)
[2018.07.05-15.53.40:738][375]LogModuleManager: Shutting down and abandoning module CableComponent (318)
[2018.07.05-15.53.40:739][375]LogModuleManager: Shutting down and abandoning module ArchVisCharacter (316)
[2018.07.05-15.53.40:739][375]LogModuleManager: Shutting down and abandoning module AndroidPermission (314)
[2018.07.05-15.53.40:739][375]LogModuleManager: Shutting down and abandoning module MediaPlayerEditor (310)
[2018.07.05-15.53.40:739][375]LogModuleManager: Shutting down and abandoning module HTML5Networking (308)
[2018.07.05-15.53.40:739][375]LogModuleManager: Shutting down and abandoning module AlembicImporter (306)
[2018.07.05-15.53.40:740][375]LogModuleManager: Shutting down and abandoning module AlembicLibrary (305)
[2018.07.05-15.53.40:740][375]LogModuleManager: Shutting down and abandoning module GeometryCache (304)
[2018.07.05-15.53.40:740][375]LogModuleManager: Shutting down and abandoning module GeometryCacheEd (303)
[2018.07.05-15.53.40:740][375]LogModuleManager: Shutting down and abandoning module SpeedTreeImporter (298)
[2018.07.05-15.53.40:740][375]LogModuleManager: Shutting down and abandoning module PluginBrowser (296)
[2018.07.05-15.53.40:741][375]LogModuleManager: Shutting down and abandoning module MobileLauncherProfileWizard (294)
[2018.07.05-15.53.40:741][375]LogModuleManager: Shutting down and abandoning module VisualStudioSourceCodeAccess (292)
[2018.07.05-15.53.40:742][375]LogModuleManager: Shutting down and abandoning module DesktopPlatform (291)
[2018.07.05-15.53.40:742][375]LogModuleManager: Shutting down and abandoning module UObjectPlugin (288)
[2018.07.05-15.53.40:742][375]LogModuleManager: Shutting down and abandoning module SubversionSourceControl (286)
[2018.07.05-15.53.40:742][375]LogModuleManager: Shutting down and abandoning module PerforceSourceControl (284)
[2018.07.05-15.53.40:743][375]LogModuleManager: Shutting down and abandoning module GitSourceControl (282)
[2018.07.05-15.53.40:743][375]LogModuleManager: Shutting down and abandoning module SourceControl (281)
[2018.07.05-15.53.40:744][375]LogModuleManager: Shutting down and abandoning module LightPropagationVolumeEditor (278)
[2018.07.05-15.53.40:744][375]LogModuleManager: Shutting down and abandoning module PaperTiledImporter (276)
[2018.07.05-15.53.40:746][375]LogModuleManager: Shutting down and abandoning module PaperSpriteSheetImporter (274)
[2018.07.05-15.53.40:746][375]LogModuleManager: Shutting down and abandoning module Paper2DEditor (272)
[2018.07.05-15.53.40:746][375]LogModuleManager: Shutting down and abandoning module MeshPaint (271)
[2018.07.05-15.53.40:746][375]LogModuleManager: Shutting down and abandoning module LevelEditor (269)
[2018.07.05-15.53.40:748][375]LogModuleManager: Shutting down and abandoning module PixelInspectorModule (268)
[2018.07.05-15.53.40:748][375]LogModuleManager: Shutting down and abandoning module MainFrame (266)
[2018.07.05-15.53.40:748][375]LogModuleManager: Shutting down and abandoning module HotReload (265)
[2018.07.05-15.53.40:749][375]LogModuleManager: Shutting down and abandoning module RuntimePhysXCooking (260)
[2018.07.05-15.53.40:749][375]LogModuleManager: Shutting down and abandoning module PhysXVehiclesEditor (258)
[2018.07.05-15.53.40:749][375]LogModuleManager: Shutting down and abandoning module PhysXVehicles (256)
[2018.07.05-15.53.40:749][375]LogModuleManager: Shutting down and abandoning module OculusEditor (254)
[2018.07.05-15.53.40:749][375]LogModuleManager: Shutting down and abandoning module LocationServicesBPLibrary (252)
[2018.07.05-15.53.40:750][375]LogModuleManager: Shutting down and abandoning module ImmediatePhysicsEditor (250)
[2018.07.05-15.53.40:750][375]LogModuleManager: Shutting down and abandoning module ImmediatePhysics (248)
[2018.07.05-15.53.40:750][375]LogModuleManager: Shutting down and abandoning module UdpMessaging (246)
[2018.07.05-15.53.40:851][375]LogModuleManager: Shutting down and abandoning module TcpMessaging (244)
[2018.07.05-15.53.40:952][375]LogModuleManager: Shutting down and abandoning module GameplayTagsEditor (242)
[2018.07.05-15.53.40:952][375]LogModuleManager: Shutting down and abandoning module FacialAnimationEditor (240)
[2018.07.05-15.53.40:952][375]LogModuleManager: Shutting down and abandoning module FacialAnimation (238)
[2018.07.05-15.53.40:952][375]LogModuleManager: Shutting down and abandoning module AssetManagerEditor (236)
[2018.07.05-15.53.40:952][375]LogModuleManager: Shutting down and abandoning module GraphEditor (235)
[2018.07.05-15.53.40:952][375]LogModuleManager: Shutting down and abandoning module ContentBrowser (233)
[2018.07.05-15.53.40:955][375]LogModuleManager: Shutting down and abandoning module LightPropagationVolumeRuntime (230)
[2018.07.05-15.53.40:955][375]LogModuleManager: Shutting down and abandoning module Paper2D (228)
[2018.07.05-15.53.40:955][375]LogModuleManager: Shutting down and abandoning module WindowsMoviePlayer (226)
[2018.07.05-15.53.40:955][375]LogModuleManager: Shutting down and abandoning module WmfMedia (224)
[2018.07.05-15.53.40:959][375]LogModuleManager: Shutting down and abandoning module PacketHandler (222)
[2018.07.05-15.53.40:959][375]LogModuleManager: Shutting down and abandoning module ClothingSystemEditor (220)
[2018.07.05-15.53.40:959][375]LogModuleManager: Shutting down and abandoning module ClothingSystemRuntime (218)
[2018.07.05-15.53.40:959][375]LogModuleManager: Shutting down and abandoning module Overlay (216)
[2018.07.05-15.53.40:959][375]LogModuleManager: Shutting down and abandoning module OverlayEditor (215)
[2018.07.05-15.53.40:959][375]LogModuleManager: Shutting down and abandoning module MediaAssets (212)
[2018.07.05-15.53.40:959][375]LogModuleManager: Shutting down and abandoning module VREditor (210)
[2018.07.05-15.53.40:959][375]LogModuleManager: Shutting down and abandoning module StringTableEditor (208)
[2018.07.05-15.53.40:959][375]LogModuleManager: Shutting down and abandoning module GameplayTasksEditor (206)
[2018.07.05-15.53.40:959][375]LogModuleManager: Shutting down and abandoning module BehaviorTreeEditor (204)
[2018.07.05-15.53.40:959][375]LogModuleManager: Shutting down and abandoning module FunctionalTesting (202)
[2018.07.05-15.53.40:959][375]LogModuleManager: Shutting down and abandoning module CollisionAnalyzer (200)
[2018.07.05-15.53.40:959][375]LogModuleManager: Shutting down and abandoning module WorkspaceMenuStructure (199)
[2018.07.05-15.53.40:959][375]LogModuleManager: Shutting down and abandoning module UMG (196)
[2018.07.05-15.53.40:959][375]LogModuleManager: Shutting down and abandoning module UMGEditor (195)
[2018.07.05-15.53.40:959][375]LogModuleManager: Shutting down and abandoning module Sequencer (194)
[2018.07.05-15.53.40:960][375]LogModuleManager: Shutting down and abandoning module MessageLog (191)
[2018.07.05-15.53.40:960][375]LogModuleManager: Shutting down and abandoning module SlateReflector (186)
[2018.07.05-15.53.40:960][375]LogModuleManager: Shutting down and abandoning module Slate (184)
[2018.07.05-15.53.40:960][375]LogModuleManager: Shutting down and abandoning module EditorStyle (182)
[2018.07.05-15.53.40:966][375]LogModuleManager: Shutting down and abandoning module MRMesh (180)
[2018.07.05-15.53.40:966][375]LogModuleManager: Shutting down and abandoning module SourceCodeAccess (178)
[2018.07.05-15.53.40:966][375]LogModuleManager: Shutting down and abandoning module HeadMountedDisplay (176)
[2018.07.05-15.53.40:966][375]LogModuleManager: Shutting down and abandoning module XAudio2 (174)
[2018.07.05-15.53.40:966][375]LogModuleManager: Shutting down and abandoning module Networking (172)
[2018.07.05-15.53.40:966][375]LogModuleManager: Shutting down and abandoning module Core (168)
[2018.07.05-15.53.40:966][375]LogModuleManager: Shutting down and abandoning module KismetCompiler (164)
[2018.07.05-15.53.40:966][375]LogModuleManager: Shutting down and abandoning module LevelSequence (162)
[2018.07.05-15.53.40:966][375]LogModuleManager: Shutting down and abandoning module MeshUtilities (160)
[2018.07.05-15.53.40:966][375]LogModuleManager: Shutting down and abandoning module MeshMergeUtilities (159)
[2018.07.05-15.53.40:966][375]LogModuleManager: Shutting down and abandoning module MeshReductionInterface (158)
[2018.07.05-15.53.40:966][375]LogModuleManager: Shutting down and abandoning module SimplygonSwarm (157)
[2018.07.05-15.53.40:966][375]LogModuleManager: Shutting down and abandoning module SimplygonMeshReduction (155)
[2018.07.05-15.53.40:966][375]LogModuleManager: Shutting down and abandoning module QuadricMeshReduction (153)
[2018.07.05-15.53.40:967][375]LogModuleManager: Shutting down and abandoning module MaterialBaking (149)
[2018.07.05-15.53.40:967][375]LogModuleManager: Shutting down and abandoning module DirectoryWatcher (146)
[2018.07.05-15.53.40:977][375]LogModuleManager: Shutting down and abandoning module DerivedDataCache (144)
[2018.07.05-15.53.41:003][375]LogDerivedDataCache: Shutdown
[2018.07.05-15.53.41:003][375]LogModuleManager: Shutting down and abandoning module TargetPlatform (142)
[2018.07.05-15.53.41:004][375]LogModuleManager: Shutting down and abandoning module VulkanShaderFormat (141)
[2018.07.05-15.53.41:004][375]LogModuleManager: Shutting down and abandoning module ShaderFormatVectorVM (139)
[2018.07.05-15.53.41:004][375]LogModuleManager: Shutting down and abandoning module ShaderFormatOpenGL (137)
[2018.07.05-15.53.41:004][375]LogModuleManager: Shutting down and abandoning module ShaderFormatD3D (135)
[2018.07.05-15.53.41:004][375]LogModuleManager: Shutting down and abandoning module MetalShaderFormat (133)
[2018.07.05-15.53.41:004][375]LogModuleManager: Shutting down and abandoning module TextureFormatUncompressed (131)
[2018.07.05-15.53.41:004][375]LogModuleManager: Shutting down and abandoning module TextureFormatPVR (129)
[2018.07.05-15.53.41:004][375]LogModuleManager: Shutting down and abandoning module TextureFormatDXT (127)
[2018.07.05-15.53.41:004][375]LogModuleManager: Shutting down and abandoning module TextureFormatIntelISPCTexComp (125)
[2018.07.05-15.53.41:004][375]LogModuleManager: Shutting down and abandoning module TextureFormatASTC (123)
[2018.07.05-15.53.41:004][375]LogModuleManager: Shutting down and abandoning module ImageWrapper (122)
[2018.07.05-15.53.41:004][375]LogModuleManager: Shutting down and abandoning module TextureFormatAndroid (119)
[2018.07.05-15.53.41:004][375]LogModuleManager: Shutting down and abandoning module AudioFormatOpus (117)
[2018.07.05-15.53.41:004][375]LogModuleManager: Shutting down and abandoning module AudioFormatOgg (115)
[2018.07.05-15.53.41:005][375]LogModuleManager: Shutting down and abandoning module AudioFormatADPCM (113)
[2018.07.05-15.53.41:005][375]LogModuleManager: Shutting down and abandoning module LinuxTargetPlatform (111)
[2018.07.05-15.53.41:005][375]LogModuleManager: Shutting down and abandoning module LinuxServerTargetPlatform (109)
[2018.07.05-15.53.41:005][375]LogModuleManager: Shutting down and abandoning module LinuxNoEditorTargetPlatform (107)
[2018.07.05-15.53.41:005][375]LogModuleManager: Shutting down and abandoning module LinuxClientTargetPlatform (105)
[2018.07.05-15.53.41:005][375]LogModuleManager: Shutting down and abandoning module TVOSTargetPlatform (103)
[2018.07.05-15.53.41:005][375]LogModuleManager: Shutting down and abandoning module Messaging (101)
[2018.07.05-15.53.41:005][375]LogModuleManager: Shutting down and abandoning module IOSTargetPlatform (99)
[2018.07.05-15.53.41:005][375]LogModuleManager: Shutting down and abandoning module HTML5TargetPlatform (97)
[2018.07.05-15.53.41:005][375]LogModuleManager: Shutting down and abandoning module Android_PVRTCTargetPlatform (95)
[2018.07.05-15.53.41:005][375]LogModuleManager: Shutting down and abandoning module Android_MultiTargetPlatform (93)
[2018.07.05-15.53.41:005][375]LogModuleManager: Shutting down and abandoning module Android_ETC2TargetPlatform (91)
[2018.07.05-15.53.41:005][375]LogModuleManager: Shutting down and abandoning module Android_ETC1TargetPlatform (89)
[2018.07.05-15.53.41:005][375]LogModuleManager: Shutting down and abandoning module Android_DXTTargetPlatform (87)
[2018.07.05-15.53.41:006][375]LogModuleManager: Shutting down and abandoning module Android_ATCTargetPlatform (85)
[2018.07.05-15.53.41:006][375]LogModuleManager: Shutting down and abandoning module Android_ASTCTargetPlatform (83)
[2018.07.05-15.53.41:006][375]LogModuleManager: Shutting down and abandoning module AndroidTargetPlatform (81)
[2018.07.05-15.53.41:006][375]LogModuleManager: Shutting down and abandoning module WindowsTargetPlatform (79)
[2018.07.05-15.53.41:006][375]LogModuleManager: Shutting down and abandoning module WindowsServerTargetPlatform (77)
[2018.07.05-15.53.41:006][375]LogModuleManager: Shutting down and abandoning module WindowsNoEditorTargetPlatform (75)
[2018.07.05-15.53.41:006][375]LogModuleManager: Shutting down and abandoning module WindowsClientTargetPlatform (73)
[2018.07.05-15.53.41:006][375]LogModuleManager: Shutting down and abandoning module MacTargetPlatform (71)
[2018.07.05-15.53.41:006][375]LogModuleManager: Shutting down and abandoning module MacServerTargetPlatform (69)
[2018.07.05-15.53.41:006][375]LogModuleManager: Shutting down and abandoning module MacNoEditorTargetPlatform (67)
[2018.07.05-15.53.41:006][375]LogModuleManager: Shutting down and abandoning module MacClientTargetPlatform (65)
[2018.07.05-15.53.41:006][375]LogModuleManager: Shutting down and abandoning module AllDesktopTargetPlatform (63)
[2018.07.05-15.53.41:006][375]LogModuleManager: Shutting down and abandoning module InputCore (60)
[2018.07.05-15.53.41:006][375]LogModuleManager: Shutting down and abandoning module Settings (58)
[2018.07.05-15.53.41:006][375]LogModuleManager: Shutting down and abandoning module PhysXCooking (56)
[2018.07.05-15.53.41:006][375]LogModuleManager: Shutting down and abandoning module SteamVR (54)
[2018.07.05-15.53.41:006][375]LogModuleManager: Shutting down and abandoning module OculusHMD (52)
[2018.07.05-15.53.41:006][375]LogModuleManager: Shutting down and abandoning module ExampleDeviceProfileSelector (50)
[2018.07.05-15.53.41:007][375]LogModuleManager: Shutting down and abandoning module OnlineBlueprintSupport (48)
[2018.07.05-15.53.41:007][375]LogModuleManager: Shutting down and abandoning module OnlineSubsystem (44)
[2018.07.05-15.53.41:007][375]LogOnline: Display: Unloading online subsystem: NULL
[2018.07.05-15.53.41:007][375]LogModuleManager: Shutting down and abandoning module XMPP (43)
[2018.07.05-15.53.41:007][375]LogModuleManager: Shutting down and abandoning module HTTP (41)
[2018.07.05-15.53.41:007][375]LogHttp: Display: Http module shutting down, but needs to wait on 1 outstanding Http requests:
[2018.07.05-15.53.41:007][375]LogHttp: Display: 	verb=[POST] url=[https://datarouter.ol.epicgames.com/datarouter/api/v1/public/data?SessionID=%7B04ED1106-4E09-38FE-03B8-4185A46FD493%7D&AppID=UEEditor.Rocket.Release&AppVersion=4.17.2-3658906%2B%2B%2BUE4%2BRelease-4.17&UserID=543d467c4424f055ada612a4e4a7973a%7Cbc011444d2864bdf9695488c55616eb7%7Cfc0836ed-f7bc-4f31-a175-fafc700928d7&AppEnvironment=datacollector-binary&UploadType=eteventstream] status=Processing
[2018.07.05-15.53.41:033][375]LogModuleManager: Shutting down and abandoning module SSL (40)
[2018.07.05-15.53.41:037][375]LogModuleManager: Shutting down and abandoning module AnimationModifiers (36)
[2018.07.05-15.53.41:037][375]LogModuleManager: Shutting down and abandoning module PropertyEditor (35)
[2018.07.05-15.53.41:037][375]LogModuleManager: Shutting down and abandoning module AudioEditor (32)
[2018.07.05-15.53.41:037][375]LogModuleManager: Shutting down and abandoning module TextureCompressor (30)
[2018.07.05-15.53.41:037][375]LogModuleManager: Shutting down and abandoning module ShaderCore (28)
[2018.07.05-15.53.41:037][375]LogModuleManager: Shutting down and abandoning module Landscape (26)
[2018.07.05-15.53.41:037][375]LogModuleManager: Shutting down and abandoning module SlateRHIRenderer (24)
[2018.07.05-15.53.41:043][375]LogModuleManager: Shutting down and abandoning module OpenGLDrv (22)
[2018.07.05-15.53.41:043][375]LogModuleManager: Shutting down and abandoning module D3D11RHI (20)
[2018.07.05-15.53.41:043][375]LogModuleManager: Shutting down and abandoning module AnimGraphRuntime (18)
[2018.07.05-15.53.41:043][375]LogModuleManager: Shutting down and abandoning module Renderer (16)
[2018.07.05-15.53.41:043][375]LogModuleManager: Shutting down and abandoning module Engine (14)
[2018.07.05-15.53.41:043][375]LogModuleManager: Shutting down and abandoning module CoreUObject (12)
[2018.07.05-15.53.41:043][375]LogModuleManager: Shutting down and abandoning module NetworkFile (10)
[2018.07.05-15.53.41:043][375]LogModuleManager: Shutting down and abandoning module CookedIterativeFile (8)
[2018.07.05-15.53.41:043][375]LogModuleManager: Shutting down and abandoning module StreamingFile (6)
[2018.07.05-15.53.41:043][375]LogModuleManager: Shutting down and abandoning module SandboxFile (4)
[2018.07.05-15.53.41:043][375]LogModuleManager: Shutting down and abandoning module PakFile (2)
[2018.07.05-15.53.41:045][375]LogExit: Exiting.
[2018.07.05-15.53.41:075][375]Log file closed, 07/05/18 16:53:41
