Log file open, 07/05/18 01:28:06
LogWindows: Failed to load 'aqProf.dll' (GetLastError=126)
LogWindows: File 'aqProf.dll' does not exist
LogWindows: Failed to load 'VSPerf140.dll' (GetLastError=126)
LogWindows: File 'VSPerf140.dll' does not exist
LogWindows: Failed to load 'VtuneApi.dll' (GetLastError=126)
LogWindows: File 'VtuneApi.dll' does not exist
LogWindows: Failed to load 'VtuneApi32e.dll' (GetLastError=126)
LogWindows: File 'VtuneApi32e.dll' does not exist
LogInit: Display: Running engine for game: DCJnO
LogPlatformFile: Not using cached read wrapper
LogInit: Display: RandInit(1524343829) SRandInit(1524343829).
LogTaskGraph: Started task graph with 5 named threads and 8 total threads with 3 sets of task threads.
LogStats: Stats thread started at 0.247238
LogD3D11RHI: Aftermath initialized
LogPluginManager: Mounting plugin Paper2D
LogPluginManager: Mounting plugin LightPropagationVolume
LogPluginManager: Mounting plugin CodeLiteSourceCodeAccess
LogPluginManager: Mounting plugin GitSourceControl
LogPluginManager: Mounting plugin KDevelopSourceCodeAccess
LogPluginManager: Mounting plugin NullSourceCodeAccess
LogPluginManager: Mounting plugin PerforceSourceControl
LogPluginManager: Mounting plugin SubversionSourceControl
LogPluginManager: Mounting plugin UObjectPlugin
LogPluginManager: Mounting plugin VisualStudioSourceCodeAccess
LogPluginManager: Mounting plugin XCodeSourceCodeAccess
LogPluginManager: Mounting plugin AssetManagerEditor
LogPluginManager: Mounting plugin AudioCapture
LogPluginManager: Mounting plugin FacialAnimation
LogPluginManager: Mounting plugin GameplayTagsEditor
LogPluginManager: Mounting plugin MobileLauncherProfileWizard
LogPluginManager: Mounting plugin PluginBrowser
LogPluginManager: Mounting plugin SpeedTreeImporter
LogPluginManager: Mounting plugin AlembicImporter
LogPluginManager: Mounting plugin CharacterAI
LogPluginManager: Mounting plugin HTML5Networking
LogPluginManager: Mounting plugin AndroidMedia
LogPluginManager: Mounting plugin AvfMedia
LogPluginManager: Mounting plugin MediaPlayerEditor
LogPluginManager: Mounting plugin WmfMedia
LogPluginManager: Mounting plugin TcpMessaging
LogPluginManager: Mounting plugin UdpMessaging
LogPluginManager: Mounting plugin LevelSequenceEditor
LogPluginManager: Mounting plugin MatineeToLevelSequence
LogPluginManager: Mounting plugin OnlineSubsystemGooglePlay
LogPluginManager: Mounting plugin OnlineSubsystemIOS
LogPluginManager: Mounting plugin OnlineSubsystem
LogPluginManager: Mounting plugin OnlineSubsystemNull
LogPluginManager: Mounting plugin OnlineSubsystemUtils
LogPluginManager: Mounting plugin AndroidDeviceProfileSelector
LogPluginManager: Mounting plugin AndroidMoviePlayer
LogPluginManager: Mounting plugin AndroidPermission
LogPluginManager: Mounting plugin AppleMoviePlayer
LogPluginManager: Mounting plugin ArchVisCharacter
LogPluginManager: Mounting plugin CableComponent
LogPluginManager: Mounting plugin CustomMeshComponent
LogPluginManager: Mounting plugin ExampleDeviceProfileSelector
LogPluginManager: Mounting plugin GoogleCloudMessaging
LogPluginManager: Mounting plugin ImmediatePhysics
LogPluginManager: Mounting plugin IOSDeviceProfileSelector
LogPluginManager: Mounting plugin LinuxDeviceProfileSelector
LogPluginManager: Mounting plugin LocationServicesBPLibrary
LogPluginManager: Mounting plugin MobilePatchingUtils
LogPluginManager: Mounting plugin OculusVR
LogPluginManager: Mounting plugin PhysXVehicles
LogPluginManager: Mounting plugin ProceduralMeshComponent
LogPluginManager: Mounting plugin RuntimePhysXCooking
LogPluginManager: Mounting plugin SteamVR
LogPluginManager: Mounting plugin WindowsMoviePlayer
LogInit: Using libcurl 7.47.1
LogInit:  - built for x86_64-pc-win32
LogInit:  - supports SSL with OpenSSL/1.0.2g
LogInit:  - supports HTTP deflate (compression) using libz 1.2.8
LogInit:  - other features:
LogInit:      CURL_VERSION_SSL
LogInit:      CURL_VERSION_LIBZ
LogInit:      CURL_VERSION_IPV6
LogInit:      CURL_VERSION_ASYNCHDNS
LogInit:      CURL_VERSION_LARGEFILE
LogInit:      CURL_VERSION_IDN
LogInit:  CurlRequestOptions (configurable via config and command line):
LogInit:  - bVerifyPeer = false  - Libcurl will NOT verify peer certificate
LogInit:  - bUseHttpProxy = false  - Libcurl will NOT use HTTP proxy
LogInit:  - bDontReuseConnections = false  - Libcurl will reuse connections
LogInit:  - CertBundlePath = nullptr  - Libcurl will use whatever was configured at build time.
LogInit: Build: ++UE4+Release-4.17-CL-3658906
LogInit: Engine Version: 4.17.2-3658906+++UE4+Release-4.17
LogInit: Compatible Engine Version: 4.17.0-3573198+++UE4+Release-4.17
LogInit: Net CL: 3573198
LogDevObjectVersion: Number of dev versions registered: 16
LogDevObjectVersion:   Dev-Blueprints (B0D832E4-1F89-4F0D-ACCF-7EB736FD4AA2): 10
LogDevObjectVersion:   Dev-Build (E1C64328-A22C-4D53-A36C-8E866417BD8C): 0
LogDevObjectVersion:   Dev-Core (375EC13C-06E4-48FB-B500-84F0262A717E): 2
LogDevObjectVersion:   Dev-Editor (E4B068ED-F494-42E9-A231-DA0B2E46BB41): 20
LogDevObjectVersion:   Dev-Framework (CFFC743F-43B0-4480-9391-14DF171D2073): 28
LogDevObjectVersion:   Dev-Mobile (B02B49B5-BB20-44E9-A304-32B752E40360): 0
LogDevObjectVersion:   Dev-Networking (A4E4105C-59A1-49B5-A7C5-40C4547EDFEE): 0
LogDevObjectVersion:   Dev-Online (39C831C9-5AE6-47DC-9A44-9C173E1C8E7C): 0
LogDevObjectVersion:   Dev-Physics (78F01B33-EBEA-4F98-B9B4-84EACCB95AA2): 0
LogDevObjectVersion:   Dev-Platform (6631380F-2D4D-43E0-8009-CF276956A95A): 0
LogDevObjectVersion:   Dev-Rendering (12F88B9F-8875-4AFC-A67C-D90C383ABD29): 19
LogDevObjectVersion:   Dev-Sequencer (7B5AE74C-D270-4C10-A958-57980B212A5A): 4
LogDevObjectVersion:   Dev-VR (D7296918-1DD6-4BDD-9DE2-64A83CC13884): 0
LogDevObjectVersion:   Dev-LoadTimes (C2A15278-BFE7-4AFE-6C17-90FF531DF755): 1
LogDevObjectVersion:   Private-Geometry (6EACA3D4-40EC-4CC1-B786-8BED09428FC5): 1
LogDevObjectVersion:   Dev-AnimPhys (29E575DD-E0A3-4627-9D10-D276232CDCEA): 7
LogInit: Compiled (64-bit): Sep 22 2017 13:47:16
LogInit: Compiled with Visual C++: 19.00.24215.01
LogInit: Build Configuration: Development
LogInit: Branch Name: ++UE4+Release-4.17
LogInit: Command line: -EpicPortal 
LogInit: Base directory: C:/Program Files/Epic Games/UE_4.17/Engine/Binaries/Win64/
LogInit: Installed Engine Build: 1
LogInit: Presizing for max 8388607 objects, including 0 objects not considered by GC, pre-allocating 0 bytes for permanent pool.
LogInit: Object subsystem initialized
[2018.07.05-00.28.09:168][  0]LogInit: Selected Device Profile: [Windows]
[2018.07.05-00.28.09:168][  0]LogInit: Applying CVar settings loaded from the selected device profile: [Windows]
[2018.07.05-00.28.09:240][  0]LogInit: Computer: STARLORD
[2018.07.05-00.28.09:241][  0]LogInit: User: oaste
[2018.07.05-00.28.09:241][  0]LogInit: CPU Page size=4096, Cores=2
[2018.07.05-00.28.09:241][  0]LogInit: High frequency timer resolution =2.240911 MHz
[2018.07.05-00.28.09:241][  0]LogMemory: Memory total: Physical=7.8GB (8GB approx)
[2018.07.05-00.28.09:241][  0]LogMemory: Platform Memory Stats for Windows
[2018.07.05-00.28.09:241][  0]LogMemory: Process Physical Memory: 277.10 MB used, 277.10 MB peak
[2018.07.05-00.28.09:241][  0]LogMemory: Process Virtual Memory: 277.17 MB used, 277.17 MB peak
[2018.07.05-00.28.09:241][  0]LogMemory: Physical Memory: 6383.55 MB used,  1578.60 MB free, 7962.15 MB total
[2018.07.05-00.28.09:241][  0]LogMemory: Virtual Memory: 4792.99 MB used,  1578.60 MB free, 134217728.00 MB total
[2018.07.05-00.28.09:806][  0]LogInit: Using OS detected language (en-GB).
[2018.07.05-00.28.09:806][  0]LogInit: Using OS detected locale (en-GB).
[2018.07.05-00.28.09:816][  0]LogTextLocalizationManager: No specific localization for 'en-GB' exists, so the 'en' localization will be used.
[2018.07.05-00.28.11:514][  0]LogD3D11RHI: D3D11 adapters:
[2018.07.05-00.28.11:625][  0]LogD3D11RHI:    0. 'Intel(R) HD Graphics Family' (Feature Level 11_0)
[2018.07.05-00.28.11:625][  0]LogD3D11RHI:       112/0/2048 MB DedicatedVideo/DedicatedSystem/SharedSystem, Outputs:1, VendorId:0x8086
[2018.07.05-00.28.11:631][  0]LogD3D11RHI:    1. 'Microsoft Basic Render Driver' (Feature Level 11_0)
[2018.07.05-00.28.11:631][  0]LogD3D11RHI:       0/0/3981 MB DedicatedVideo/DedicatedSystem/SharedSystem, Outputs:0, VendorId:0x1414
[2018.07.05-00.28.11:631][  0]LogD3D11RHI: Chosen D3D11 Adapter: 0
[2018.07.05-00.28.11:662][  0]LogD3D11RHI: Creating new Direct3DDevice
[2018.07.05-00.28.11:663][  0]LogD3D11RHI:     GPU DeviceId: 0xa16 (for the marketing name, search the web for "GPU Device Id")
[2018.07.05-00.28.11:663][  0]LogWindows: EnumDisplayDevices:
[2018.07.05-00.28.11:663][  0]LogWindows:    0. 'Intel(R) HD Graphics Family' (P:1 D:1)
[2018.07.05-00.28.11:663][  0]LogWindows:    1. 'Intel(R) HD Graphics Family' (P:0 D:0)
[2018.07.05-00.28.11:664][  0]LogWindows:    2. 'Intel(R) HD Graphics Family' (P:0 D:0)
[2018.07.05-00.28.11:664][  0]LogWindows: DebugString: GetVideoDriverDetailsInvalid PrimaryIsNotTheChoosenAdapter GetVideoDriverDetailsInvalid PrimaryIsNotTheChoosenAdapter GetVideoDriverDetailsInvalid PrimaryIsNotTheChoosenAdapter FoundDriverCount:0 
[2018.07.05-00.28.11:664][  0]LogD3D11RHI:     Adapter Name: Intel(R) HD Graphics Family
[2018.07.05-00.28.11:664][  0]LogD3D11RHI:   Driver Version: Unknown (internal:Unknown, unified:Unknown)
[2018.07.05-00.28.11:664][  0]LogD3D11RHI:      Driver Date: Unknown
[2018.07.05-00.28.11:664][  0]LogRHI: Texture pool is 795 MB (70% of 1136 MB)
[2018.07.05-00.28.11:687][  0]LogD3D11RHI: Async texture creation enabled
[2018.07.05-00.28.11:736][  0]LogD3D11RHI: GPU Timing Frequency: 12.500000 (Debug: 2 0)
[2018.07.05-00.28.11:738][  0]LogShaderCompilers: Guid format shader working directory is -16 characters bigger than the processId version (../../../../../../Users/oaste/Documents/Unreal Projects/DCJnO/Intermediate/Shaders/WorkingDirectory/97036/).
[2018.07.05-00.28.11:738][  0]LogShaderCompilers: Cleaned the shader compiler working directory 'C:/Users/oaste/AppData/Local/Temp/UnrealShaderWorkingDir/A5C5C16D4639F4101F3028A683B48116/'.
[2018.07.05-00.28.11:743][  0]LogShaderCompilers: Display: Using Local Shader Compiler.
[2018.07.05-00.28.15:612][  0]LogTemp: Display: Loaded TP AllDesktopTargetPlatform
[2018.07.05-00.28.15:777][  0]LogTemp: Display: Loaded TP MacClientTargetPlatform
[2018.07.05-00.28.15:961][  0]LogTemp: Display: Loaded TP MacNoEditorTargetPlatform
[2018.07.05-00.28.16:165][  0]LogTemp: Display: Loaded TP MacServerTargetPlatform
[2018.07.05-00.28.16:307][  0]LogTemp: Display: Loaded TP MacTargetPlatform
[2018.07.05-00.28.16:453][  0]LogTemp: Display: Loaded TP WindowsClientTargetPlatform
[2018.07.05-00.28.16:648][  0]LogTemp: Display: Loaded TP WindowsNoEditorTargetPlatform
[2018.07.05-00.28.16:821][  0]LogTemp: Display: Loaded TP WindowsServerTargetPlatform
[2018.07.05-00.28.17:007][  0]LogTemp: Display: Loaded TP WindowsTargetPlatform
[2018.07.05-00.28.17:214][  0]LogTemp: Display: Loaded TP AndroidTargetPlatform
[2018.07.05-00.28.17:388][  0]LogTemp: Display: Loaded TP Android_ASTCTargetPlatform
[2018.07.05-00.28.17:541][  0]LogTemp: Display: Loaded TP Android_ATCTargetPlatform
[2018.07.05-00.28.17:674][  0]LogTemp: Display: Loaded TP Android_DXTTargetPlatform
[2018.07.05-00.28.17:814][  0]LogTemp: Display: Loaded TP Android_ETC1TargetPlatform
[2018.07.05-00.28.17:968][  0]LogTemp: Display: Loaded TP Android_ETC2TargetPlatform
[2018.07.05-00.28.18:376][  0]LogTemp: Display: Loaded TP Android_MultiTargetPlatform
[2018.07.05-00.28.18:376][  0]LogTemp: Display: Loaded TP Android_PVRTCTargetPlatform
[2018.07.05-00.28.18:493][  0]LogTemp: Display: Loaded TP HTML5TargetPlatform
[2018.07.05-00.28.18:730][  0]LogTemp: Display: Loaded TP IOSTargetPlatform
[2018.07.05-00.28.18:847][  0]LogTemp: Display: Loaded TP TVOSTargetPlatform
[2018.07.05-00.28.19:061][  0]LogTemp: Display: Loaded TP LinuxClientTargetPlatform
[2018.07.05-00.28.19:234][  0]LogTemp: Display: Loaded TP LinuxNoEditorTargetPlatform
[2018.07.05-00.28.19:402][  0]LogTemp: Display: Loaded TP LinuxServerTargetPlatform
[2018.07.05-00.28.19:561][  0]LogTemp: Display: Loaded TP LinuxTargetPlatform
[2018.07.05-00.28.19:561][  0]LogTargetPlatformManager: Display: Building Assets For Windows
[2018.07.05-00.28.21:168][  0]LogDerivedDataCache: Display: Max Cache Size: 512 MB
[2018.07.05-00.28.21:358][  0]LogDerivedDataCache: Loaded boot cache 0.19s 93MB C:/Users/oaste/AppData/Local/UnrealEngine/4.17/DerivedDataCache/Boot.ddc.
[2018.07.05-00.28.21:358][  0]LogDerivedDataCache: Display: Loaded Boot cache: C:/Users/oaste/AppData/Local/UnrealEngine/4.17/DerivedDataCache/Boot.ddc
[2018.07.05-00.28.21:358][  0]LogDerivedDataCache: FDerivedDataBackendGraph:  Pak pak cache file ../../../../../../Users/oaste/Documents/Unreal Projects/DCJnO/DerivedDataCache/DDC.ddp not found, will not use a pak cache.
[2018.07.05-00.28.21:358][  0]LogDerivedDataCache: Unable to find inner node Pak for hierarchical cache Hierarchy.
[2018.07.05-00.28.21:358][  0]LogDerivedDataCache: FDerivedDataBackendGraph:  CompressedPak pak cache file ../../../../../../Users/oaste/Documents/Unreal Projects/DCJnO/DerivedDataCache/Compressed.ddp not found, will not use a pak cache.
[2018.07.05-00.28.21:358][  0]LogDerivedDataCache: Unable to find inner node CompressedPak for hierarchical cache Hierarchy.
[2018.07.05-00.28.21:397][  0]LogDerivedDataCache: Display: Pak cache opened for reading ../../../Engine/DerivedDataCache/Compressed.ddp.
[2018.07.05-00.28.21:411][  0]LogDerivedDataCache: Using Local data cache path C:/Users/oaste/AppData/Local/UnrealEngine/Common/DerivedDataCache: Writable
[2018.07.05-00.28.21:436][  0]LogMaterial: Verifying Global Shaders for PCD3D_SM5
[2018.07.05-00.28.21:436][  0]LogSlate: Using Freetype 2.6.0
[2018.07.05-00.28.21:438][  0]LogSlate: SlateFontCache - WITH_FREETYPE: 1, WITH_HARFBUZZ: 1
[2018.07.05-00.28.21:438][  0]LogSlate: SlateFontCache - WITH_FREETYPE: 1, WITH_HARFBUZZ: 1
[2018.07.05-00.28.22:107][  0]LogAssetRegistry: FAssetRegistry took 0.0305 seconds to start up
[2018.07.05-00.28.22:442][  0]LogInit: Selected Device Profile: [Windows]
[2018.07.05-00.28.22:804][  0]LogContentStreaming: Texture pool size is 0.00 MB
[2018.07.05-00.28.23:889][  0]LogSimplygon: Simplygon DLL not present - disabling.
[2018.07.05-00.28.24:038][  0]LogMeshReduction: Using SimplygonSwarm for distributed automatic mesh merging
[2018.07.05-00.28.24:038][  0]LogMeshReduction: Using QuadricMeshReduction for automatic static mesh reduction
[2018.07.05-00.28.24:038][  0]LogMeshReduction: No automatic skeletal mesh reduction module available
[2018.07.05-00.28.24:038][  0]LogMeshReduction: No automatic mesh merging module available
[2018.07.05-00.28.24:038][  0]LogMeshMerging: No automatic mesh merging module available
[2018.07.05-00.28.24:900][  0]LogNetVersion: DCJnO , NetCL: 3573198, EngineNetVer: 2, GameNetVer: 0 (Checksum: 2143308826)
[2018.07.05-00.28.25:582][  0]LogPackageLocalizationCache: Processed 5 localized package path(s) for 2 prioritized culture(s) in 0.153465 seconds
[2018.07.05-00.28.25:595][  0]LogUObjectArray: 35825 objects as part of root set at end of initial load.
[2018.07.05-00.28.25:595][  0]LogUObjectAllocator: 7529112 out of 0 bytes used by permanent object pool.
[2018.07.05-00.28.25:595][  0]LogUObjectArray: CloseDisregardForGC: 0/0 objects in disregard for GC pool
[2018.07.05-00.28.25:849][  0]LogInit: WinSock: version 1.1 (2.2), MaxSocks=32767, MaxUdp=65467
[2018.07.05-00.28.34:928][  0]LogTcpMessaging: Initializing TcpMessaging bridge
[2018.07.05-00.28.35:133][  0]LogUdpMessaging: Initializing bridge on interface 0.0.0.0:0 to multicast group 230.0.0.1:6666.
[2018.07.05-00.28.37:761][  0]LogMaterial: Uniform references updated for custom material expression Custom.
[2018.07.05-00.28.39:285][  0]SourceControl: Source control is disabled
[2018.07.05-00.28.39:286][  0]SourceControl: Source control is disabled
[2018.07.05-00.28.39:450][  0]SourceControl: Source control is disabled
[2018.07.05-00.28.39:613][  0]SourceControl: Source control is disabled
[2018.07.05-00.28.42:725][  0]LogAndroidPermission: UAndroidPermissionCallbackProxy::GetInstance
[2018.07.05-00.28.44:033][  0]LogOcInput: OculusInput pre-init called
[2018.07.05-00.28.45:172][  0]LogEngine: Initializing Engine...
[2018.07.05-00.28.45:177][  0]LogHMD: Failed to initialize OpenVR with code 110
[2018.07.05-00.28.46:072][  0]LogStats: UGameplayTagsManager::ConstructGameplayTagTree: Construct from data asset -  0.000 s
[2018.07.05-00.28.46:072][  0]LogStats: UGameplayTagsManager::ConstructGameplayTagTree: GameplayTagTreeChangedEvent.Broadcast -  0.000 s
[2018.07.05-00.28.46:946][  0]LogAIModule: Creating AISystem for world Untitled
[2018.07.05-00.28.47:026][  0]LogInit: XAudio2 using 'Speaker/HP (Realtek High Definition Audio)' : 2 channels at 48 kHz using 16 bits per sample (channel mask 0x3)
[2018.07.05-00.28.47:199][  0]LogInit: FAudioDevice initialized.
[2018.07.05-00.28.47:596][  0]LogDerivedDataCache: Saved boot cache 0.39s 93MB C:/Users/oaste/AppData/Local/UnrealEngine/4.17/DerivedDataCache/Boot.ddc.
[2018.07.05-00.28.47:621][  0]LogInit: Texture streaming: Enabled
[2018.07.05-00.28.48:622][  0]LogEngineSessionManager: EngineSessionManager initialized
[2018.07.05-00.28.50:394][  0]LogInit: Transaction tracking system initialized
[2018.07.05-00.28.52:385][  0]BlueprintLog: New page: Editor Load
[2018.07.05-00.28.57:674][  0]LocalizationService: Localization service is disabled
[2018.07.05-00.29.01:538][  0]LogConsoleResponse: Display: 
[2018.07.05-00.29.02:761][  0]LogCook: Display: Max memory allowance for cook 16384mb min free memory 0mb
[2018.07.05-00.29.02:761][  0]LogCook: Display: Mobile HDR setting 1
[2018.07.05-00.29.02:761][  0]LogGameplayTags: Display: UGameplayTagsManager::DoneAddingNativeTags. DelegateIsBound: 0
[2018.07.05-00.29.02:775][  0]LogFileCache: Scanning file cache for directory 'C:/Users/oaste/Documents/Unreal Projects/DCJnO/Content/' took 0.10s
[2018.07.05-00.29.09:275][  0]SourceControl: Source control is disabled
[2018.07.05-00.29.09:275][  0]Cmd: MAP LOAD FILE="../../../Engine/Content/Maps/Templates/Template_Default.umap" TEMPLATE=1 SHOWPROGRESS=1 FEATURELEVEL=3
[2018.07.05-00.29.09:276][  0]LightingResults: New page: Lighting Build
[2018.07.05-00.29.09:804][  0]MapCheck: New page: Map Check
[2018.07.05-00.29.09:804][  0]LightingResults: New page: Lighting Build
[2018.07.05-00.29.11:333][  0]LogAIModule: Creating AISystem for world Untitled_1
[2018.07.05-00.29.11:346][  0]LogEditorServer: Finished looking for orphan Actors (0.000 secs)
[2018.07.05-00.29.11:595][  0]Cmd: MAP CHECKDEP NOCLEARLOG
[2018.07.05-00.29.11:844][  0]MapCheck: Map check complete: 0 Error(s), 0 Warning(s), took 248.802ms to complete.
[2018.07.05-00.29.11:844][  0]LogFileHelpers: Loading map 'Template_Default' took 2.569
[2018.07.05-00.29.12:590][  0]LogCollectionManager: Loaded 0 collections in 0.023838 seconds
[2018.07.05-00.29.12:995][  0]LogFileCache: Scanning file cache for directory 'C:/Users/oaste/Documents/Unreal Projects/DCJnO/Saved/Collections/' took 0.01s
[2018.07.05-00.29.12:995][  0]LogFileCache: Scanning file cache for directory 'C:/Users/oaste/Documents/Unreal Projects/DCJnO/Content/Developers/oaste/Collections/' took 0.02s
[2018.07.05-00.29.12:995][  0]LogFileCache: Scanning file cache for directory 'C:/Users/oaste/Documents/Unreal Projects/DCJnO/Content/Collections/' took 0.00s
[2018.07.05-00.29.12:995][  0]LogCollectionManager: Rebuilt the GUID cache for 0 collections in 0.000001 seconds
[2018.07.05-00.29.13:023][  0]LogContentBrowser: Native class hierarchy populated in 0.0238 seconds. Added 2386 classes and 500 folders.
[2018.07.05-00.29.13:549][  0]LogContentBrowser: Native class hierarchy updated for 'WidgetCarousel' in 0.0014 seconds. Added 0 classes and 0 folders.
[2018.07.05-00.29.15:514][  0]LogContentBrowser: Native class hierarchy updated for 'AddContentDialog' in 0.0014 seconds. Added 0 classes and 0 folders.
[2018.07.05-00.29.15:943][  0]LogContentBrowser: Native class hierarchy updated for 'SceneOutliner' in 0.0025 seconds. Added 1 classes and 2 folders.
[2018.07.05-00.29.16:136][  0]LogSlate: Took 0.000468 seconds to synchronously load lazily loaded font '../../../Engine/Content/Slate/Fonts/Roboto-Regular.ttf' (155K)
[2018.07.05-00.29.16:139][  0]LogSlate: Took 0.000435 seconds to synchronously load lazily loaded font '../../../Engine/Content/Slate/Fonts/Roboto-Bold.ttf' (160K)
[2018.07.05-00.29.16:201][  0]LogSlate: Took 0.032042 seconds to synchronously load lazily loaded font '../../../Engine/Content/Editor/Slate/Fonts/FontAwesome.ttf' (139K)
[2018.07.05-00.29.16:941][  0]LogRenderer: Reallocating scene render targets to support 780x416 Format 10 NumSamples 1 (Frame:1).
[2018.07.05-00.29.19:142][  0]LogContentBrowser: Native class hierarchy updated for 'HierarchicalLODOutliner' in 0.0015 seconds. Added 1 classes and 2 folders.
[2018.07.05-00.29.19:142][  0]LogLoad: (Engine Initialization) Total time: 75.26 seconds
[2018.07.05-00.29.19:142][  0]LogLoad: (Engine Initialization) Total Blueprint compile time: 0.00 seconds
[2018.07.05-00.29.19:143][  0]LogExternalProfiler: No external profilers were discovered.  External profiling features will not be available.
[2018.07.05-00.29.19:215][  0]LogContentStreaming: Texture pool size now 1000 MB
[2018.07.05-00.29.19:554][  2]LogAssetRegistry: Asset discovery search completed in 57.4706 seconds
[2018.07.05-00.29.19:561][  2]LogCollectionManager: Rebuilt the object cache for 0 collections in 0.000004 seconds (found 0 objects)
[2018.07.05-00.29.19:561][  2]LogCollectionManager: Fixed up redirectors for 0 collections in 0.000196 seconds (updated 0 objects)
[2018.07.05-00.29.24:083][ 26]LogSlate: Took 0.293873 seconds to synchronously load lazily loaded font '../../../Engine/Content/Slate/Fonts/Roboto-Light.ttf' (159K)
[2018.07.05-00.30.12:376][435]LogSlate: Took 0.001239 seconds to synchronously load lazily loaded font '../../../Engine/Content/Slate/Fonts/Roboto-Light.ttf' (159K)
[2018.07.05-00.30.12:696][435]LogAIModule: Creating AISystem for world Map2
[2018.07.05-00.30.12:759][435]Cmd: MAP LOAD FILE="../../../../../../Users/oaste/Documents/Unreal Projects/DCJnO/Content/Map2.umap" TEMPLATE=0 SHOWPROGRESS=1 FEATURELEVEL=3
[2018.07.05-00.30.12:759][435]LightingResults: New page: Lighting Build
[2018.07.05-00.30.12:760][435]LoadErrors: New page: Loading map: Map2.umap
[2018.07.05-00.30.12:761][435]MapCheck: New page: Map Check
[2018.07.05-00.30.12:761][435]LightingResults: New page: Lighting Build
[2018.07.05-00.30.12:793][435]LogEditorServer: Finished looking for orphan Actors (0.000 secs)
[2018.07.05-00.30.12:897][435]Cmd: MAP CHECKDEP NOCLEARLOG
[2018.07.05-00.30.13:120][435]MapCheck: Map check complete: 0 Error(s), 0 Warning(s), took 222.888ms to complete.
[2018.07.05-00.30.13:121][435]LogFileHelpers: Loading map 'Map2' took 0.364
[2018.07.05-00.41.04:960][820]LogTemp: Repeating last play command: Selected Viewport
[2018.07.05-00.41.05:172][820]LogPlayLevel: PlayLevel: No blueprints needed recompiling
[2018.07.05-00.41.05:208][820]PIE: New page: PIE session: Map2 (5 Jul 2018 02:41:05)
[2018.07.05-00.41.05:208][820]LogPlayLevel: Creating play world package: /Game/UEDPIE_0_Map2
[2018.07.05-00.41.05:212][820]LogPlayLevel: PIE: StaticDuplicateObject took: (0.003683s)
[2018.07.05-00.41.05:213][820]LogAIModule: Creating AISystem for world Map2
[2018.07.05-00.41.05:213][820]LogPlayLevel: PIE: World Init took: (0.001425s)
[2018.07.05-00.41.05:214][820]LogPlayLevel: PIE: Created PIE world by copying editor world from /Game/Map2.Map2 to /Game/UEDPIE_0_Map2.Map2 (0.005591s)
[2018.07.05-00.41.05:283][820]LogInit: XAudio2 using 'Speaker/HP (Realtek High Definition Audio)' : 2 channels at 48 kHz using 16 bits per sample (channel mask 0x3)
[2018.07.05-00.41.05:318][820]LogInit: FAudioDevice initialized.
[2018.07.05-00.41.06:684][820]LogLoad: Game class is 'DCGamemode_C'
[2018.07.05-00.41.06:726][820]LogWorld: Bringing World /Game/UEDPIE_0_Map2.Map2 up for play (max tick rate 3) at 2018.07.05-01.41.06
[2018.07.05-00.41.06:726][820]LogWorld: Bringing up level for play took: 0.005414
[2018.07.05-00.41.07:113][820]LogContentBrowser: Native class hierarchy updated for 'MovieSceneCapture' in 0.0026 seconds. Added 11 classes and 0 folders.
[2018.07.05-00.41.07:113][820]LogGameMode: Display: Match State Changed from EnteringMap to WaitingToStart
[2018.07.05-00.41.07:115][820]LogGameState: Match State Changed from EnteringMap to WaitingToStart
[2018.07.05-00.41.07:115][820]LogGameMode: Display: Match State Changed from WaitingToStart to InProgress
[2018.07.05-00.41.07:122][820]LogGameState: Match State Changed from WaitingToStart to InProgress
[2018.07.05-00.41.07:122][820]PIE: Play in editor start time for /Game/UEDPIE_0_Map2 1.269
[2018.07.05-00.41.18:928][127]PIE: Warning: Invalid Simulate Options: Body (GAArrow_C_0.Box) is set to simulate physics but Collision Enabled is incompatible
[2018.07.05-00.41.18:928][127]PIE: Warning: Invalid Simulate Options: Body (GAArrow_C_0.Box) is set to simulate physics but Collision Enabled is incompatible
[2018.07.05-00.41.23:810][276]PIE: Warning: Invalid Simulate Options: Body (GAArrow_C_1.Box) is set to simulate physics but Collision Enabled is incompatible
[2018.07.05-00.41.23:810][276]PIE: Warning: Invalid Simulate Options: Body (GAArrow_C_1.Box) is set to simulate physics but Collision Enabled is incompatible
[2018.07.05-00.41.36:395][656]PIE: Warning: Invalid Simulate Options: Body (GAArrow_C_2.Box) is set to simulate physics but Collision Enabled is incompatible
[2018.07.05-00.41.36:395][656]PIE: Warning: Invalid Simulate Options: Body (GAArrow_C_2.Box) is set to simulate physics but Collision Enabled is incompatible
[2018.07.05-00.41.40:200][768]PIE: Warning: Invalid Simulate Options: Body (GAArrow_C_3.Box) is set to simulate physics but Collision Enabled is incompatible
[2018.07.05-00.41.40:200][768]PIE: Warning: Invalid Simulate Options: Body (GAArrow_C_3.Box) is set to simulate physics but Collision Enabled is incompatible
[2018.07.05-04.38.07:024][245]LogStreaming: Warning: Took 168.82ms to ProcessLoadedPackages
[2018.07.05-09.01.07:840][409]LogSlate: Took 0.014436 seconds to synchronously load lazily loaded font '../../../Engine/Content/Slate/Fonts/Roboto-Regular.ttf' (155K)
[2018.07.05-09.01.10:620][409]LogContentBrowser: Native class hierarchy updated for 'BlueprintGraph' in 0.0030 seconds. Added 113 classes and 0 folders.
[2018.07.05-09.01.13:604][409]LogSlate: Took 0.015610 seconds to synchronously load lazily loaded font '../../../Engine/Content/Editor/Slate/Fonts/Roboto-BoldCondensed.ttf' (158K)
[2018.07.05-09.01.13:937][410]LogSlate: Took 0.059789 seconds to synchronously load lazily loaded font '../../../Engine/Content/Editor/Slate/Fonts/Roboto-Italic.ttf' (157K)
[2018.07.05-11.01.37:678][999]BlueprintLog: New page: Compile GAArrow
[2018.07.05-11.01.43:998][ 63]LogTemp: Repeating last play command: Selected Viewport
[2018.07.05-11.01.44:092][ 63]LogPlayLevel: PlayLevel: No blueprints needed recompiling
[2018.07.05-11.01.44:092][ 63]PIE: New page: PIE session: Map2 (5 Jul 2018 13:01:44)
[2018.07.05-11.01.44:093][ 63]LogPlayLevel: Creating play world package: /Game/UEDPIE_0_Map2
[2018.07.05-11.01.44:097][ 63]LogPlayLevel: PIE: StaticDuplicateObject took: (0.004757s)
[2018.07.05-11.01.44:099][ 63]LogAIModule: Creating AISystem for world Map2
[2018.07.05-11.01.44:099][ 63]LogPlayLevel: PIE: World Init took: (0.001763s)
[2018.07.05-11.01.44:100][ 63]LogPlayLevel: PIE: Created PIE world by copying editor world from /Game/Map2.Map2 to /Game/UEDPIE_0_Map2.Map2 (0.006975s)
[2018.07.05-11.01.44:174][ 63]LogInit: XAudio2 using 'Speaker/HP (Realtek High Definition Audio)' : 2 channels at 48 kHz using 16 bits per sample (channel mask 0x3)
[2018.07.05-11.01.44:299][ 63]LogInit: FAudioDevice initialized.
[2018.07.05-11.01.44:340][ 63]LogLoad: Game class is 'DCGamemode_C'
[2018.07.05-11.01.44:343][ 63]LogWorld: Bringing World /Game/UEDPIE_0_Map2.Map2 up for play (max tick rate 60) at 2018.07.05-12.01.44
[2018.07.05-11.01.44:344][ 63]LogWorld: Bringing up level for play took: 0.001972
[2018.07.05-11.01.44:345][ 63]LogGameMode: Display: Match State Changed from EnteringMap to WaitingToStart
[2018.07.05-11.01.44:345][ 63]LogGameState: Match State Changed from EnteringMap to WaitingToStart
[2018.07.05-11.01.44:345][ 63]LogGameMode: Display: Match State Changed from WaitingToStart to InProgress
[2018.07.05-11.01.44:348][ 63]LogGameState: Match State Changed from WaitingToStart to InProgress
[2018.07.05-11.01.44:348][ 63]PIE: Play in editor start time for /Game/UEDPIE_0_Map2 0.504
[2018.07.05-11.01.47:092][143]PIE: Warning: Invalid Simulate Options: Body (GAArrow_C_0.Box) is set to simulate physics but Collision Enabled is incompatible
[2018.07.05-11.01.47:093][143]PIE: Warning: Invalid Simulate Options: Body (GAArrow_C_0.Box) is set to simulate physics but Collision Enabled is incompatible
[2018.07.05-11.10.04:184][871]LogSlate: Took 0.025623 seconds to synchronously load lazily loaded font '../../../Engine/Content/Slate/Fonts/Roboto-Light.ttf' (159K)
[2018.07.05-11.10.14:806][877]LogFileHelpers: Editor autosave (incl. sublevels) for '/Game/Map2' took 2.114
[2018.07.05-11.10.15:027][877]OBJ SavePackage: Generating thumbnails for [1] asset(s) in package [/Game/GreenArrow/GAArrow] ([1] browsable assets)...
[2018.07.05-11.10.15:168][877]OBJ SavePackage:     Rendered thumbnail for [Blueprint /Game/GreenArrow/GAArrow.GAArrow]
[2018.07.05-11.10.15:168][877]OBJ SavePackage: Finished generating thumbnails for package [/Game/GreenArrow/GAArrow]
[2018.07.05-11.10.16:284][877]LogSavePackage: Save=389.89ms
[2018.07.05-11.10.16:285][877]LogSavePackage: Moving '../../../../../../Users/oaste/Documents/Unreal Projects/DCJnO/Saved/GAArrow_Auto1625409464D1F98CC216B7FA808C4D681.tmp' to '../../../../../../Users/oaste/Documents/Unreal Projects/DCJnO/Saved/Autosaves/Game/GreenArrow/GAArrow_Auto1.uasset'
[2018.07.05-11.10.16:324][877]LogSavePackage: Display: Finished SavePackage ../../../../../../Users/oaste/Documents/Unreal Projects/DCJnO/Saved/Autosaves/Game/GreenArrow/GAArrow_Auto1.uasset
[2018.07.05-11.10.16:324][877]LogFileHelpers: Auto-saving content packages took 1.477
[2018.07.05-11.12.18:549][ 95]LogRenderer: Reallocating scene render targets to support 808x464 Format 10 NumSamples 1 (Frame:1).
[2018.07.05-11.12.59:966][671]BlueprintLog: New page: Compile GreenArrowCharacter
[2018.07.05-11.20.16:755][294]LogFileHelpers: Editor autosave (incl. sublevels) for '/Game/Map2' took 0.079
[2018.07.05-11.20.16:759][294]OBJ SavePackage: Generating thumbnails for [1] asset(s) in package [/Game/GreenArrow/GreenArrowCharacter] ([1] browsable assets)...
[2018.07.05-11.20.16:840][294]OBJ SavePackage:     Rendered thumbnail for [Blueprint /Game/GreenArrow/GreenArrowCharacter.GreenArrowCharacter]
[2018.07.05-11.20.16:840][294]OBJ SavePackage: Finished generating thumbnails for package [/Game/GreenArrow/GreenArrowCharacter]
[2018.07.05-11.20.17:170][294]LogSavePackage: Save=275.54ms
[2018.07.05-11.20.17:171][294]LogSavePackage: Moving '../../../../../../Users/oaste/Documents/Unreal Projects/DCJnO/Saved/GreenArrowCharacter_Auto2C93C17764A4DBF16F8383D8D2130EA13.tmp' to '../../../../../../Users/oaste/Documents/Unreal Projects/DCJnO/Saved/Autosaves/Game/GreenArrow/GreenArrowCharacter_Auto2.uasset'
[2018.07.05-11.20.17:173][294]LogSavePackage: Display: Finished SavePackage ../../../../../../Users/oaste/Documents/Unreal Projects/DCJnO/Saved/Autosaves/Game/GreenArrow/GreenArrowCharacter_Auto2.uasset
[2018.07.05-11.20.17:173][294]LogFileHelpers: Auto-saving content packages took 0.417
[2018.07.05-11.54.52:180][259]BlueprintLog: New page: Compile GreenArrowCharacter
[2018.07.05-11.54.55:230][305]LogTemp: Repeating last play command: Selected Viewport
[2018.07.05-11.54.55:292][305]LogPlayLevel: PlayLevel: No blueprints needed recompiling
[2018.07.05-11.54.55:293][305]PIE: New page: PIE session: Map2 (5 Jul 2018 13:54:55)
[2018.07.05-11.54.55:293][305]LogPlayLevel: Creating play world package: /Game/UEDPIE_0_Map2
[2018.07.05-11.54.55:299][305]LogPlayLevel: PIE: StaticDuplicateObject took: (0.006617s)
[2018.07.05-11.54.55:300][305]LogAIModule: Creating AISystem for world Map2
[2018.07.05-11.54.55:301][305]LogPlayLevel: PIE: World Init took: (0.001437s)
[2018.07.05-11.54.55:301][305]LogPlayLevel: PIE: Created PIE world by copying editor world from /Game/Map2.Map2 to /Game/UEDPIE_0_Map2.Map2 (0.008597s)
[2018.07.05-11.54.55:400][305]LogInit: XAudio2 using 'Speaker/HP (Realtek High Definition Audio)' : 2 channels at 48 kHz using 16 bits per sample (channel mask 0x3)
[2018.07.05-11.54.55:486][305]LogInit: FAudioDevice initialized.
[2018.07.05-11.54.55:534][305]LogLoad: Game class is 'DCGamemode_C'
[2018.07.05-11.54.55:537][305]LogWorld: Bringing World /Game/UEDPIE_0_Map2.Map2 up for play (max tick rate 60) at 2018.07.05-12.54.55
[2018.07.05-11.54.55:538][305]LogWorld: Bringing up level for play took: 0.002598
[2018.07.05-11.54.55:539][305]LogGameMode: Display: Match State Changed from EnteringMap to WaitingToStart
[2018.07.05-11.54.55:539][305]LogGameState: Match State Changed from EnteringMap to WaitingToStart
[2018.07.05-11.54.55:539][305]LogGameMode: Display: Match State Changed from WaitingToStart to InProgress
[2018.07.05-11.54.55:541][305]LogGameState: Match State Changed from WaitingToStart to InProgress
[2018.07.05-11.54.55:542][305]PIE: Play in editor start time for /Game/UEDPIE_0_Map2 -0.303
[2018.07.05-11.54.58:419][387]PIE: Warning: Invalid Simulate Options: Body (GAArrow_C_0.Box) is set to simulate physics but Collision Enabled is incompatible
[2018.07.05-11.54.58:419][387]PIE: Warning: Invalid Simulate Options: Body (GAArrow_C_0.Box) is set to simulate physics but Collision Enabled is incompatible
[2018.07.05-11.55.01:249][460]PIE: Warning: Invalid Simulate Options: Body (GAArrow_C_1.Box) is set to simulate physics but Collision Enabled is incompatible
[2018.07.05-11.55.01:249][460]PIE: Warning: Invalid Simulate Options: Body (GAArrow_C_1.Box) is set to simulate physics but Collision Enabled is incompatible
[2018.07.05-11.55.03:564][525]PIE: Warning: Invalid Simulate Options: Body (GAArrow_C_2.Box) is set to simulate physics but Collision Enabled is incompatible
[2018.07.05-11.55.03:565][525]PIE: Warning: Invalid Simulate Options: Body (GAArrow_C_2.Box) is set to simulate physics but Collision Enabled is incompatible
[2018.07.05-11.55.05:975][594]PIE: Warning: Invalid Simulate Options: Body (GAArrow_C_3.Box) is set to simulate physics but Collision Enabled is incompatible
[2018.07.05-11.55.05:975][594]PIE: Warning: Invalid Simulate Options: Body (GAArrow_C_3.Box) is set to simulate physics but Collision Enabled is incompatible
[2018.07.05-11.55.32:685][713]LogFileHelpers: Editor autosave (incl. sublevels) for '/Game/Map2' took 0.046
[2018.07.05-11.55.32:688][713]OBJ SavePackage: Generating thumbnails for [1] asset(s) in package [/Game/GreenArrow/GreenArrowCharacter] ([1] browsable assets)...
[2018.07.05-11.55.32:753][713]OBJ SavePackage:     Rendered thumbnail for [Blueprint /Game/GreenArrow/GreenArrowCharacter.GreenArrowCharacter]
[2018.07.05-11.55.32:753][713]OBJ SavePackage: Finished generating thumbnails for package [/Game/GreenArrow/GreenArrowCharacter]
[2018.07.05-11.55.33:063][713]LogSavePackage: Save=260.72ms
[2018.07.05-11.55.33:063][713]LogSavePackage: Moving '../../../../../../Users/oaste/Documents/Unreal Projects/DCJnO/Saved/GreenArrowCharacter_Auto3D8EAEB7746677E2053A29E90EAC11214.tmp' to '../../../../../../Users/oaste/Documents/Unreal Projects/DCJnO/Saved/Autosaves/Game/GreenArrow/GreenArrowCharacter_Auto3.uasset'
[2018.07.05-11.55.33:066][713]LogSavePackage: Display: Finished SavePackage ../../../../../../Users/oaste/Documents/Unreal Projects/DCJnO/Saved/Autosaves/Game/GreenArrow/GreenArrowCharacter_Auto3.uasset
[2018.07.05-11.55.33:066][713]LogFileHelpers: Auto-saving content packages took 0.381
[2018.07.05-11.55.43:001][877]BlueprintLog: New page: Compile GreenArrowCharacter
[2018.07.05-11.55.46:144][929]LogTemp: Repeating last play command: Selected Viewport
[2018.07.05-11.55.46:211][929]LogPlayLevel: PlayLevel: No blueprints needed recompiling
[2018.07.05-11.55.46:211][929]PIE: New page: PIE session: Map2 (5 Jul 2018 13:55:46)
[2018.07.05-11.55.46:212][929]LogPlayLevel: Creating play world package: /Game/UEDPIE_0_Map2
[2018.07.05-11.55.46:222][929]LogPlayLevel: PIE: StaticDuplicateObject took: (0.009283s)
[2018.07.05-11.55.46:224][929]LogAIModule: Creating AISystem for world Map2
[2018.07.05-11.55.46:226][929]LogPlayLevel: PIE: World Init took: (0.004088s)
[2018.07.05-11.55.46:227][929]LogPlayLevel: PIE: Created PIE world by copying editor world from /Game/Map2.Map2 to /Game/UEDPIE_0_Map2.Map2 (0.014789s)
[2018.07.05-11.55.46:323][929]LogInit: XAudio2 using 'Speaker/HP (Realtek High Definition Audio)' : 2 channels at 48 kHz using 16 bits per sample (channel mask 0x3)
[2018.07.05-11.55.46:359][929]LogInit: FAudioDevice initialized.
[2018.07.05-11.55.46:399][929]LogLoad: Game class is 'DCGamemode_C'
[2018.07.05-11.55.46:402][929]LogWorld: Bringing World /Game/UEDPIE_0_Map2.Map2 up for play (max tick rate 60) at 2018.07.05-12.55.46
[2018.07.05-11.55.46:402][929]LogWorld: Bringing up level for play took: 0.002175
[2018.07.05-11.55.46:403][929]LogGameMode: Display: Match State Changed from EnteringMap to WaitingToStart
[2018.07.05-11.55.46:403][929]LogGameState: Match State Changed from EnteringMap to WaitingToStart
[2018.07.05-11.55.46:403][929]LogGameMode: Display: Match State Changed from WaitingToStart to InProgress
[2018.07.05-11.55.46:406][929]LogGameState: Match State Changed from WaitingToStart to InProgress
[2018.07.05-11.55.46:407][929]PIE: Play in editor start time for /Game/UEDPIE_0_Map2 0.563
[2018.07.05-11.55.49:894][ 28]PIE: Warning: Invalid Simulate Options: Body (GAArrow_C_0.Box) is set to simulate physics but Collision Enabled is incompatible
[2018.07.05-11.55.49:894][ 28]PIE: Warning: Invalid Simulate Options: Body (GAArrow_C_0.Box) is set to simulate physics but Collision Enabled is incompatible
[2018.07.05-11.55.53:256][124]PIE: Warning: Invalid Simulate Options: Body (GAArrow_C_1.Box) is set to simulate physics but Collision Enabled is incompatible
[2018.07.05-11.55.53:256][124]PIE: Warning: Invalid Simulate Options: Body (GAArrow_C_1.Box) is set to simulate physics but Collision Enabled is incompatible
[2018.07.05-11.55.56:224][210]PIE: Warning: Invalid Simulate Options: Body (GAArrow_C_2.Box) is set to simulate physics but Collision Enabled is incompatible
[2018.07.05-11.55.56:225][210]PIE: Warning: Invalid Simulate Options: Body (GAArrow_C_2.Box) is set to simulate physics but Collision Enabled is incompatible
[2018.07.05-11.55.59:440][303]PIE: Warning: Invalid Simulate Options: Body (GAArrow_C_3.Box) is set to simulate physics but Collision Enabled is incompatible
[2018.07.05-11.55.59:440][303]PIE: Warning: Invalid Simulate Options: Body (GAArrow_C_3.Box) is set to simulate physics but Collision Enabled is incompatible
[2018.07.05-11.57.47:613][385]BlueprintLog: New page: Compile GreenArrowCharacter
[2018.07.05-11.57.55:333][547]LogTemp: Repeating last play command: Selected Viewport
[2018.07.05-11.57.55:388][547]LogPlayLevel: PlayLevel: No blueprints needed recompiling
[2018.07.05-11.57.55:388][547]PIE: New page: PIE session: Map2 (5 Jul 2018 13:57:55)
[2018.07.05-11.57.55:388][547]LogPlayLevel: Creating play world package: /Game/UEDPIE_0_Map2
[2018.07.05-11.57.55:392][547]LogPlayLevel: PIE: StaticDuplicateObject took: (0.003599s)
[2018.07.05-11.57.55:393][547]LogAIModule: Creating AISystem for world Map2
[2018.07.05-11.57.55:393][547]LogPlayLevel: PIE: World Init took: (0.001281s)
[2018.07.05-11.57.55:394][547]LogPlayLevel: PIE: Created PIE world by copying editor world from /Game/Map2.Map2 to /Game/UEDPIE_0_Map2.Map2 (0.005362s)
[2018.07.05-11.57.55:469][547]LogInit: XAudio2 using 'Speaker/HP (Realtek High Definition Audio)' : 2 channels at 48 kHz using 16 bits per sample (channel mask 0x3)
[2018.07.05-11.57.55:504][547]LogInit: FAudioDevice initialized.
[2018.07.05-11.57.55:545][547]LogLoad: Game class is 'DCGamemode_C'
[2018.07.05-11.57.55:548][547]LogWorld: Bringing World /Game/UEDPIE_0_Map2.Map2 up for play (max tick rate 60) at 2018.07.05-12.57.55
[2018.07.05-11.57.55:548][547]LogWorld: Bringing up level for play took: 0.002308
[2018.07.05-11.57.55:549][547]LogGameMode: Display: Match State Changed from EnteringMap to WaitingToStart
[2018.07.05-11.57.55:550][547]LogGameState: Match State Changed from EnteringMap to WaitingToStart
[2018.07.05-11.57.55:550][547]LogGameMode: Display: Match State Changed from WaitingToStart to InProgress
[2018.07.05-11.57.55:552][547]LogGameState: Match State Changed from WaitingToStart to InProgress
[2018.07.05-11.57.55:552][547]PIE: Play in editor start time for /Game/UEDPIE_0_Map2 -0.292
[2018.07.05-11.57.57:709][607]PIE: Warning: Invalid Simulate Options: Body (GAArrow_C_0.Box) is set to simulate physics but Collision Enabled is incompatible
[2018.07.05-11.57.57:709][607]PIE: Warning: Invalid Simulate Options: Body (GAArrow_C_0.Box) is set to simulate physics but Collision Enabled is incompatible
[2018.07.05-11.57.59:402][656]PIE: Warning: Invalid Simulate Options: Body (GAArrow_C_1.Box) is set to simulate physics but Collision Enabled is incompatible
[2018.07.05-11.57.59:403][656]PIE: Warning: Invalid Simulate Options: Body (GAArrow_C_1.Box) is set to simulate physics but Collision Enabled is incompatible
[2018.07.05-11.58.01:136][706]PIE: Warning: Invalid Simulate Options: Body (GAArrow_C_2.Box) is set to simulate physics but Collision Enabled is incompatible
[2018.07.05-11.58.01:136][706]PIE: Warning: Invalid Simulate Options: Body (GAArrow_C_2.Box) is set to simulate physics but Collision Enabled is incompatible
[2018.07.05-11.58.01:181][707]PIE: Warning: GAArrow_C_2.Box has to have 'CollisionEnabled' set to 'Query and Physics' or 'Physics only' if you'd like to AddImpulse. 
[2018.07.05-13.46.52:277][962]PIE: Warning: Invalid Simulate Options: Body (GAArrow_C_3.Box) is set to simulate physics but Collision Enabled is incompatible
[2018.07.05-13.46.52:288][962]PIE: Warning: Invalid Simulate Options: Body (GAArrow_C_3.Box) is set to simulate physics but Collision Enabled is incompatible
[2018.07.05-13.46.54:270][ 20]PIE: Warning: Invalid Simulate Options: Body (GAArrow_C_4.Box) is set to simulate physics but Collision Enabled is incompatible
[2018.07.05-13.46.54:270][ 20]PIE: Warning: Invalid Simulate Options: Body (GAArrow_C_4.Box) is set to simulate physics but Collision Enabled is incompatible
[2018.07.05-13.46.55:209][ 46]PIE: Warning: Invalid Simulate Options: Body (GAArrow_C_5.Box) is set to simulate physics but Collision Enabled is incompatible
[2018.07.05-13.46.55:209][ 46]PIE: Warning: Invalid Simulate Options: Body (GAArrow_C_5.Box) is set to simulate physics but Collision Enabled is incompatible
[2018.07.05-13.46.56:861][ 93]PIE: Warning: Invalid Simulate Options: Body (GAArrow_C_6.Box) is set to simulate physics but Collision Enabled is incompatible
[2018.07.05-13.46.56:861][ 93]PIE: Warning: Invalid Simulate Options: Body (GAArrow_C_6.Box) is set to simulate physics but Collision Enabled is incompatible
[2018.07.05-13.47.02:187][169]Cmd: OBJ SAVEPACKAGE PACKAGE="/Game/GreenArrow/GAArrow" FILE="../../../../../../Users/oaste/Documents/Unreal Projects/DCJnO/Content/GreenArrow/GAArrow.uasset" SILENT=true
[2018.07.05-13.47.02:326][169]LogSavePackage: Save=74.06ms
[2018.07.05-13.47.02:326][169]LogSavePackage: Moving '../../../../../../Users/oaste/Documents/Unreal Projects/DCJnO/Saved/GAArrow31771592413F0823F14B268623177281.tmp' to '../../../../../../Users/oaste/Documents/Unreal Projects/DCJnO/Content/GreenArrow/GAArrow.uasset'
[2018.07.05-13.47.02:335][169]LogSavePackage: Display: Finished SavePackage ../../../../../../Users/oaste/Documents/Unreal Projects/DCJnO/Content/GreenArrow/GAArrow.uasset
[2018.07.05-13.47.02:611][169]Cmd: OBJ SAVEPACKAGE PACKAGE="/Game/GreenArrow/GreenArrowCharacter" FILE="../../../../../../Users/oaste/Documents/Unreal Projects/DCJnO/Content/GreenArrow/GreenArrowCharacter.uasset" SILENT=true
[2018.07.05-13.47.02:964][169]LogSavePackage: Save=310.19ms
[2018.07.05-13.47.02:964][169]LogSavePackage: Moving '../../../../../../Users/oaste/Documents/Unreal Projects/DCJnO/Saved/GreenArrowCharacterD7FF2683499AF926906B1589DE6EB414.tmp' to '../../../../../../Users/oaste/Documents/Unreal Projects/DCJnO/Content/GreenArrow/GreenArrowCharacter.uasset'
[2018.07.05-13.47.02:970][169]LogSavePackage: Display: Finished SavePackage ../../../../../../Users/oaste/Documents/Unreal Projects/DCJnO/Content/GreenArrow/GreenArrowCharacter.uasset
[2018.07.05-13.47.05:079][169]LogWindowsTextInputMethodSystem: Display: IME system now deactivated.
[2018.07.05-13.47.05:802][170]Cmd: QUIT_EDITOR
[2018.07.05-13.47.06:894][170]LogExit: Preparing to exit.
[2018.07.05-13.47.09:658][170]LogDirectoryWatcher: A directory notification for 'C:/Users/oaste/Documents/Unreal Projects/DCJnO/Content/' was aborted.
[2018.07.05-13.47.10:246][170]LogExit: Editor shut down
[2018.07.05-13.47.10:449][170]LogExit: Transaction tracking system shut down
[2018.07.05-13.47.11:234][170]LogDirectoryWatcher: A directory notification for '../../../Engine/Content/' was aborted.
[2018.07.05-13.47.11:234][170]LogDirectoryWatcher: A directory notification for '../../../../../../Users/oaste/Documents/Unreal Projects/DCJnO/Content/' was aborted.
[2018.07.05-13.47.11:234][170]LogDirectoryWatcher: A directory notification for '../../../Engine/Plugins/2D/Paper2D/Content/' was aborted.
[2018.07.05-13.47.11:234][170]LogDirectoryWatcher: A directory notification for '../../../Engine/Plugins/Runtime/Oculus/OculusVR/Content/' was aborted.
[2018.07.05-13.47.11:234][170]LogDirectoryWatcher: A directory notification for '../../../Engine/Plugins/Runtime/Steam/SteamVR/Content/' was aborted.
[2018.07.05-13.47.15:184][170]LogExit: Object subsystem successfully closed.
[2018.07.05-13.47.15:633][170]LogD3D11RHI: Shutdown
[2018.07.05-13.47.15:674][170]LogD3D11RHI: CleanupD3DDevice
[2018.07.05-13.47.16:135][170]LogD3D11RHI: ~FD3D11DynamicRHI
[2018.07.05-13.47.18:274][170]LogModuleManager: Shutting down and abandoning module BlueprintGraph (536)
[2018.07.05-13.47.18:274][170]LogModuleManager: Shutting down and abandoning module BlueprintProfiler (534)
[2018.07.05-13.47.18:291][170]LogModuleManager: Shutting down and abandoning module MovieSceneCapture (532)
[2018.07.05-13.47.18:291][170]LogModuleManager: Shutting down and abandoning module HierarchicalLODOutliner (530)
[2018.07.05-13.47.18:291][170]LogModuleManager: Shutting down and abandoning module SceneOutliner (528)
[2018.07.05-13.47.18:303][170]LogModuleManager: Shutting down and abandoning module AddContentDialog (526)
[2018.07.05-13.47.18:311][170]LogDirectoryWatcher: A directory notification for 'C:/Program Files/Epic Games/UE_4.17/FeaturePacks/' was aborted.
[2018.07.05-13.47.18:347][170]LogModuleManager: Shutting down and abandoning module WidgetCarousel (525)
[2018.07.05-13.47.18:347][170]LogModuleManager: Shutting down and abandoning module EditorWidgets (522)
[2018.07.05-13.47.18:347][170]LogModuleManager: Shutting down and abandoning module CollectionManager (520)
[2018.07.05-13.47.18:434][170]LogDirectoryWatcher: A directory notification for 'C:/Users/oaste/Documents/Unreal Projects/DCJnO/Content/Collections/' was aborted.
[2018.07.05-13.47.18:434][170]LogDirectoryWatcher: A directory notification for 'C:/Users/oaste/Documents/Unreal Projects/DCJnO/Content/Developers/oaste/Collections/' was aborted.
[2018.07.05-13.47.18:434][170]LogDirectoryWatcher: A directory notification for 'C:/Users/oaste/Documents/Unreal Projects/DCJnO/Saved/Collections/' was aborted.
[2018.07.05-13.47.18:435][170]LogModuleManager: Shutting down and abandoning module StatsViewer (518)
[2018.07.05-13.47.18:463][170]LogModuleManager: Shutting down and abandoning module FoliageEdit (516)
[2018.07.05-13.47.18:463][170]LogModuleManager: Shutting down and abandoning module LandscapeEditor (514)
[2018.07.05-13.47.18:520][170]LogModuleManager: Shutting down and abandoning module MeshPaintMode (512)
[2018.07.05-13.47.18:554][170]LogModuleManager: Shutting down and abandoning module SceneDepthPickerMode (510)
[2018.07.05-13.47.18:554][170]LogModuleManager: Shutting down and abandoning module ActorPickerMode (508)
[2018.07.05-13.47.18:555][170]LogModuleManager: Shutting down and abandoning module GeometryMode (506)
[2018.07.05-13.47.18:555][170]LogModuleManager: Shutting down and abandoning module TextureAlignMode (504)
[2018.07.05-13.47.18:555][170]LogModuleManager: Shutting down and abandoning module BspMode (502)
[2018.07.05-13.47.18:560][170]LogModuleManager: Shutting down and abandoning module PIEPreviewDeviceProfileSelector (500)
[2018.07.05-13.47.18:560][170]LogModuleManager: Shutting down and abandoning module HardwareSurvey (498)
[2018.07.05-13.47.18:575][170]LogModuleManager: Shutting down and abandoning module SequenceRecorderSections (496)
[2018.07.05-13.47.18:584][170]LogModuleManager: Shutting down and abandoning module AutomationWorker (494)
[2018.07.05-13.47.18:639][170]LogModuleManager: Shutting down and abandoning module MatineeToLevelSequence (492)
[2018.07.05-13.47.18:646][170]LogModuleManager: Shutting down and abandoning module LevelSequenceEditor (490)
[2018.07.05-13.47.18:708][170]LogModuleManager: Shutting down and abandoning module PlacementMode (489)
[2018.07.05-13.47.18:708][170]LogModuleManager: Shutting down and abandoning module WmfMediaFactory (486)
[2018.07.05-13.47.18:708][170]LogModuleManager: Shutting down and abandoning module WmfMediaEditor (484)
[2018.07.05-13.47.18:708][170]LogModuleManager: Shutting down and abandoning module AvfMediaFactory (482)
[2018.07.05-13.47.18:708][170]LogModuleManager: Shutting down and abandoning module AvfMediaEditor (480)
[2018.07.05-13.47.18:708][170]LogModuleManager: Shutting down and abandoning module AndroidMediaFactory (478)
[2018.07.05-13.47.18:708][170]LogModuleManager: Shutting down and abandoning module Media (477)
[2018.07.05-13.47.18:708][170]LogModuleManager: Shutting down and abandoning module AndroidMediaEditor (474)
[2018.07.05-13.47.18:708][170]LogModuleManager: Shutting down and abandoning module CharacterAI (472)
[2018.07.05-13.47.18:708][170]LogModuleManager: Shutting down and abandoning module AudioCapture (470)
[2018.07.05-13.47.18:715][170]LogModuleManager: Shutting down and abandoning module SequenceRecorder (469)
[2018.07.05-13.47.18:728][170]LogModuleManager: Shutting down and abandoning module SmartSnapping (466)
[2018.07.05-13.47.18:728][170]LogModuleManager: Shutting down and abandoning module SessionServices (464)
[2018.07.05-13.47.18:728][170]LogModuleManager: Shutting down and abandoning module ViewportSnapping (462)
[2018.07.05-13.47.18:728][170]LogModuleManager: Shutting down and abandoning module ViewportInteraction (460)
[2018.07.05-13.47.18:729][170]LogModuleManager: Shutting down and abandoning module ClothPainter (458)
[2018.07.05-13.47.18:755][170]LogModuleManager: Shutting down and abandoning module LogVisualizer (456)
[2018.07.05-13.47.18:797][170]LogModuleManager: Shutting down and abandoning module IntroTutorials (454)
[2018.07.05-13.47.18:826][170]LogModuleManager: Shutting down and abandoning module GameProjectGeneration (453)
[2018.07.05-13.47.18:854][170]LogModuleManager: Shutting down and abandoning module IOSPlatformEditor (450)
[2018.07.05-13.47.18:878][170]LogModuleManager: Shutting down and abandoning module HTML5PlatformEditor (448)
[2018.07.05-13.47.18:878][170]LogModuleManager: Shutting down and abandoning module AndroidPlatformEditor (446)
[2018.07.05-13.47.18:878][170]LogModuleManager: Shutting down and abandoning module AndroidDeviceDetection (445)
[2018.07.05-13.47.19:060][170]LogModuleManager: Shutting down and abandoning module WindowsPlatformEditor (442)
[2018.07.05-13.47.19:060][170]LogModuleManager: Shutting down and abandoning module IOSRuntimeSettings (440)
[2018.07.05-13.47.19:060][170]LogModuleManager: Shutting down and abandoning module AndroidRuntimeSettings (438)
[2018.07.05-13.47.19:060][170]LogModuleManager: Shutting down and abandoning module InputBindingEditor (436)
[2018.07.05-13.47.19:097][170]LogModuleManager: Shutting down and abandoning module MergeActors (434)
[2018.07.05-13.47.19:114][170]LogModuleManager: Shutting down and abandoning module SizeMap (432)
[2018.07.05-13.47.19:114][170]LogModuleManager: Shutting down and abandoning module TreeMap (430)
[2018.07.05-13.47.19:145][170]LogModuleManager: Shutting down and abandoning module ReferenceViewer (428)
[2018.07.05-13.47.19:151][170]LogModuleManager: Shutting down and abandoning module LocalizationDashboard (426)
[2018.07.05-13.47.19:218][170]LogModuleManager: Shutting down and abandoning module LocalizationService (425)
[2018.07.05-13.47.19:257][170]LogModuleManager: Shutting down and abandoning module HardwareTargeting (422)
[2018.07.05-13.47.19:257][170]LogModuleManager: Shutting down and abandoning module DeviceProfileEditor (420)
[2018.07.05-13.47.19:324][170]LogModuleManager: Shutting down and abandoning module UndoHistory (418)
[2018.07.05-13.47.19:351][170]LogModuleManager: Shutting down and abandoning module XmlParser (416)
[2018.07.05-13.47.19:405][170]LogModuleManager: Shutting down and abandoning module Blutility (414)
[2018.07.05-13.47.19:419][170]LogModuleManager: Shutting down and abandoning module ProjectSettingsViewer (412)
[2018.07.05-13.47.19:419][170]LogModuleManager: Shutting down and abandoning module ProjectTargetPlatformEditor (411)
[2018.07.05-13.47.19:421][170]LogModuleManager: Shutting down and abandoning module EditorSettingsViewer (408)
[2018.07.05-13.47.19:421][170]LogModuleManager: Shutting down and abandoning module SettingsEditor (406)
[2018.07.05-13.47.19:473][170]LogModuleManager: Shutting down and abandoning module ProjectLauncher (404)
[2018.07.05-13.47.19:490][170]LogModuleManager: Shutting down and abandoning module SessionFrontend (402)
[2018.07.05-13.47.19:508][170]LogModuleManager: Shutting down and abandoning module ProfilerClient (400)
[2018.07.05-13.47.19:526][170]LogModuleManager: Shutting down and abandoning module DeviceManager (398)
[2018.07.05-13.47.19:544][170]LogModuleManager: Shutting down and abandoning module TargetDeviceServices (397)
[2018.07.05-13.47.19:737][170]LogModuleManager: Shutting down and abandoning module AutomationController (394)
[2018.07.05-13.47.19:894][170]LogModuleManager: Shutting down and abandoning module AutomationWindow (392)
[2018.07.05-13.47.20:031][170]LogModuleManager: Shutting down and abandoning module Layers (390)
[2018.07.05-13.47.20:297][170]LogModuleManager: Shutting down and abandoning module ComponentVisualizers (388)
[2018.07.05-13.47.20:297][170]LogModuleManager: Shutting down and abandoning module DetailCustomizations (386)
[2018.07.05-13.47.20:411][170]LogModuleManager: Shutting down and abandoning module PackagesDialog (384)
[2018.07.05-13.47.20:411][170]LogModuleManager: Shutting down and abandoning module Persona (382)
[2018.07.05-13.47.20:495][170]LogModuleManager: Shutting down and abandoning module AdvancedPreviewScene (381)
[2018.07.05-13.47.20:495][170]LogModuleManager: Shutting down and abandoning module AnimGraph (379)
[2018.07.05-13.47.20:495][170]LogModuleManager: Shutting down and abandoning module Kismet (376)
[2018.07.05-13.47.20:609][170]LogModuleManager: Shutting down and abandoning module ClassViewer (374)
[2018.07.05-13.47.20:609][170]LogModuleManager: Shutting down and abandoning module Toolbox (372)
[2018.07.05-13.47.20:609][170]LogModuleManager: Shutting down and abandoning module ModuleUI (370)
[2018.07.05-13.47.20:650][170]LogModuleManager: Shutting down and abandoning module MovieSceneTools (368)
[2018.07.05-13.47.20:788][170]LogModuleManager: Shutting down and abandoning module OutputLog (366)
[2018.07.05-13.47.20:830][170]LogModuleManager: Shutting down and abandoning module GammaUI (364)
[2018.07.05-13.47.20:895][170]LogModuleManager: Shutting down and abandoning module Documentation (362)
[2018.07.05-13.47.20:999][170]LogModuleManager: Shutting down and abandoning module MovieSceneTracks (360)
[2018.07.05-13.47.20:999][170]LogModuleManager: Shutting down and abandoning module MovieScene (358)
[2018.07.05-13.47.20:999][170]LogModuleManager: Shutting down and abandoning module Niagara (356)
[2018.07.05-13.47.21:000][170]LogModuleManager: Shutting down and abandoning module NiagaraEditor (355)
[2018.07.05-13.47.21:260][170]LogModuleManager: Shutting down and abandoning module StreamingPauseRendering (352)
[2018.07.05-13.47.21:261][170]LogModuleManager: Shutting down and abandoning module LauncherPlatform (350)
[2018.07.05-13.47.21:261][170]LogModuleManager: Shutting down and abandoning module AnalyticsET (348)
[2018.07.05-13.47.21:262][170]LogModuleManager: Shutting down and abandoning module PortalServices (346)
[2018.07.05-13.47.21:262][170]LogModuleManager: Shutting down and abandoning module PortalRpc (344)
[2018.07.05-13.47.21:262][170]LogModuleManager: Shutting down and abandoning module MessagingRpc (342)
[2018.07.05-13.47.21:262][170]LogModuleManager: Shutting down and abandoning module AIModule (340)
[2018.07.05-13.47.21:262][170]LogModuleManager: Shutting down and abandoning module GameplayDebugger (339)
[2018.07.05-13.47.21:262][170]LogModuleManager: Shutting down and abandoning module AITestSuite (337)
[2018.07.05-13.47.21:291][170]LogModuleManager: Shutting down and abandoning module ProfilerService (334)
[2018.07.05-13.47.21:511][170]LogModuleManager: Shutting down and abandoning module TaskGraph (332)
[2018.07.05-13.47.23:935][170]LogModuleManager: Shutting down and abandoning module SteamVRController (330)
[2018.07.05-13.47.23:936][170]LogModuleManager: Shutting down and abandoning module ProceduralMeshComponentEditor (328)
[2018.07.05-13.47.23:936][170]LogModuleManager: Shutting down and abandoning module ProceduralMeshComponent (326)
[2018.07.05-13.47.23:936][170]LogModuleManager: Shutting down and abandoning module OculusInput (324)
[2018.07.05-13.47.24:267][170]LogModuleManager: Shutting down and abandoning module MobilePatchingUtils (322)
[2018.07.05-13.47.24:267][170]LogModuleManager: Shutting down and abandoning module CustomMeshComponent (320)
[2018.07.05-13.47.24:267][170]LogModuleManager: Shutting down and abandoning module CableComponent (318)
[2018.07.05-13.47.24:327][170]LogModuleManager: Shutting down and abandoning module ArchVisCharacter (316)
[2018.07.05-13.47.24:327][170]LogModuleManager: Shutting down and abandoning module AndroidPermission (314)
[2018.07.05-13.47.24:327][170]LogModuleManager: Shutting down and abandoning module MediaPlayerEditor (310)
[2018.07.05-13.47.24:398][170]LogModuleManager: Shutting down and abandoning module HTML5Networking (308)
[2018.07.05-13.47.24:398][170]LogModuleManager: Shutting down and abandoning module AlembicImporter (306)
[2018.07.05-13.47.24:422][170]LogModuleManager: Shutting down and abandoning module AlembicLibrary (305)
[2018.07.05-13.47.24:422][170]LogModuleManager: Shutting down and abandoning module GeometryCache (304)
[2018.07.05-13.47.24:422][170]LogModuleManager: Shutting down and abandoning module GeometryCacheEd (303)
[2018.07.05-13.47.24:422][170]LogModuleManager: Shutting down and abandoning module SpeedTreeImporter (298)
[2018.07.05-13.47.24:422][170]LogModuleManager: Shutting down and abandoning module PluginBrowser (296)
[2018.07.05-13.47.24:490][170]LogModuleManager: Shutting down and abandoning module MobileLauncherProfileWizard (294)
[2018.07.05-13.47.24:566][170]LogModuleManager: Shutting down and abandoning module VisualStudioSourceCodeAccess (292)
[2018.07.05-13.47.24:567][170]LogModuleManager: Shutting down and abandoning module DesktopPlatform (291)
[2018.07.05-13.47.24:597][170]LogModuleManager: Shutting down and abandoning module UObjectPlugin (288)
[2018.07.05-13.47.24:598][170]LogModuleManager: Shutting down and abandoning module SubversionSourceControl (286)
[2018.07.05-13.47.24:622][170]LogModuleManager: Shutting down and abandoning module PerforceSourceControl (284)
[2018.07.05-13.47.24:647][170]LogModuleManager: Shutting down and abandoning module GitSourceControl (282)
[2018.07.05-13.47.24:676][170]LogModuleManager: Shutting down and abandoning module SourceControl (281)
[2018.07.05-13.47.24:684][170]LogModuleManager: Shutting down and abandoning module LightPropagationVolumeEditor (278)
[2018.07.05-13.47.24:684][170]LogModuleManager: Shutting down and abandoning module PaperTiledImporter (276)
[2018.07.05-13.47.24:684][170]LogModuleManager: Shutting down and abandoning module PaperSpriteSheetImporter (274)
[2018.07.05-13.47.24:684][170]LogModuleManager: Shutting down and abandoning module Paper2DEditor (272)
[2018.07.05-13.47.24:710][170]LogModuleManager: Shutting down and abandoning module MeshPaint (271)
[2018.07.05-13.47.24:729][170]LogModuleManager: Shutting down and abandoning module LevelEditor (269)
[2018.07.05-13.47.24:753][170]LogModuleManager: Shutting down and abandoning module PixelInspectorModule (268)
[2018.07.05-13.47.24:778][170]LogModuleManager: Shutting down and abandoning module MainFrame (266)
[2018.07.05-13.47.24:779][170]LogModuleManager: Shutting down and abandoning module HotReload (265)
[2018.07.05-13.47.24:821][170]LogModuleManager: Shutting down and abandoning module RuntimePhysXCooking (260)
[2018.07.05-13.47.24:821][170]LogModuleManager: Shutting down and abandoning module PhysXVehiclesEditor (258)
[2018.07.05-13.47.24:821][170]LogModuleManager: Shutting down and abandoning module PhysXVehicles (256)
[2018.07.05-13.47.24:822][170]LogModuleManager: Shutting down and abandoning module OculusEditor (254)
[2018.07.05-13.47.24:822][170]LogModuleManager: Shutting down and abandoning module LocationServicesBPLibrary (252)
[2018.07.05-13.47.24:822][170]LogModuleManager: Shutting down and abandoning module ImmediatePhysicsEditor (250)
[2018.07.05-13.47.24:822][170]LogModuleManager: Shutting down and abandoning module ImmediatePhysics (248)
[2018.07.05-13.47.24:837][170]LogModuleManager: Shutting down and abandoning module UdpMessaging (246)
[2018.07.05-13.47.24:940][170]LogModuleManager: Shutting down and abandoning module TcpMessaging (244)
[2018.07.05-13.47.25:067][170]LogModuleManager: Shutting down and abandoning module GameplayTagsEditor (242)
[2018.07.05-13.47.25:130][170]LogModuleManager: Shutting down and abandoning module FacialAnimationEditor (240)
[2018.07.05-13.47.25:130][170]LogModuleManager: Shutting down and abandoning module FacialAnimation (238)
[2018.07.05-13.47.25:130][170]LogModuleManager: Shutting down and abandoning module AssetManagerEditor (236)
[2018.07.05-13.47.25:197][170]LogModuleManager: Shutting down and abandoning module GraphEditor (235)
[2018.07.05-13.47.25:198][170]LogModuleManager: Shutting down and abandoning module ContentBrowser (233)
[2018.07.05-13.47.25:202][170]LogModuleManager: Shutting down and abandoning module LightPropagationVolumeRuntime (230)
[2018.07.05-13.47.25:202][170]LogModuleManager: Shutting down and abandoning module Paper2D (228)
[2018.07.05-13.47.25:211][170]LogModuleManager: Shutting down and abandoning module WindowsMoviePlayer (226)
[2018.07.05-13.47.25:222][170]LogModuleManager: Shutting down and abandoning module WmfMedia (224)
[2018.07.05-13.47.25:262][170]LogModuleManager: Shutting down and abandoning module PacketHandler (222)
[2018.07.05-13.47.25:262][170]LogModuleManager: Shutting down and abandoning module ClothingSystemEditor (220)
[2018.07.05-13.47.25:274][170]LogModuleManager: Shutting down and abandoning module ClothingSystemRuntime (218)
[2018.07.05-13.47.25:320][170]LogModuleManager: Shutting down and abandoning module Overlay (216)
[2018.07.05-13.47.25:320][170]LogModuleManager: Shutting down and abandoning module OverlayEditor (215)
[2018.07.05-13.47.25:320][170]LogModuleManager: Shutting down and abandoning module MediaAssets (212)
[2018.07.05-13.47.25:320][170]LogModuleManager: Shutting down and abandoning module VREditor (210)
[2018.07.05-13.47.25:395][170]LogModuleManager: Shutting down and abandoning module StringTableEditor (208)
[2018.07.05-13.47.25:412][170]LogModuleManager: Shutting down and abandoning module GameplayTasksEditor (206)
[2018.07.05-13.47.25:412][170]LogModuleManager: Shutting down and abandoning module BehaviorTreeEditor (204)
[2018.07.05-13.47.25:521][170]LogModuleManager: Shutting down and abandoning module FunctionalTesting (202)
[2018.07.05-13.47.25:521][170]LogModuleManager: Shutting down and abandoning module CollisionAnalyzer (200)
[2018.07.05-13.47.25:539][170]LogModuleManager: Shutting down and abandoning module WorkspaceMenuStructure (199)
[2018.07.05-13.47.25:560][170]LogModuleManager: Shutting down and abandoning module UMG (196)
[2018.07.05-13.47.25:588][170]LogModuleManager: Shutting down and abandoning module UMGEditor (195)
[2018.07.05-13.47.25:647][170]LogModuleManager: Shutting down and abandoning module Sequencer (194)
[2018.07.05-13.47.25:671][170]LogModuleManager: Shutting down and abandoning module MessageLog (191)
[2018.07.05-13.47.25:673][170]LogModuleManager: Shutting down and abandoning module SlateReflector (186)
[2018.07.05-13.47.25:746][170]LogModuleManager: Shutting down and abandoning module Slate (184)
[2018.07.05-13.47.25:746][170]LogModuleManager: Shutting down and abandoning module EditorStyle (182)
[2018.07.05-13.47.25:753][170]LogModuleManager: Shutting down and abandoning module MRMesh (180)
[2018.07.05-13.47.25:753][170]LogModuleManager: Shutting down and abandoning module SourceCodeAccess (178)
[2018.07.05-13.47.25:753][170]LogModuleManager: Shutting down and abandoning module HeadMountedDisplay (176)
[2018.07.05-13.47.25:753][170]LogModuleManager: Shutting down and abandoning module XAudio2 (174)
[2018.07.05-13.47.25:753][170]LogModuleManager: Shutting down and abandoning module Networking (172)
[2018.07.05-13.47.25:754][170]LogModuleManager: Shutting down and abandoning module Core (168)
[2018.07.05-13.47.25:754][170]LogModuleManager: Shutting down and abandoning module KismetCompiler (164)
[2018.07.05-13.47.25:754][170]LogModuleManager: Shutting down and abandoning module LevelSequence (162)
[2018.07.05-13.47.25:754][170]LogModuleManager: Shutting down and abandoning module MeshUtilities (160)
[2018.07.05-13.47.25:780][170]LogModuleManager: Shutting down and abandoning module MeshMergeUtilities (159)
[2018.07.05-13.47.25:793][170]LogModuleManager: Shutting down and abandoning module MeshReductionInterface (158)
[2018.07.05-13.47.25:793][170]LogModuleManager: Shutting down and abandoning module SimplygonSwarm (157)
[2018.07.05-13.47.25:802][170]LogModuleManager: Shutting down and abandoning module SimplygonMeshReduction (155)
[2018.07.05-13.47.25:802][170]LogModuleManager: Shutting down and abandoning module QuadricMeshReduction (153)
[2018.07.05-13.47.25:826][170]LogModuleManager: Shutting down and abandoning module MaterialBaking (149)
[2018.07.05-13.47.25:833][170]LogModuleManager: Shutting down and abandoning module DirectoryWatcher (146)
[2018.07.05-13.47.25:845][170]LogModuleManager: Shutting down and abandoning module DerivedDataCache (144)
[2018.07.05-13.47.25:932][170]LogDerivedDataCache: Shutdown
[2018.07.05-13.47.25:982][170]LogModuleManager: Shutting down and abandoning module TargetPlatform (142)
[2018.07.05-13.47.25:982][170]LogModuleManager: Shutting down and abandoning module VulkanShaderFormat (141)
[2018.07.05-13.47.26:077][170]LogModuleManager: Shutting down and abandoning module ShaderFormatVectorVM (139)
[2018.07.05-13.47.26:129][170]LogModuleManager: Shutting down and abandoning module ShaderFormatOpenGL (137)
[2018.07.05-13.47.26:169][170]LogModuleManager: Shutting down and abandoning module ShaderFormatD3D (135)
[2018.07.05-13.47.26:231][170]LogModuleManager: Shutting down and abandoning module MetalShaderFormat (133)
[2018.07.05-13.47.26:355][170]LogModuleManager: Shutting down and abandoning module TextureFormatUncompressed (131)
[2018.07.05-13.47.26:355][170]LogModuleManager: Shutting down and abandoning module TextureFormatPVR (129)
[2018.07.05-13.47.26:355][170]LogModuleManager: Shutting down and abandoning module TextureFormatDXT (127)
[2018.07.05-13.47.26:447][170]LogModuleManager: Shutting down and abandoning module TextureFormatIntelISPCTexComp (125)
[2018.07.05-13.47.26:554][170]LogModuleManager: Shutting down and abandoning module TextureFormatASTC (123)
[2018.07.05-13.47.26:554][170]LogModuleManager: Shutting down and abandoning module ImageWrapper (122)
[2018.07.05-13.47.26:555][170]LogModuleManager: Shutting down and abandoning module TextureFormatAndroid (119)
[2018.07.05-13.47.26:555][170]LogModuleManager: Shutting down and abandoning module AudioFormatOpus (117)
[2018.07.05-13.47.26:555][170]LogModuleManager: Shutting down and abandoning module AudioFormatOgg (115)
[2018.07.05-13.47.26:555][170]LogModuleManager: Shutting down and abandoning module AudioFormatADPCM (113)
[2018.07.05-13.47.26:555][170]LogModuleManager: Shutting down and abandoning module LinuxTargetPlatform (111)
[2018.07.05-13.47.26:555][170]LogModuleManager: Shutting down and abandoning module LinuxServerTargetPlatform (109)
[2018.07.05-13.47.26:555][170]LogModuleManager: Shutting down and abandoning module LinuxNoEditorTargetPlatform (107)
[2018.07.05-13.47.26:556][170]LogModuleManager: Shutting down and abandoning module LinuxClientTargetPlatform (105)
[2018.07.05-13.47.26:556][170]LogModuleManager: Shutting down and abandoning module TVOSTargetPlatform (103)
[2018.07.05-13.47.26:556][170]LogModuleManager: Shutting down and abandoning module Messaging (101)
[2018.07.05-13.47.26:556][170]LogModuleManager: Shutting down and abandoning module IOSTargetPlatform (99)
[2018.07.05-13.47.26:556][170]LogModuleManager: Shutting down and abandoning module HTML5TargetPlatform (97)
[2018.07.05-13.47.26:556][170]LogModuleManager: Shutting down and abandoning module Android_PVRTCTargetPlatform (95)
[2018.07.05-13.47.26:556][170]LogModuleManager: Shutting down and abandoning module Android_MultiTargetPlatform (93)
[2018.07.05-13.47.26:556][170]LogModuleManager: Shutting down and abandoning module Android_ETC2TargetPlatform (91)
[2018.07.05-13.47.26:556][170]LogModuleManager: Shutting down and abandoning module Android_ETC1TargetPlatform (89)
[2018.07.05-13.47.26:556][170]LogModuleManager: Shutting down and abandoning module Android_DXTTargetPlatform (87)
[2018.07.05-13.47.26:557][170]LogModuleManager: Shutting down and abandoning module Android_ATCTargetPlatform (85)
[2018.07.05-13.47.26:557][170]LogModuleManager: Shutting down and abandoning module Android_ASTCTargetPlatform (83)
[2018.07.05-13.47.26:557][170]LogModuleManager: Shutting down and abandoning module AndroidTargetPlatform (81)
[2018.07.05-13.47.26:557][170]LogModuleManager: Shutting down and abandoning module WindowsTargetPlatform (79)
[2018.07.05-13.47.26:557][170]LogModuleManager: Shutting down and abandoning module WindowsServerTargetPlatform (77)
[2018.07.05-13.47.26:557][170]LogModuleManager: Shutting down and abandoning module WindowsNoEditorTargetPlatform (75)
[2018.07.05-13.47.26:557][170]LogModuleManager: Shutting down and abandoning module WindowsClientTargetPlatform (73)
[2018.07.05-13.47.26:557][170]LogModuleManager: Shutting down and abandoning module MacTargetPlatform (71)
[2018.07.05-13.47.26:557][170]LogModuleManager: Shutting down and abandoning module MacServerTargetPlatform (69)
[2018.07.05-13.47.26:557][170]LogModuleManager: Shutting down and abandoning module MacNoEditorTargetPlatform (67)
[2018.07.05-13.47.26:557][170]LogModuleManager: Shutting down and abandoning module MacClientTargetPlatform (65)
[2018.07.05-13.47.26:557][170]LogModuleManager: Shutting down and abandoning module AllDesktopTargetPlatform (63)
[2018.07.05-13.47.26:557][170]LogModuleManager: Shutting down and abandoning module InputCore (60)
[2018.07.05-13.47.26:557][170]LogModuleManager: Shutting down and abandoning module Settings (58)
[2018.07.05-13.47.26:558][170]LogModuleManager: Shutting down and abandoning module PhysXCooking (56)
[2018.07.05-13.47.26:558][170]LogModuleManager: Shutting down and abandoning module SteamVR (54)
[2018.07.05-13.47.26:558][170]LogModuleManager: Shutting down and abandoning module OculusHMD (52)
[2018.07.05-13.47.26:599][170]LogModuleManager: Shutting down and abandoning module ExampleDeviceProfileSelector (50)
[2018.07.05-13.47.26:600][170]LogModuleManager: Shutting down and abandoning module OnlineBlueprintSupport (48)
[2018.07.05-13.47.26:600][170]LogModuleManager: Shutting down and abandoning module OnlineSubsystem (44)
[2018.07.05-13.47.26:600][170]LogOnline: Display: Unloading online subsystem: NULL
[2018.07.05-13.47.26:800][170]LogModuleManager: Shutting down and abandoning module XMPP (43)
[2018.07.05-13.47.26:872][170]LogModuleManager: Shutting down and abandoning module HTTP (41)
[2018.07.05-13.47.26:872][170]LogHttp: Display: Http module shutting down, but needs to wait on 1 outstanding Http requests:
[2018.07.05-13.47.26:922][170]LogHttp: Display: 	verb=[POST] url=[https://datarouter.ol.epicgames.com/datarouter/api/v1/public/data?SessionID=%7B5D53F811-48F8-75B3-68D6-45A3F0E62CC6%7D&AppID=UEEditor.Rocket.Release&AppVersion=4.17.2-3658906%2B%2B%2BUE4%2BRelease-4.17&UserID=543d467c4424f055ada612a4e4a7973a%7Cbc011444d2864bdf9695488c55616eb7%7Cfc0836ed-f7bc-4f31-a175-fafc700928d7&AppEnvironment=datacollector-binary&UploadType=eteventstream] status=Processing
[2018.07.05-13.47.26:933][170]LogModuleManager: Shutting down and abandoning module SSL (40)
[2018.07.05-13.47.27:007][170]LogModuleManager: Shutting down and abandoning module AnimationModifiers (36)
[2018.07.05-13.47.27:120][170]LogModuleManager: Shutting down and abandoning module PropertyEditor (35)
[2018.07.05-13.47.27:257][170]LogModuleManager: Shutting down and abandoning module AudioEditor (32)
[2018.07.05-13.47.27:408][170]LogModuleManager: Shutting down and abandoning module TextureCompressor (30)
[2018.07.05-13.47.27:463][170]LogModuleManager: Shutting down and abandoning module ShaderCore (28)
[2018.07.05-13.47.27:463][170]LogModuleManager: Shutting down and abandoning module Landscape (26)
[2018.07.05-13.47.27:463][170]LogModuleManager: Shutting down and abandoning module SlateRHIRenderer (24)
[2018.07.05-13.47.27:593][170]LogModuleManager: Shutting down and abandoning module OpenGLDrv (22)
[2018.07.05-13.47.27:630][170]LogModuleManager: Shutting down and abandoning module D3D11RHI (20)
[2018.07.05-13.47.27:630][170]LogModuleManager: Shutting down and abandoning module AnimGraphRuntime (18)
[2018.07.05-13.47.27:665][170]LogModuleManager: Shutting down and abandoning module Renderer (16)
[2018.07.05-13.47.27:665][170]LogModuleManager: Shutting down and abandoning module Engine (14)
[2018.07.05-13.47.27:665][170]LogModuleManager: Shutting down and abandoning module CoreUObject (12)
[2018.07.05-13.47.27:665][170]LogModuleManager: Shutting down and abandoning module NetworkFile (10)
[2018.07.05-13.47.27:682][170]LogModuleManager: Shutting down and abandoning module CookedIterativeFile (8)
[2018.07.05-13.47.27:682][170]LogModuleManager: Shutting down and abandoning module StreamingFile (6)
[2018.07.05-13.47.27:702][170]LogModuleManager: Shutting down and abandoning module SandboxFile (4)
[2018.07.05-13.47.27:730][170]LogModuleManager: Shutting down and abandoning module PakFile (2)
[2018.07.05-13.47.28:030][170]LogExit: Exiting.
[2018.07.05-13.47.28:111][170]Log file closed, 07/05/18 14:47:28
